\BOOKMARK [0][-]{section*.1}{\376\377\000G\000l\000o\000s\000s\000a\000r\000y}{}% 1
\BOOKMARK [-1][-]{part.1}{\376\377\000I\000\040\000B\000e\000g\000i\000n\000n\000e\000r\000'\000s\000\040\000G\000u\000i\000d\000e}{}% 2
\BOOKMARK [0][-]{chapter.1}{\376\377\000G\000e\000t\000t\000i\000n\000g\000\040\000S\000t\000a\000r\000t\000e\000d}{part.1}% 3
\BOOKMARK [1][-]{section.1.1}{\376\377\000L\000o\000g\000g\000i\000n\000g\000\040\000i\000n}{chapter.1}% 4
\BOOKMARK [1][-]{section.1.2}{\376\377\000G\000e\000t\000t\000i\000n\000g\000\040\000h\000e\000l\000p}{chapter.1}% 5
\BOOKMARK [2][-]{subsection.1.2.1}{\376\377\000E\000r\000r\000o\000r\000s}{section.1.2}% 6
\BOOKMARK [1][-]{section.1.3}{\376\377\000B\000a\000s\000i\000c\000\040\000t\000e\000r\000m\000i\000n\000a\000l\000\040\000u\000s\000a\000g\000e}{chapter.1}% 7
\BOOKMARK [2][-]{subsection.1.3.1}{\376\377\000C\000o\000m\000m\000a\000n\000d\000\040\000h\000i\000s\000t\000o\000r\000y}{section.1.3}% 8
\BOOKMARK [2][-]{subsection.1.3.2}{\376\377\000S\000t\000o\000p\000p\000i\000n\000g\000\040\000c\000o\000m\000m\000a\000n\000d\000s}{section.1.3}% 9
\BOOKMARK [1][-]{section.1.4}{\376\377\000V\000a\000r\000i\000a\000b\000l\000e\000s}{chapter.1}% 10
\BOOKMARK [2][-]{subsection.1.4.1}{\376\377\000D\000e\000f\000i\000n\000i\000n\000g\000\040\000v\000a\000r\000i\000a\000b\000l\000e\000s}{section.1.4}% 11
\BOOKMARK [2][-]{subsection.1.4.2}{\376\377\000U\000s\000i\000n\000g\000\040\000n\000o\000n\000-\000d\000e\000f\000i\000n\000e\000d\000\040\000v\000a\000r\000i\000a\000b\000l\000e\000s}{section.1.4}% 12
\BOOKMARK [2][-]{subsection.1.4.3}{\376\377\000R\000e\000s\000t\000o\000r\000i\000n\000g\000\040\000y\000o\000u\000r\000\040\000d\000e\000f\000a\000u\000l\000t\000\040\000e\000n\000v\000i\000r\000o\000n\000m\000e\000n\000t}{section.1.4}% 13
\BOOKMARK [1][-]{section.1.5}{\376\377\000B\000a\000s\000i\000c\000\040\000s\000y\000s\000t\000e\000m\000\040\000i\000n\000f\000o\000r\000m\000a\000t\000i\000o\000n}{chapter.1}% 14
\BOOKMARK [1][-]{section.1.6}{\376\377\000E\000x\000e\000r\000c\000i\000s\000e\000s}{chapter.1}% 15
\BOOKMARK [0][-]{chapter.2}{\376\377\000N\000a\000v\000i\000g\000a\000t\000i\000n\000g}{part.1}% 16
\BOOKMARK [1][-]{section.2.1}{\376\377\000C\000u\000r\000r\000e\000n\000t\000\040\000d\000i\000r\000e\000c\000t\000o\000r\000y\000:\000\040\000`\000`\000p\000w\000d\000'\000'\000\040\000a\000n\000d\000\040\000`\000`\000\044\000P\000W\000D\000'\000'}{chapter.2}% 17
\BOOKMARK [1][-]{section.2.2}{\376\377\000L\000i\000s\000t\000i\000n\000g\000\040\000f\000i\000l\000e\000s\000\040\000a\000n\000d\000\040\000d\000i\000r\000e\000c\000t\000o\000r\000i\000e\000s\000:\000\040\000`\000`\000l\000s\000'\000'}{chapter.2}% 18
\BOOKMARK [1][-]{section.2.3}{\376\377\000C\000h\000a\000n\000g\000i\000n\000g\000\040\000d\000i\000r\000e\000c\000t\000o\000r\000y\000:\000\040\000`\000`\000c\000d\000'\000'}{chapter.2}% 19
\BOOKMARK [1][-]{section.2.4}{\376\377\000I\000n\000s\000p\000e\000c\000t\000i\000n\000g\000\040\000f\000i\000l\000e\000\040\000t\000y\000p\000e\000:\000\040\000`\000`\000f\000i\000l\000e\000'\000'}{chapter.2}% 20
\BOOKMARK [1][-]{section.2.5}{\376\377\000A\000b\000s\000o\000l\000u\000t\000e\000\040\000v\000s\000\040\000r\000e\000l\000a\000t\000i\000v\000e\000\040\000f\000i\000l\000e\000\040\000p\000a\000t\000h\000s}{chapter.2}% 21
\BOOKMARK [1][-]{section.2.6}{\376\377\000P\000e\000r\000m\000i\000s\000s\000i\000o\000n\000s}{chapter.2}% 22
\BOOKMARK [1][-]{section.2.7}{\376\377\000F\000i\000n\000d\000i\000n\000g\000\040\000f\000i\000l\000e\000s\000/\000d\000i\000r\000e\000c\000t\000o\000r\000i\000e\000s\000:\000\040\000`\000`\000f\000i\000n\000d\000'\000'}{chapter.2}% 23
\BOOKMARK [1][-]{section.2.8}{\376\377\000E\000x\000e\000r\000c\000i\000s\000e\000s}{chapter.2}% 24
\BOOKMARK [0][-]{chapter.3}{\376\377\000M\000a\000n\000i\000p\000u\000l\000a\000t\000i\000n\000g\000\040\000f\000i\000l\000e\000s\000\040\000a\000n\000d\000\040\000d\000i\000r\000e\000c\000t\000o\000r\000i\000e\000s}{part.1}% 25
\BOOKMARK [1][-]{section.3.1}{\376\377\000F\000i\000l\000e\000\040\000c\000o\000n\000t\000e\000n\000t\000s\000:\000\040\000`\000`\000c\000a\000t\000'\000'\000,\000\040\000`\000`\000h\000e\000a\000d\000'\000'\000,\000\040\000`\000`\000t\000a\000i\000l\000'\000'\000,\000\040\000`\000`\000l\000e\000s\000s\000'\000'\000,\000\040\000`\000`\000m\000o\000r\000e\000'\000'}{chapter.3}% 26
\BOOKMARK [1][-]{section.3.2}{\376\377\000C\000o\000p\000y\000i\000n\000g\000\040\000f\000i\000l\000e\000s\000:\000\040\000`\000`\000c\000p\000'\000'}{chapter.3}% 27
\BOOKMARK [1][-]{section.3.3}{\376\377\000C\000r\000e\000a\000t\000i\000n\000g\000\040\000d\000i\000r\000e\000c\000t\000o\000r\000i\000e\000s\000:\000\040\000`\000`\000m\000k\000d\000i\000r\000'\000'}{chapter.3}% 28
\BOOKMARK [1][-]{section.3.4}{\376\377\000R\000e\000n\000a\000m\000i\000n\000g\000/\000m\000o\000v\000i\000n\000g\000\040\000f\000i\000l\000e\000s\000:\000\040\000`\000`\000m\000v\000'\000'}{chapter.3}% 29
\BOOKMARK [1][-]{section.3.5}{\376\377\000R\000e\000m\000o\000v\000i\000n\000g\000\040\000f\000i\000l\000e\000s\000:\000\040\000`\000`\000r\000m\000'\000'}{chapter.3}% 30
\BOOKMARK [1][-]{section.3.6}{\376\377\000C\000h\000a\000n\000g\000i\000n\000g\000\040\000p\000e\000r\000m\000i\000s\000s\000i\000o\000n\000s\000:\000\040\000`\000`\000c\000h\000m\000o\000d\000'\000'}{chapter.3}% 31
\BOOKMARK [2][-]{subsection.3.6.1}{\376\377\000A\000c\000c\000e\000s\000s\000\040\000c\000o\000n\000t\000r\000o\000l\000\040\000l\000i\000s\000t\000s\000\040\000\050\000A\000C\000L\000s\000\051}{section.3.6}% 32
\BOOKMARK [1][-]{section.3.7}{\376\377\000Z\000i\000p\000p\000i\000n\000g\000:\000\040\000`\000`\000g\000z\000i\000p\000'\000'\000/\000`\000`\000g\000u\000n\000z\000i\000p\000'\000'\000,\000\040\000`\000`\000z\000i\000p\000'\000'\000/\000`\000`\000u\000n\000z\000i\000p\000'\000'}{chapter.3}% 33
\BOOKMARK [2][-]{subsection.3.7.1}{\376\377\000`\000`\000z\000i\000p\000'\000'\000\040\000a\000n\000d\000\040\000`\000`\000u\000n\000z\000i\000p\000'\000'}{section.3.7}% 34
\BOOKMARK [1][-]{section.3.8}{\376\377\000W\000o\000r\000k\000i\000n\000g\000\040\000w\000i\000t\000h\000\040\000t\000a\000r\000b\000a\000l\000l\000s\000:\000\040\000`\000`\000t\000a\000r\000'\000'}{chapter.3}% 35
\BOOKMARK [2][-]{subsection.3.8.1}{\376\377\000O\000r\000d\000e\000r\000\040\000o\000f\000\040\000a\000r\000g\000u\000m\000e\000n\000t\000s}{section.3.8}% 36
\BOOKMARK [1][-]{section.3.9}{\376\377\000E\000x\000e\000r\000c\000i\000s\000e\000s}{chapter.3}% 37
\BOOKMARK [0][-]{chapter.4}{\376\377\000U\000p\000l\000o\000a\000d\000i\000n\000g\000/\000d\000o\000w\000n\000l\000o\000a\000d\000i\000n\000g\000/\000e\000d\000i\000t\000i\000n\000g\000\040\000f\000i\000l\000e\000s}{part.1}% 38
\BOOKMARK [1][-]{section.4.1}{\376\377\000U\000p\000l\000o\000a\000d\000i\000n\000g\000/\000d\000o\000w\000n\000l\000o\000a\000d\000i\000n\000g\000\040\000f\000i\000l\000e\000s}{chapter.4}% 39
\BOOKMARK [2][-]{subsection.4.1.1}{\376\377\000d\000o\000s\0002\000u\000n\000i\000x}{section.4.1}% 40
\BOOKMARK [1][-]{section.4.2}{\376\377\000S\000y\000m\000l\000i\000n\000k\000s\000\040\000f\000o\000r\000\040\000d\000a\000t\000a\000/\000s\000c\000r\000a\000t\000c\000h}{chapter.4}% 41
\BOOKMARK [1][-]{section.4.3}{\376\377\000E\000d\000i\000t\000i\000n\000g\000\040\000w\000i\000t\000h\000\040\000n\000a\000n\000o}{chapter.4}% 42
\BOOKMARK [1][-]{section.4.4}{\376\377\000C\000o\000p\000y\000i\000n\000g\000\040\000f\000a\000s\000t\000e\000r\000\040\000w\000i\000t\000h\000\040\000r\000s\000y\000n\000c}{chapter.4}% 43
\BOOKMARK [1][-]{section.4.5}{\376\377\000E\000x\000e\000r\000c\000i\000s\000e\000s}{chapter.4}% 44
\BOOKMARK [0][-]{chapter.5}{\376\377\000B\000e\000y\000o\000n\000d\000\040\000t\000h\000e\000\040\000b\000a\000s\000i\000c\000s}{part.1}% 45
\BOOKMARK [1][-]{section.5.1}{\376\377\000I\000n\000p\000u\000t\000/\000o\000u\000t\000p\000u\000t}{chapter.5}% 46
\BOOKMARK [2][-]{subsection.5.1.1}{\376\377\000R\000e\000d\000i\000r\000e\000c\000t\000i\000n\000g\000\040\000s\000t\000d\000o\000u\000t}{section.5.1}% 47
\BOOKMARK [2][-]{subsection.5.1.2}{\376\377\000R\000e\000a\000d\000i\000n\000g\000\040\000f\000r\000o\000m\000\040\000s\000t\000d\000i\000n}{section.5.1}% 48
\BOOKMARK [2][-]{subsection.5.1.3}{\376\377\000R\000e\000d\000i\000r\000e\000c\000t\000i\000n\000g\000\040\000s\000t\000d\000e\000r\000r}{section.5.1}% 49
\BOOKMARK [2][-]{subsection.5.1.4}{\376\377\000C\000o\000m\000b\000i\000n\000i\000n\000g\000\040\000s\000t\000d\000o\000u\000t\000\040\000a\000n\000d\000\040\000s\000t\000d\000e\000r\000r}{section.5.1}% 50
\BOOKMARK [1][-]{section.5.2}{\376\377\000C\000o\000m\000m\000a\000n\000d\000\040\000p\000i\000p\000i\000n\000g}{chapter.5}% 51
\BOOKMARK [1][-]{section.5.3}{\376\377\000S\000h\000e\000l\000l\000\040\000e\000x\000p\000a\000n\000s\000i\000o\000n}{chapter.5}% 52
\BOOKMARK [1][-]{section.5.4}{\376\377\000P\000r\000o\000c\000e\000s\000s\000\040\000i\000n\000f\000o\000r\000m\000a\000t\000i\000o\000n}{chapter.5}% 53
\BOOKMARK [2][-]{subsection.5.4.1}{\376\377\000p\000s\000\040\000a\000n\000d\000\040\000p\000s\000t\000r\000e\000e}{section.5.4}% 54
\BOOKMARK [2][-]{subsection.5.4.2}{\376\377\000k\000i\000l\000l}{section.5.4}% 55
\BOOKMARK [2][-]{subsection.5.4.3}{\376\377\000t\000o\000p}{section.5.4}% 56
\BOOKMARK [2][-]{subsection.5.4.4}{\376\377\000u\000l\000i\000m\000i\000t}{section.5.4}% 57
\BOOKMARK [1][-]{section.5.5}{\376\377\000C\000o\000u\000n\000t\000i\000n\000g\000:\000\040\000w\000c}{chapter.5}% 58
\BOOKMARK [1][-]{section.5.6}{\376\377\000S\000e\000a\000r\000c\000h\000i\000n\000g\000\040\000f\000i\000l\000e\000\040\000c\000o\000n\000t\000e\000n\000t\000s\000:\000\040\000g\000r\000e\000p}{chapter.5}% 59
\BOOKMARK [1][-]{section.5.7}{\376\377\000c\000u\000t}{chapter.5}% 60
\BOOKMARK [1][-]{section.5.8}{\376\377\000s\000e\000d}{chapter.5}% 61
\BOOKMARK [1][-]{section.5.9}{\376\377\000a\000w\000k}{chapter.5}% 62
\BOOKMARK [1][-]{section.5.10}{\376\377\000B\000a\000s\000i\000c\000\040\000S\000h\000e\000l\000l\000\040\000S\000c\000r\000i\000p\000t\000i\000n\000g}{chapter.5}% 63
\BOOKMARK [2][-]{subsection.5.10.1}{\376\377\000S\000h\000e\000b\000a\000n\000g}{section.5.10}% 64
\BOOKMARK [2][-]{subsection.5.10.2}{\376\377\000C\000o\000n\000d\000i\000t\000i\000o\000n\000a\000l\000s}{section.5.10}% 65
\BOOKMARK [2][-]{subsection.5.10.3}{\376\377\000L\000o\000o\000p\000s}{section.5.10}% 66
\BOOKMARK [2][-]{subsection.5.10.4}{\376\377\000S\000u\000b\000c\000o\000m\000m\000a\000n\000d\000s}{section.5.10}% 67
\BOOKMARK [2][-]{subsection.5.10.5}{\376\377\000E\000r\000r\000o\000r\000s}{section.5.10}% 68
\BOOKMARK [1][-]{section.5.11}{\376\377\000.\000b\000a\000s\000h\000r\000c\000\040\000l\000o\000g\000i\000n\000\040\000s\000c\000r\000i\000p\000t}{chapter.5}% 69
\BOOKMARK [1][-]{section.5.12}{\376\377\000S\000c\000r\000i\000p\000t\000i\000n\000g\000\040\000f\000o\000r\000\040\000t\000h\000e\000\040\000c\000l\000u\000s\000t\000e\000r}{chapter.5}% 70
\BOOKMARK [2][-]{subsection.5.12.1}{\376\377\000E\000x\000a\000m\000p\000l\000e\000\040\000j\000o\000b\000\040\000s\000c\000r\000i\000p\000t}{section.5.12}% 71
\BOOKMARK [2][-]{subsection.5.12.2}{\376\377\000P\000B\000S\000\040\000p\000r\000a\000g\000m\000a\000s}{section.5.12}% 72
\BOOKMARK [1][-]{section.5.13}{\376\377\000E\000x\000e\000r\000c\000i\000s\000e\000s}{chapter.5}% 73
\BOOKMARK [0][-]{chapter.6}{\376\377\000C\000o\000m\000m\000o\000n\000\040\000P\000i\000t\000f\000a\000l\000l\000s}{part.1}% 74
\BOOKMARK [1][-]{subsection.6.0.1}{\376\377\000F\000i\000l\000e\000s}{chapter.6}% 75
\BOOKMARK [2][-]{subsection.6.0.2}{\376\377\000H\000e\000l\000p}{subsection.6.0.1}% 76
\BOOKMARK [0][-]{chapter.7}{\376\377\000M\000o\000r\000e\000\040\000i\000n\000f\000o\000r\000m\000a\000t\000i\000o\000n}{part.1}% 77
\BOOKMARK [0][-]{chapter.8}{\376\377\000Q\000\040\000\046\000\040\000A}{part.1}% 78
\BOOKMARK [0][-]{chapter.9}{\376\377\000M\000o\000r\000e\000\040\000o\000n\000\040\000t\000h\000e\000\040\000H\000P\000C\000\040\000i\000n\000f\000r\000a\000s\000t\000r\000u\000c\000t\000u\000r\000e}{part.1}% 79
\BOOKMARK [1][-]{section.9.1}{\376\377\000F\000i\000l\000e\000s\000y\000s\000t\000e\000m\000s}{chapter.9}% 80
\BOOKMARK [2][-]{subsection.9.1.1}{\376\377\000Q\000u\000o\000t\000a}{section.9.1}% 81
\BOOKMARK [1][-]{section.9.2}{\376\377\000M\000o\000d\000u\000l\000e\000s}{chapter.9}% 82
\BOOKMARK [1][-]{section.9.3}{\376\377\000U\000s\000i\000n\000g\000\040\000t\000h\000e\000\040\000c\000l\000u\000s\000t\000e\000r\000s}{chapter.9}% 83
\BOOKMARK [1][-]{section.9.4}{\376\377\000E\000x\000e\000r\000c\000i\000s\000e\000s}{chapter.9}% 84
