\BOOKMARK [0][-]{section*.1}{\376\377\000G\000l\000o\000s\000s\000a\000r\000y}{}% 1
\BOOKMARK [-1][-]{part.1}{\376\377\000I\000\040\000B\000e\000g\000i\000n\000n\000e\000r\000'\000s\000\040\000G\000u\000i\000d\000e}{}% 2
\BOOKMARK [0][-]{chapter.1}{\376\377\000I\000n\000t\000r\000o\000d\000u\000c\000t\000i\000o\000n\000\040\000t\000o\000\040\000H\000P\000C}{part.1}% 3
\BOOKMARK [1][-]{section.1.1}{\376\377\000W\000h\000a\000t\000\040\000i\000s\000\040\000H\000P\000C\000?}{chapter.1}% 4
\BOOKMARK [1][-]{section.1.2}{\376\377\000W\000h\000a\000t\000\040\000i\000s\000\040\000t\000h\000e\000\040\000U\000G\000e\000n\000t\000-\000H\000P\000C\000?}{chapter.1}% 5
\BOOKMARK [1][-]{section.1.3}{\376\377\000W\000h\000a\000t\000\040\000t\000h\000e\000\040\000H\000P\000C\000\040\000i\000n\000f\000r\000a\000s\000t\000u\000c\000t\000u\000r\000e\000\040\000i\000s\000\040\000n\000o\000t}{chapter.1}% 6
\BOOKMARK [1][-]{section.1.4}{\376\377\000I\000s\000\040\000t\000h\000e\000\040\000H\000P\000C\000\040\000a\000\040\000s\000o\000l\000u\000t\000i\000o\000n\000\040\000f\000o\000r\000\040\000m\000y\000\040\000c\000o\000m\000p\000u\000t\000a\000t\000i\000o\000n\000a\000l\000\040\000n\000e\000e\000d\000s\000?}{chapter.1}% 7
\BOOKMARK [2][-]{subsection.1.4.1}{\376\377\000B\000a\000t\000c\000h\000\040\000o\000r\000\040\000i\000n\000t\000e\000r\000a\000c\000t\000i\000v\000e\000\040\000m\000o\000d\000e\000?}{section.1.4}% 8
\BOOKMARK [2][-]{subsection.1.4.2}{\376\377\000W\000h\000a\000t\000\040\000a\000r\000e\000\040\000c\000o\000r\000e\000s\000,\000\040\000p\000r\000o\000c\000e\000s\000s\000o\000r\000s\000\040\000a\000n\000d\000\040\000n\000o\000d\000e\000s\000?}{section.1.4}% 9
\BOOKMARK [2][-]{subsection.1.4.3}{\376\377\000P\000a\000r\000a\000l\000l\000e\000l\000\040\000o\000r\000\040\000s\000e\000q\000u\000e\000n\000t\000i\000a\000l\000\040\000p\000r\000o\000g\000r\000a\000m\000s\000?}{section.1.4}% 10
\BOOKMARK [2][-]{subsection.1.4.4}{\376\377\000W\000h\000a\000t\000\040\000p\000r\000o\000g\000r\000a\000m\000m\000i\000n\000g\000\040\000l\000a\000n\000g\000u\000a\000g\000e\000s\000\040\000c\000a\000n\000\040\000I\000\040\000u\000s\000e\000?}{section.1.4}% 11
\BOOKMARK [2][-]{subsection.1.4.5}{\376\377\000W\000h\000a\000t\000\040\000o\000p\000e\000r\000a\000t\000i\000n\000g\000\040\000s\000y\000s\000t\000e\000m\000s\000\040\000c\000a\000n\000\040\000I\000\040\000u\000s\000e\000?}{section.1.4}% 12
\BOOKMARK [2][-]{subsection.1.4.6}{\376\377\000W\000h\000a\000t\000\040\000d\000o\000e\000s\000\040\000a\000\040\000t\000y\000p\000i\000c\000a\000l\000\040\000w\000o\000r\000k\000f\000l\000o\000w\000\040\000l\000o\000o\000k\000\040\000l\000i\000k\000e\000?}{section.1.4}% 13
\BOOKMARK [2][-]{subsection.1.4.7}{\376\377\000W\000h\000a\000t\000\040\000i\000s\000\040\000t\000h\000e\000\040\000n\000e\000x\000t\000\040\000s\000t\000e\000p\000?}{section.1.4}% 14
\BOOKMARK [0][-]{chapter.2}{\376\377\000G\000e\000t\000t\000i\000n\000g\000\040\000a\000n\000\040\000H\000P\000C\000\040\000A\000c\000c\000o\000u\000n\000t}{part.1}% 15
\BOOKMARK [1][-]{section.2.1}{\376\377\000G\000e\000t\000t\000i\000n\000g\000\040\000r\000e\000a\000d\000y\000\040\000t\000o\000\040\000r\000e\000q\000u\000e\000s\000t\000\040\000a\000n\000\040\000a\000c\000c\000o\000u\000n\000t}{chapter.2}% 16
\BOOKMARK [2][-]{subsection.2.1.1}{\376\377\000H\000o\000w\000\040\000d\000o\000\040\000S\000S\000H\000\040\000k\000e\000y\000s\000\040\000w\000o\000r\000k\000?}{section.2.1}% 17
\BOOKMARK [2][-]{subsection.2.1.2}{\376\377\000T\000e\000s\000t\000\040\000O\000p\000e\000n\000S\000S\000H}{section.2.1}% 18
\BOOKMARK [2][-]{subsection.2.1.3}{\376\377\000G\000e\000n\000e\000r\000a\000t\000e\000\040\000a\000\040\000p\000u\000b\000l\000i\000c\000/\000p\000r\000i\000v\000a\000t\000e\000\040\000k\000e\000y\000\040\000p\000a\000i\000r\000\040\000w\000i\000t\000h\000\040\000O\000p\000e\000n\000S\000S\000H}{section.2.1}% 19
\BOOKMARK [2][-]{subsection.2.1.4}{\376\377\000U\000s\000i\000n\000g\000\040\000a\000n\000\040\000S\000S\000H\000\040\000a\000g\000e\000n\000t\000\040\000\050\000o\000p\000t\000i\000o\000n\000a\000l\000\051}{section.2.1}% 20
\BOOKMARK [1][-]{section.2.2}{\376\377\000A\000p\000p\000l\000y\000i\000n\000g\000\040\000f\000o\000r\000\040\000t\000h\000e\000\040\000a\000c\000c\000o\000u\000n\000t}{chapter.2}% 21
\BOOKMARK [2][-]{subsection.2.2.1}{\376\377\000W\000e\000l\000c\000o\000m\000e\000\040\000e\000-\000m\000a\000i\000l}{section.2.2}% 22
\BOOKMARK [2][-]{subsection.2.2.2}{\376\377\000A\000d\000d\000i\000n\000g\000\040\000m\000u\000l\000t\000i\000p\000l\000e\000\040\000S\000S\000H\000\040\000p\000u\000b\000l\000i\000c\000\040\000k\000e\000y\000s\000\040\000\050\000o\000p\000t\000i\000o\000n\000a\000l\000\051}{section.2.2}% 23
\BOOKMARK [1][-]{section.2.3}{\376\377\000C\000o\000m\000p\000u\000t\000a\000t\000i\000o\000n\000\040\000W\000o\000r\000k\000f\000l\000o\000w\000\040\000o\000n\000\040\000t\000h\000e\000\040\000H\000P\000C}{chapter.2}% 24
\BOOKMARK [0][-]{chapter.3}{\376\377\000C\000o\000n\000n\000e\000c\000t\000i\000n\000g\000\040\000t\000o\000\040\000t\000h\000e\000\040\000H\000P\000C\000\040\000i\000n\000f\000r\000a\000s\000t\000r\000u\000c\000t\000u\000r\000e}{part.1}% 25
\BOOKMARK [1][-]{section.3.1}{\376\377\000C\000o\000n\000n\000e\000c\000t\000i\000o\000n\000\040\000r\000e\000s\000t\000r\000i\000c\000t\000i\000o\000n\000s}{chapter.3}% 26
\BOOKMARK [1][-]{section.3.2}{\376\377\000F\000i\000r\000s\000t\000\040\000T\000i\000m\000e\000\040\000c\000o\000n\000n\000e\000c\000t\000i\000o\000n\000\040\000t\000o\000\040\000t\000h\000e\000\040\000H\000P\000C\000\040\000i\000n\000f\000r\000a\000s\000t\000r\000u\000c\000t\000u\000r\000e}{chapter.3}% 27
\BOOKMARK [2][-]{subsection.3.2.1}{\376\377\000C\000o\000n\000n\000e\000c\000t}{section.3.2}% 28
\BOOKMARK [1][-]{section.3.3}{\376\377\000T\000r\000a\000n\000s\000f\000e\000r\000\040\000F\000i\000l\000e\000s\000\040\000t\000o\000/\000f\000r\000o\000m\000\040\000t\000h\000e\000\040\000H\000P\000C}{chapter.3}% 29
\BOOKMARK [2][-]{subsection.3.3.1}{\376\377\000U\000s\000i\000n\000g\000\040\000s\000c\000p}{section.3.3}% 30
\BOOKMARK [2][-]{subsection.3.3.2}{\376\377\000U\000s\000i\000n\000g\000\040\000s\000f\000t\000p}{section.3.3}% 31
\BOOKMARK [2][-]{subsection.3.3.3}{\376\377\000U\000s\000i\000n\000g\000\040\000a\000\040\000G\000U\000I\000\040\000\050\000C\000y\000b\000e\000r\000d\000u\000c\000k\000\051}{section.3.3}% 32
\BOOKMARK [2][-]{subsection.3.3.4}{\376\377\000F\000a\000s\000t\000\040\000f\000i\000l\000e\000\040\000t\000r\000a\000n\000s\000f\000e\000r\000\040\000f\000o\000r\000\040\000l\000a\000r\000g\000e\000\040\000d\000a\000t\000a\000s\000e\000t\000s}{section.3.3}% 33
\BOOKMARK [0][-]{chapter.4}{\376\377\000R\000u\000n\000n\000i\000n\000g\000\040\000b\000a\000t\000c\000h\000\040\000j\000o\000b\000s}{part.1}% 34
\BOOKMARK [1][-]{section.4.1}{\376\377\000M\000o\000d\000u\000l\000e\000s}{chapter.4}% 35
\BOOKMARK [2][-]{subsection.4.1.1}{\376\377\000E\000n\000v\000i\000r\000o\000n\000m\000e\000n\000t\000\040\000V\000a\000r\000i\000a\000b\000l\000e\000s}{section.4.1}% 36
\BOOKMARK [2][-]{subsection.4.1.2}{\376\377\000T\000h\000e\000\040\000m\000o\000d\000u\000l\000e\000\040\000c\000o\000m\000m\000a\000n\000d}{section.4.1}% 37
\BOOKMARK [2][-]{subsection.4.1.3}{\376\377\000A\000v\000a\000i\000l\000a\000b\000l\000e\000\040\000m\000o\000d\000u\000l\000e\000s}{section.4.1}% 38
\BOOKMARK [2][-]{subsection.4.1.4}{\376\377\000O\000r\000g\000a\000n\000i\000s\000a\000t\000i\000o\000n\000\040\000o\000f\000\040\000m\000o\000d\000u\000l\000e\000s\000\040\000i\000n\000\040\000t\000o\000o\000l\000c\000h\000a\000i\000n\000s}{section.4.1}% 39
\BOOKMARK [2][-]{subsection.4.1.5}{\376\377\000L\000o\000a\000d\000i\000n\000g\000\040\000a\000n\000d\000\040\000u\000n\000l\000o\000a\000d\000i\000n\000g\000\040\000m\000o\000d\000u\000l\000e\000s}{section.4.1}% 40
\BOOKMARK [2][-]{subsection.4.1.6}{\376\377\000P\000u\000r\000g\000i\000n\000g\000\040\000a\000l\000l\000\040\000m\000o\000d\000u\000l\000e\000s}{section.4.1}% 41
\BOOKMARK [2][-]{subsection.4.1.7}{\376\377\000U\000s\000i\000n\000g\000\040\000e\000x\000p\000l\000i\000c\000i\000t\000\040\000v\000e\000r\000s\000i\000o\000n\000\040\000n\000u\000m\000b\000e\000r\000s}{section.4.1}% 42
\BOOKMARK [2][-]{subsection.4.1.8}{\376\377\000S\000e\000a\000r\000c\000h\000\040\000f\000o\000r\000\040\000m\000o\000d\000u\000l\000e\000s}{section.4.1}% 43
\BOOKMARK [2][-]{subsection.4.1.9}{\376\377\000G\000e\000t\000\040\000d\000e\000t\000a\000i\000l\000e\000d\000\040\000i\000n\000f\000o}{section.4.1}% 44
\BOOKMARK [2][-]{subsection.4.1.10}{\376\377\000S\000a\000v\000e\000\040\000a\000n\000d\000\040\000l\000o\000a\000d\000\040\000c\000o\000l\000l\000e\000c\000t\000i\000o\000n\000s\000\040\000o\000f\000\040\000m\000o\000d\000u\000l\000e\000s}{section.4.1}% 45
\BOOKMARK [2][-]{subsection.4.1.11}{\376\377\000G\000e\000t\000t\000i\000n\000g\000\040\000m\000o\000d\000u\000l\000e\000\040\000d\000e\000t\000a\000i\000l\000s}{section.4.1}% 46
\BOOKMARK [1][-]{section.4.2}{\376\377\000G\000e\000t\000t\000i\000n\000g\000\040\000s\000y\000s\000t\000e\000m\000\040\000i\000n\000f\000o\000r\000m\000a\000t\000i\000o\000n\000\040\000a\000b\000o\000u\000t\000\040\000t\000h\000e\000\040\000H\000P\000C\000\040\000i\000n\000f\000r\000a\000s\000t\000r\000u\000c\000t\000u\000r\000e}{chapter.4}% 47
\BOOKMARK [2][-]{subsection.4.2.1}{\376\377\000C\000h\000e\000c\000k\000i\000n\000g\000\040\000t\000h\000e\000\040\000g\000e\000n\000e\000r\000a\000l\000\040\000s\000t\000a\000t\000u\000s\000\040\000o\000f\000\040\000t\000h\000e\000\040\000H\000P\000C\000\040\000i\000n\000f\000r\000a\000s\000t\000r\000u\000c\000t\000u\000r\000e}{section.4.2}% 48
\BOOKMARK [2][-]{subsection.4.2.2}{\376\377\000G\000e\000t\000t\000i\000n\000g\000\040\000c\000l\000u\000s\000t\000e\000r\000\040\000s\000t\000a\000t\000e}{section.4.2}% 49
\BOOKMARK [1][-]{section.4.3}{\376\377\000D\000e\000f\000i\000n\000i\000n\000g\000\040\000a\000n\000d\000\040\000s\000u\000b\000m\000i\000t\000t\000i\000n\000g\000\040\000y\000o\000u\000r\000\040\000j\000o\000b}{chapter.4}% 50
\BOOKMARK [2][-]{subsection.4.3.1}{\376\377\000W\000h\000e\000n\000\040\000w\000i\000l\000l\000\040\000m\000y\000\040\000j\000o\000b\000\040\000s\000t\000a\000r\000t\000?}{section.4.3}% 51
\BOOKMARK [2][-]{subsection.4.3.2}{\376\377\000S\000p\000e\000c\000i\000f\000y\000i\000n\000g\000\040\000t\000h\000e\000\040\000c\000l\000u\000s\000t\000e\000r\000\040\000o\000n\000\040\000w\000h\000i\000c\000h\000\040\000t\000o\000\040\000r\000u\000n}{section.4.3}% 52
\BOOKMARK [1][-]{section.4.4}{\376\377\000M\000o\000n\000i\000t\000o\000r\000i\000n\000g\000\040\000a\000n\000d\000\040\000m\000a\000n\000a\000g\000i\000n\000g\000\040\000y\000o\000u\000r\000\040\000j\000o\000b\000\050\000s\000\051}{chapter.4}% 53
\BOOKMARK [1][-]{section.4.5}{\376\377\000E\000x\000a\000m\000i\000n\000i\000n\000g\000\040\000t\000h\000e\000\040\000q\000u\000e\000u\000e}{chapter.4}% 54
\BOOKMARK [1][-]{section.4.6}{\376\377\000S\000p\000e\000c\000i\000f\000y\000i\000n\000g\000\040\000j\000o\000b\000\040\000r\000e\000q\000u\000i\000r\000e\000m\000e\000n\000t\000s}{chapter.4}% 55
\BOOKMARK [2][-]{subsection.4.6.1}{\376\377\000G\000e\000n\000e\000r\000i\000c\000\040\000r\000e\000s\000o\000u\000r\000c\000e\000\040\000r\000e\000q\000u\000i\000r\000e\000m\000e\000n\000t\000s}{section.4.6}% 56
\BOOKMARK [1][-]{section.4.7}{\376\377\000J\000o\000b\000\040\000o\000u\000t\000p\000u\000t\000\040\000a\000n\000d\000\040\000e\000r\000r\000o\000r\000\040\000f\000i\000l\000e\000s}{chapter.4}% 57
\BOOKMARK [1][-]{section.4.8}{\376\377\000E\000-\000m\000a\000i\000l\000\040\000n\000o\000t\000i\000f\000i\000c\000a\000t\000i\000o\000n\000s}{chapter.4}% 58
\BOOKMARK [2][-]{subsection.4.8.1}{\376\377\000G\000e\000n\000e\000r\000a\000t\000e\000\040\000y\000o\000u\000r\000\040\000o\000w\000n\000\040\000e\000-\000m\000a\000i\000l\000\040\000n\000o\000t\000i\000f\000i\000c\000a\000t\000i\000o\000n\000s}{section.4.8}% 59
\BOOKMARK [1][-]{section.4.9}{\376\377\000R\000u\000n\000n\000i\000n\000g\000\040\000a\000\040\000j\000o\000b\000\040\000a\000f\000t\000e\000r\000\040\000a\000n\000o\000t\000h\000e\000r\000\040\000j\000o\000b}{chapter.4}% 60
\BOOKMARK [0][-]{chapter.5}{\376\377\000R\000u\000n\000n\000i\000n\000g\000\040\000i\000n\000t\000e\000r\000a\000c\000t\000i\000v\000e\000\040\000j\000o\000b\000s}{part.1}% 61
\BOOKMARK [1][-]{section.5.1}{\376\377\000I\000n\000t\000r\000o\000d\000u\000c\000t\000i\000o\000n}{chapter.5}% 62
\BOOKMARK [1][-]{section.5.2}{\376\377\000I\000n\000t\000e\000r\000a\000c\000t\000i\000v\000e\000\040\000j\000o\000b\000s\000,\000\040\000w\000i\000t\000h\000o\000u\000t\000\040\000X\000\040\000s\000u\000p\000p\000o\000r\000t}{chapter.5}% 63
\BOOKMARK [1][-]{section.5.3}{\376\377\000I\000n\000t\000e\000r\000a\000c\000t\000i\000v\000e\000\040\000j\000o\000b\000s\000,\000\040\000w\000i\000t\000h\000\040\000g\000r\000a\000p\000h\000i\000c\000a\000l\000\040\000s\000u\000p\000p\000o\000r\000t}{chapter.5}% 64
\BOOKMARK [2][-]{subsection.5.3.1}{\376\377\000S\000o\000f\000t\000w\000a\000r\000e\000\040\000I\000n\000s\000t\000a\000l\000l\000a\000t\000i\000o\000n}{section.5.3}% 65
\BOOKMARK [2][-]{subsection.5.3.2}{\376\377\000C\000o\000n\000n\000e\000c\000t\000\040\000w\000i\000t\000h\000\040\000X\000-\000f\000o\000r\000w\000a\000r\000d\000i\000n\000g}{section.5.3}% 66
\BOOKMARK [2][-]{subsection.5.3.3}{\376\377\000R\000u\000n\000\040\000s\000i\000m\000p\000l\000e\000\040\000e\000x\000a\000m\000p\000l\000e}{section.5.3}% 67
\BOOKMARK [0][-]{chapter.6}{\376\377\000R\000u\000n\000n\000i\000n\000g\000\040\000j\000o\000b\000s\000\040\000w\000i\000t\000h\000\040\000i\000n\000p\000u\000t\000/\000o\000u\000t\000p\000u\000t\000\040\000d\000a\000t\000a}{part.1}% 68
\BOOKMARK [1][-]{section.6.1}{\376\377\000T\000h\000e\000\040\000c\000u\000r\000r\000e\000n\000t\000\040\000d\000i\000r\000e\000c\000t\000o\000r\000y\000\040\000a\000n\000d\000\040\000o\000u\000t\000p\000u\000t\000\040\000a\000n\000d\000\040\000e\000r\000r\000o\000r\000\040\000f\000i\000l\000e\000s}{chapter.6}% 69
\BOOKMARK [2][-]{subsection.6.1.1}{\376\377\000D\000e\000f\000a\000u\000l\000t\000\040\000f\000i\000l\000e\000\040\000n\000a\000m\000e\000s}{section.6.1}% 70
\BOOKMARK [2][-]{subsection.6.1.2}{\376\377\000F\000i\000l\000e\000n\000a\000m\000e\000s\000\040\000u\000s\000i\000n\000g\000\040\000t\000h\000e\000\040\000n\000a\000m\000e\000\040\000o\000f\000\040\000t\000h\000e\000\040\000j\000o\000b}{section.6.1}% 71
\BOOKMARK [2][-]{subsection.6.1.3}{\376\377\000U\000s\000e\000r\000-\000d\000e\000f\000i\000n\000e\000d\000\040\000f\000i\000l\000e\000\040\000n\000a\000m\000e\000s}{section.6.1}% 72
\BOOKMARK [1][-]{section.6.2}{\376\377\000W\000h\000e\000r\000e\000\040\000t\000o\000\040\000s\000t\000o\000r\000e\000\040\000y\000o\000u\000r\000\040\000d\000a\000t\000a\000\040\000o\000n\000\040\000t\000h\000e\000\040\000H\000P\000C}{chapter.6}% 73
\BOOKMARK [2][-]{subsection.6.2.1}{\376\377\000P\000r\000e\000-\000d\000e\000f\000i\000n\000e\000d\000\040\000u\000s\000e\000r\000\040\000d\000i\000r\000e\000c\000t\000o\000r\000i\000e\000s}{section.6.2}% 74
\BOOKMARK [2][-]{subsection.6.2.2}{\376\377\000Y\000o\000u\000r\000\040\000h\000o\000m\000e\000\040\000d\000i\000r\000e\000c\000t\000o\000r\000y\000\040\000\050\000\044\000V\000S\000C\000\137\000H\000O\000M\000E\000\051}{section.6.2}% 75
\BOOKMARK [2][-]{subsection.6.2.3}{\376\377\000Y\000o\000u\000r\000\040\000d\000a\000t\000a\000\040\000d\000i\000r\000e\000c\000t\000o\000r\000y\000\040\000\050\000\044\000V\000S\000C\000\137\000D\000A\000T\000A\000\051}{section.6.2}% 76
\BOOKMARK [2][-]{subsection.6.2.4}{\376\377\000Y\000o\000u\000r\000\040\000s\000c\000r\000a\000t\000c\000h\000\040\000s\000p\000a\000c\000e\000\040\000\050\000\044\000V\000S\000C\000\137\000S\000C\000R\000A\000T\000C\000H\000\051}{section.6.2}% 77
\BOOKMARK [2][-]{subsection.6.2.5}{\376\377\000Y\000o\000u\000r\000\040\000U\000G\000e\000n\000t\000\040\000h\000o\000m\000e\000\040\000d\000r\000i\000v\000e\000\040\000a\000n\000d\000\040\000s\000h\000a\000r\000e\000s\000\040}{section.6.2}% 78
\BOOKMARK [2][-]{subsection.6.2.6}{\376\377\000U\000G\000e\000n\000t\000\040\000s\000h\000a\000r\000e\000s\000\040\000w\000i\000t\000h\000\040\000g\000l\000o\000b\000u\000s\000\040}{section.6.2}% 79
\BOOKMARK [2][-]{subsection.6.2.7}{\376\377\000P\000r\000e\000-\000d\000e\000f\000i\000n\000e\000d\000\040\000q\000u\000o\000t\000a\000s}{section.6.2}% 80
\BOOKMARK [1][-]{section.6.3}{\376\377\000W\000r\000i\000t\000i\000n\000g\000\040\000O\000u\000t\000p\000u\000t\000\040\000f\000i\000l\000e\000s}{chapter.6}% 81
\BOOKMARK [1][-]{section.6.4}{\376\377\000R\000e\000a\000d\000i\000n\000g\000\040\000I\000n\000p\000u\000t\000\040\000f\000i\000l\000e\000s}{chapter.6}% 82
\BOOKMARK [1][-]{section.6.5}{\376\377\000H\000o\000w\000\040\000m\000u\000c\000h\000\040\000d\000i\000s\000k\000\040\000s\000p\000a\000c\000e\000\040\000d\000o\000\040\000I\000\040\000g\000e\000t\000?}{chapter.6}% 83
\BOOKMARK [2][-]{subsection.6.5.1}{\376\377\000Q\000u\000o\000t\000a}{section.6.5}% 84
\BOOKMARK [2][-]{subsection.6.5.2}{\376\377\000C\000h\000e\000c\000k\000\040\000y\000o\000u\000r\000\040\000q\000u\000o\000t\000a}{section.6.5}% 85
\BOOKMARK [1][-]{section.6.6}{\376\377\000G\000r\000o\000u\000p\000s}{chapter.6}% 86
\BOOKMARK [2][-]{subsection.6.6.1}{\376\377\000J\000o\000i\000n\000i\000n\000g\000\040\000a\000n\000\040\000e\000x\000i\000s\000t\000i\000n\000g\000\040\000g\000r\000o\000u\000p}{section.6.6}% 87
\BOOKMARK [2][-]{subsection.6.6.2}{\376\377\000C\000r\000e\000a\000t\000i\000n\000g\000\040\000a\000\040\000n\000e\000w\000\040\000g\000r\000o\000u\000p}{section.6.6}% 88
\BOOKMARK [2][-]{subsection.6.6.3}{\376\377\000M\000a\000n\000a\000g\000i\000n\000g\000\040\000a\000\040\000g\000r\000o\000u\000p}{section.6.6}% 89
\BOOKMARK [2][-]{subsection.6.6.4}{\376\377\000I\000n\000s\000p\000e\000c\000t\000i\000n\000g\000\040\000g\000r\000o\000u\000p\000s}{section.6.6}% 90
\BOOKMARK [1][-]{section.6.7}{\376\377\000V\000i\000r\000t\000u\000a\000l\000\040\000O\000r\000g\000a\000n\000i\000s\000a\000t\000i\000o\000n\000s}{chapter.6}% 91
\BOOKMARK [2][-]{subsection.6.7.1}{\376\377\000J\000o\000i\000n\000i\000n\000g\000\040\000a\000n\000\040\000e\000x\000i\000s\000t\000i\000n\000g\000\040\000V\000O}{section.6.7}% 92
\BOOKMARK [2][-]{subsection.6.7.2}{\376\377\000C\000r\000e\000a\000t\000i\000n\000g\000\040\000a\000\040\000n\000e\000w\000\040\000V\000O}{section.6.7}% 93
\BOOKMARK [2][-]{subsection.6.7.3}{\376\377\000R\000e\000q\000u\000e\000s\000t\000i\000n\000g\000\040\000m\000o\000r\000e\000\040\000s\000t\000o\000r\000a\000g\000e\000\040\000s\000p\000a\000c\000e}{section.6.7}% 94
\BOOKMARK [2][-]{subsection.6.7.4}{\376\377\000S\000e\000t\000t\000i\000n\000g\000\040\000p\000e\000r\000-\000m\000e\000m\000b\000e\000r\000\040\000V\000O\000\040\000q\000u\000o\000t\000a}{section.6.7}% 95
\BOOKMARK [2][-]{subsection.6.7.5}{\376\377\000V\000O\000\040\000d\000i\000r\000e\000c\000t\000o\000r\000i\000e\000s}{section.6.7}% 96
\BOOKMARK [0][-]{chapter.7}{\376\377\000M\000u\000l\000t\000i\000\040\000c\000o\000r\000e\000\040\000j\000o\000b\000s\000/\000P\000a\000r\000a\000l\000l\000e\000l\000\040\000C\000o\000m\000p\000u\000t\000i\000n\000g}{part.1}% 97
\BOOKMARK [1][-]{section.7.1}{\376\377\000W\000h\000y\000\040\000P\000a\000r\000a\000l\000l\000e\000l\000\040\000P\000r\000o\000g\000r\000a\000m\000m\000i\000n\000g\000?}{chapter.7}% 98
\BOOKMARK [1][-]{section.7.2}{\376\377\000P\000a\000r\000a\000l\000l\000e\000l\000\040\000C\000o\000m\000p\000u\000t\000i\000n\000g\000\040\000w\000i\000t\000h\000\040\000t\000h\000r\000e\000a\000d\000s}{chapter.7}% 99
\BOOKMARK [1][-]{section.7.3}{\376\377\000P\000a\000r\000a\000l\000l\000e\000l\000\040\000C\000o\000m\000p\000u\000t\000i\000n\000g\000\040\000w\000i\000t\000h\000\040\000O\000p\000e\000n\000M\000P}{chapter.7}% 100
\BOOKMARK [2][-]{subsection.7.3.1}{\376\377\000P\000r\000i\000v\000a\000t\000e\000\040\000v\000e\000r\000s\000u\000s\000\040\000S\000h\000a\000r\000e\000d\000\040\000v\000a\000r\000i\000a\000b\000l\000e\000s}{section.7.3}% 101
\BOOKMARK [2][-]{subsection.7.3.2}{\376\377\000P\000a\000r\000a\000l\000l\000e\000l\000i\000s\000i\000n\000g\000\040\000f\000o\000r\000\040\000l\000o\000o\000p\000s\000\040\000w\000i\000t\000h\000\040\000O\000p\000e\000n\000M\000P}{section.7.3}% 102
\BOOKMARK [2][-]{subsection.7.3.3}{\376\377\000C\000r\000i\000t\000i\000c\000a\000l\000\040\000C\000o\000d\000e}{section.7.3}% 103
\BOOKMARK [2][-]{subsection.7.3.4}{\376\377\000R\000e\000d\000u\000c\000t\000i\000o\000n}{section.7.3}% 104
\BOOKMARK [2][-]{subsection.7.3.5}{\376\377\000O\000t\000h\000e\000r\000\040\000O\000p\000e\000n\000M\000P\000\040\000d\000i\000r\000e\000c\000t\000i\000v\000e\000s}{section.7.3}% 105
\BOOKMARK [1][-]{section.7.4}{\376\377\000P\000a\000r\000a\000l\000l\000e\000l\000\040\000C\000o\000m\000p\000u\000t\000i\000n\000g\000\040\000w\000i\000t\000h\000\040\000M\000P\000I}{chapter.7}% 106
\BOOKMARK [0][-]{chapter.8}{\376\377\000U\000s\000i\000n\000g\000\040\000t\000h\000e\000\040\000H\000P\000C\000-\000U\000G\000e\000n\000t\000\040\000w\000e\000b\000\040\000p\000o\000r\000t\000a\000l}{part.1}% 107
\BOOKMARK [1][-]{subsection.8.0.1}{\376\377\000K\000n\000o\000w\000n\000\040\000i\000s\000s\000u\000e\000s\000\040\000\046\000\040\000l\000i\000m\000i\000t\000a\000t\000i\000o\000n\000s}{chapter.8}% 108
\BOOKMARK [1][-]{section.8.1}{\376\377\000L\000o\000g\000i\000n}{chapter.8}% 109
\BOOKMARK [2][-]{subsection.8.1.1}{\376\377\000F\000i\000r\000s\000t\000\040\000l\000o\000g\000i\000n}{section.8.1}% 110
\BOOKMARK [1][-]{section.8.2}{\376\377\000S\000t\000a\000r\000t\000\040\000p\000a\000g\000e}{chapter.8}% 111
\BOOKMARK [1][-]{section.8.3}{\376\377\000F\000e\000a\000t\000u\000r\000e\000s}{chapter.8}% 112
\BOOKMARK [2][-]{subsection.8.3.1}{\376\377\000F\000i\000l\000e\000\040\000b\000r\000o\000w\000s\000e\000r}{section.8.3}% 113
\BOOKMARK [2][-]{subsection.8.3.2}{\376\377\000J\000o\000b\000\040\000m\000a\000n\000a\000g\000e\000m\000e\000n\000t}{section.8.3}% 114
\BOOKMARK [2][-]{subsection.8.3.3}{\376\377\000S\000h\000e\000l\000l\000\040\000a\000c\000c\000e\000s\000s}{section.8.3}% 115
\BOOKMARK [2][-]{subsection.8.3.4}{\376\377\000I\000n\000t\000e\000r\000a\000c\000t\000i\000v\000e\000\040\000a\000p\000p\000l\000i\000c\000a\000t\000i\000o\000n\000s}{section.8.3}% 116
\BOOKMARK [1][-]{section.8.4}{\376\377\000R\000e\000s\000t\000a\000r\000t\000i\000n\000g\000\040\000y\000o\000u\000r\000\040\000w\000e\000b\000\040\000s\000e\000r\000v\000e\000r\000\040\000i\000n\000\040\000c\000a\000s\000e\000\040\000o\000f\000\040\000p\000r\000o\000b\000l\000e\000m\000s}{chapter.8}% 117
\BOOKMARK [0][-]{chapter.9}{\376\377\000X\000D\000M\000o\000D\000\040\000p\000o\000r\000t\000a\000l}{part.1}% 118
\BOOKMARK [0][-]{chapter.10}{\376\377\000T\000r\000o\000u\000b\000l\000e\000s\000h\000o\000o\000t\000i\000n\000g}{part.1}% 119
\BOOKMARK [1][-]{section.10.1}{\376\377\000W\000a\000l\000l\000t\000i\000m\000e\000\040\000i\000s\000s\000u\000e\000s}{chapter.10}% 120
\BOOKMARK [1][-]{section.10.2}{\376\377\000O\000u\000t\000\040\000o\000f\000\040\000q\000u\000o\000t\000a\000\040\000i\000s\000s\000u\000e\000s}{chapter.10}% 121
\BOOKMARK [1][-]{section.10.3}{\376\377\000I\000s\000s\000u\000e\000s\000\040\000c\000o\000n\000n\000e\000c\000t\000i\000n\000g\000\040\000t\000o\000\040\000l\000o\000g\000i\000n\000\040\000n\000o\000d\000e}{chapter.10}% 122
\BOOKMARK [1][-]{section.10.4}{\376\377\000S\000e\000c\000u\000r\000i\000t\000y\000\040\000w\000a\000r\000n\000i\000n\000g\000\040\000a\000b\000o\000u\000t\000\040\000i\000n\000v\000a\000l\000i\000d\000\040\000h\000o\000s\000t\000\040\000k\000e\000y}{chapter.10}% 123
\BOOKMARK [1][-]{section.10.5}{\376\377\000D\000O\000S\000/\000W\000i\000n\000d\000o\000w\000s\000\040\000t\000e\000x\000t\000\040\000f\000o\000r\000m\000a\000t}{chapter.10}% 124
\BOOKMARK [1][-]{section.10.6}{\376\377\000W\000a\000r\000n\000i\000n\000g\000\040\000m\000e\000s\000s\000a\000g\000e\000\040\000w\000h\000e\000n\000\040\000f\000i\000r\000s\000t\000\040\000c\000o\000n\000n\000e\000c\000t\000i\000n\000g\000\040\000t\000o\000\040\000n\000e\000w\000\040\000h\000o\000s\000t}{chapter.10}% 125
\BOOKMARK [1][-]{section.10.7}{\376\377\000M\000e\000m\000o\000r\000y\000\040\000l\000i\000m\000i\000t\000s}{chapter.10}% 126
\BOOKMARK [2][-]{subsection.10.7.1}{\376\377\000H\000o\000w\000\040\000w\000i\000l\000l\000\040\000I\000\040\000k\000n\000o\000w\000\040\000i\000f\000\040\000m\000e\000m\000o\000r\000y\000\040\000l\000i\000m\000i\000t\000s\000\040\000a\000r\000e\000\040\000t\000h\000e\000\040\000c\000a\000u\000s\000e\000\040\000o\000f\000\040\000m\000y\000\040\000p\000r\000o\000b\000l\000e\000m\000?}{section.10.7}% 127
\BOOKMARK [2][-]{subsection.10.7.2}{\376\377\000H\000o\000w\000\040\000d\000o\000\040\000I\000\040\000s\000p\000e\000c\000i\000f\000y\000\040\000t\000h\000e\000\040\000a\000m\000o\000u\000n\000t\000\040\000o\000f\000\040\000m\000e\000m\000o\000r\000y\000\040\000I\000\040\000n\000e\000e\000d\000?}{section.10.7}% 128
\BOOKMARK [1][-]{section.10.8}{\376\377\000M\000o\000d\000u\000l\000e\000\040\000c\000o\000n\000f\000l\000i\000c\000t\000s}{chapter.10}% 129
\BOOKMARK [1][-]{section.10.9}{\376\377\000R\000u\000n\000n\000i\000n\000g\000\040\000s\000o\000f\000t\000w\000a\000r\000e\000\040\000t\000h\000a\000t\000\040\000i\000s\000\040\000i\000n\000c\000o\000m\000p\000a\000t\000i\000b\000l\000e\000\040\000w\000i\000t\000h\000\040\000h\000o\000s\000t}{chapter.10}% 130
\BOOKMARK [0][-]{chapter.11}{\376\377\000H\000P\000C\000\040\000P\000o\000l\000i\000c\000i\000e\000s}{part.1}% 131
\BOOKMARK [0][-]{chapter.12}{\376\377\000F\000r\000e\000q\000u\000e\000n\000t\000l\000y\000\040\000A\000s\000k\000e\000d\000\040\000Q\000u\000e\000s\000t\000i\000o\000n\000s}{part.1}% 132
\BOOKMARK [1][-]{section.12.1}{\376\377\000W\000h\000e\000n\000\040\000w\000i\000l\000l\000\040\000m\000y\000\040\000j\000o\000b\000\040\000s\000t\000a\000r\000t\000?}{chapter.12}% 133
\BOOKMARK [1][-]{section.12.2}{\376\377\000C\000a\000n\000\040\000I\000\040\000s\000h\000a\000r\000e\000\040\000m\000y\000\040\000a\000c\000c\000o\000u\000n\000t\000\040\000w\000i\000t\000h\000\040\000s\000o\000m\000e\000o\000n\000e\000\040\000e\000l\000s\000e\000?}{chapter.12}% 134
\BOOKMARK [1][-]{section.12.3}{\376\377\000C\000a\000n\000\040\000I\000\040\000s\000h\000a\000r\000e\000\040\000m\000y\000\040\000d\000a\000t\000a\000\040\000w\000i\000t\000h\000\040\000o\000t\000h\000e\000r\000\040\000H\000P\000C\000\040\000u\000s\000e\000r\000s\000?}{chapter.12}% 135
\BOOKMARK [1][-]{section.12.4}{\376\377\000C\000a\000n\000\040\000I\000\040\000u\000s\000e\000\040\000m\000u\000l\000t\000i\000p\000l\000e\000\040\000d\000i\000f\000f\000e\000r\000e\000n\000t\000\040\000S\000S\000H\000\040\000k\000e\000y\000\040\000p\000a\000i\000r\000s\000\040\000t\000o\000\040\000c\000o\000n\000n\000e\000c\000t\000\040\000t\000o\000\040\000m\000y\000\040\000V\000S\000C\000\040\000a\000c\000c\000o\000u\000n\000t\000?}{chapter.12}% 136
\BOOKMARK [1][-]{section.12.5}{\376\377\000I\000\040\000w\000a\000n\000t\000\040\000t\000o\000\040\000u\000s\000e\000\040\000s\000o\000f\000t\000w\000a\000r\000e\000\040\000t\000h\000a\000t\000\040\000i\000s\000\040\000n\000o\000t\000\040\000a\000v\000a\000i\000l\000a\000b\000l\000e\000\040\000o\000n\000\040\000t\000h\000e\000\040\000c\000l\000u\000s\000t\000e\000r\000s\000\040\000y\000e\000t}{chapter.12}% 137
\BOOKMARK [-1][-]{part.2}{\376\377\000I\000I\000\040\000A\000d\000v\000a\000n\000c\000e\000d\000\040\000G\000u\000i\000d\000e}{}% 138
\BOOKMARK [0][-]{chapter.13}{\376\377\000F\000i\000n\000e\000-\000t\000u\000n\000i\000n\000g\000\040\000J\000o\000b\000\040\000S\000p\000e\000c\000i\000f\000i\000c\000a\000t\000i\000o\000n\000s}{part.2}% 139
\BOOKMARK [1][-]{section.13.1}{\376\377\000S\000p\000e\000c\000i\000f\000y\000i\000n\000g\000\040\000W\000a\000l\000l\000t\000i\000m\000e}{chapter.13}% 140
\BOOKMARK [1][-]{section.13.2}{\376\377\000S\000p\000e\000c\000i\000f\000y\000i\000n\000g\000\040\000m\000e\000m\000o\000r\000y\000\040\000r\000e\000q\000u\000i\000r\000e\000m\000e\000n\000t\000s}{chapter.13}% 141
\BOOKMARK [2][-]{subsection.13.2.1}{\376\377\000A\000v\000a\000i\000l\000a\000b\000l\000e\000\040\000M\000e\000m\000o\000r\000y\000\040\000o\000n\000\040\000t\000h\000e\000\040\000m\000a\000c\000h\000i\000n\000e}{section.13.2}% 142
\BOOKMARK [2][-]{subsection.13.2.2}{\376\377\000C\000h\000e\000c\000k\000i\000n\000g\000\040\000t\000h\000e\000\040\000m\000e\000m\000o\000r\000y\000\040\000c\000o\000n\000s\000u\000m\000p\000t\000i\000o\000n}{section.13.2}% 143
\BOOKMARK [2][-]{subsection.13.2.3}{\376\377\000S\000e\000t\000t\000i\000n\000g\000\040\000t\000h\000e\000\040\000m\000e\000m\000o\000r\000y\000\040\000p\000a\000r\000a\000m\000e\000t\000e\000r}{section.13.2}% 144
\BOOKMARK [1][-]{section.13.3}{\376\377\000S\000p\000e\000c\000i\000f\000y\000i\000n\000g\000\040\000p\000r\000o\000c\000e\000s\000s\000o\000r\000s\000\040\000r\000e\000q\000u\000i\000r\000e\000m\000e\000n\000t\000s}{chapter.13}% 145
\BOOKMARK [2][-]{subsection.13.3.1}{\376\377\000N\000u\000m\000b\000e\000r\000\040\000o\000f\000\040\000p\000r\000o\000c\000e\000s\000s\000o\000r\000s}{section.13.3}% 146
\BOOKMARK [2][-]{subsection.13.3.2}{\376\377\000M\000o\000n\000i\000t\000o\000r\000i\000n\000g\000\040\000t\000h\000e\000\040\000C\000P\000U\000-\000u\000t\000i\000l\000i\000s\000a\000t\000i\000o\000n}{section.13.3}% 147
\BOOKMARK [2][-]{subsection.13.3.3}{\376\377\000F\000i\000n\000e\000-\000t\000u\000n\000i\000n\000g\000\040\000y\000o\000u\000r\000\040\000e\000x\000e\000c\000u\000t\000a\000b\000l\000e\000\040\000a\000n\000d\000/\000o\000r\000\040\000j\000o\000b\000\040\000s\000c\000r\000i\000p\000t}{section.13.3}% 148
\BOOKMARK [1][-]{section.13.4}{\376\377\000T\000h\000e\000\040\000s\000y\000s\000t\000e\000m\000\040\000l\000o\000a\000d}{chapter.13}% 149
\BOOKMARK [2][-]{subsection.13.4.1}{\376\377\000O\000p\000t\000i\000m\000a\000l\000\040\000l\000o\000a\000d}{section.13.4}% 150
\BOOKMARK [2][-]{subsection.13.4.2}{\376\377\000M\000o\000n\000i\000t\000o\000r\000i\000n\000g\000\040\000t\000h\000e\000\040\000l\000o\000a\000d}{section.13.4}% 151
\BOOKMARK [2][-]{subsection.13.4.3}{\376\377\000F\000i\000n\000e\000-\000t\000u\000n\000i\000n\000g\000\040\000y\000o\000u\000r\000\040\000e\000x\000e\000c\000u\000t\000a\000b\000l\000e\000\040\000a\000n\000d\000/\000o\000r\000\040\000j\000o\000b\000\040\000s\000c\000r\000i\000p\000t}{section.13.4}% 152
\BOOKMARK [1][-]{section.13.5}{\376\377\000C\000h\000e\000c\000k\000i\000n\000g\000\040\000F\000i\000l\000e\000\040\000s\000i\000z\000e\000s\000\040\000\046\000\040\000D\000i\000s\000k\000\040\000I\000/\000O}{chapter.13}% 153
\BOOKMARK [2][-]{subsection.13.5.1}{\376\377\000M\000o\000n\000i\000t\000o\000r\000i\000n\000g\000\040\000F\000i\000l\000e\000\040\000s\000i\000z\000e\000s\000\040\000d\000u\000r\000i\000n\000g\000\040\000e\000x\000e\000c\000u\000t\000i\000o\000n}{section.13.5}% 154
\BOOKMARK [1][-]{section.13.6}{\376\377\000S\000p\000e\000c\000i\000f\000y\000i\000n\000g\000\040\000n\000e\000t\000w\000o\000r\000k\000\040\000r\000e\000q\000u\000i\000r\000e\000m\000e\000n\000t\000s}{chapter.13}% 155
\BOOKMARK [0][-]{chapter.14}{\376\377\000M\000u\000l\000t\000i\000-\000j\000o\000b\000\040\000s\000u\000b\000m\000i\000s\000s\000i\000o\000n}{part.2}% 156
\BOOKMARK [1][-]{section.14.1}{\376\377\000T\000h\000e\000\040\000w\000o\000r\000k\000e\000r\000\040\000F\000r\000a\000m\000e\000w\000o\000r\000k\000:\000\040\000P\000a\000r\000a\000m\000e\000t\000e\000r\000\040\000S\000w\000e\000e\000p\000s}{chapter.14}% 157
\BOOKMARK [1][-]{section.14.2}{\376\377\000T\000h\000e\000\040\000W\000o\000r\000k\000e\000r\000\040\000f\000r\000a\000m\000e\000w\000o\000r\000k\000:\000\040\000J\000o\000b\000\040\000a\000r\000r\000a\000y\000s}{chapter.14}% 158
\BOOKMARK [1][-]{section.14.3}{\376\377\000M\000a\000p\000R\000e\000d\000u\000c\000e\000:\000\040\000p\000r\000o\000l\000o\000g\000u\000e\000s\000\040\000a\000n\000d\000\040\000e\000p\000i\000l\000o\000g\000u\000e}{chapter.14}% 159
\BOOKMARK [1][-]{section.14.4}{\376\377\000S\000o\000m\000e\000\040\000m\000o\000r\000e\000\040\000o\000n\000\040\000t\000h\000e\000\040\000W\000o\000r\000k\000e\000r\000\040\000F\000r\000a\000m\000e\000w\000o\000r\000k}{chapter.14}% 160
\BOOKMARK [2][-]{subsection.14.4.1}{\376\377\000U\000s\000i\000n\000g\000\040\000W\000o\000r\000k\000e\000r\000\040\000e\000f\000f\000i\000c\000i\000e\000n\000t\000l\000y}{section.14.4}% 161
\BOOKMARK [2][-]{subsection.14.4.2}{\376\377\000M\000o\000n\000i\000t\000o\000r\000i\000n\000g\000\040\000a\000\040\000w\000o\000r\000k\000e\000r\000\040\000j\000o\000b}{section.14.4}% 162
\BOOKMARK [2][-]{subsection.14.4.3}{\376\377\000T\000i\000m\000e\000\040\000l\000i\000m\000i\000t\000s\000\040\000f\000o\000r\000\040\000w\000o\000r\000k\000\040\000i\000t\000e\000m\000s}{section.14.4}% 163
\BOOKMARK [2][-]{subsection.14.4.4}{\376\377\000R\000e\000s\000u\000m\000i\000n\000g\000\040\000a\000\040\000W\000o\000r\000k\000e\000r\000\040\000j\000o\000b}{section.14.4}% 164
\BOOKMARK [2][-]{subsection.14.4.5}{\376\377\000F\000u\000r\000t\000h\000e\000r\000\040\000i\000n\000f\000o\000r\000m\000a\000t\000i\000o\000n}{section.14.4}% 165
\BOOKMARK [0][-]{chapter.15}{\376\377\000C\000o\000m\000p\000i\000l\000i\000n\000g\000\040\000a\000n\000d\000\040\000t\000e\000s\000t\000i\000n\000g\000\040\000y\000o\000u\000r\000\040\000s\000o\000f\000t\000w\000a\000r\000e\000\040\000o\000n\000\040\000t\000h\000e\000\040\000H\000P\000C}{part.2}% 166
\BOOKMARK [1][-]{section.15.1}{\376\377\000C\000h\000e\000c\000k\000\040\000t\000h\000e\000\040\000p\000r\000e\000-\000i\000n\000s\000t\000a\000l\000l\000e\000d\000\040\000s\000o\000f\000t\000w\000a\000r\000e\000\040\000o\000n\000\040\000t\000h\000e\000\040\000H\000P\000C}{chapter.15}% 167
\BOOKMARK [1][-]{section.15.2}{\376\377\000P\000o\000r\000t\000i\000n\000g\000\040\000y\000o\000u\000r\000\040\000c\000o\000d\000e}{chapter.15}% 168
\BOOKMARK [1][-]{section.15.3}{\376\377\000C\000o\000m\000p\000i\000l\000i\000n\000g\000\040\000a\000n\000d\000\040\000b\000u\000i\000l\000d\000i\000n\000g\000\040\000o\000n\000\040\000t\000h\000e\000\040\000H\000P\000C}{chapter.15}% 169
\BOOKMARK [2][-]{subsection.15.3.1}{\376\377\000C\000o\000m\000p\000i\000l\000i\000n\000g\000\040\000a\000\040\000s\000e\000q\000u\000e\000n\000t\000i\000a\000l\000\040\000p\000r\000o\000g\000r\000a\000m\000\040\000i\000n\000\040\000C}{section.15.3}% 170
\BOOKMARK [2][-]{subsection.15.3.2}{\376\377\000C\000o\000m\000p\000i\000l\000i\000n\000g\000\040\000a\000\040\000p\000a\000r\000a\000l\000l\000e\000l\000\040\000p\000r\000o\000g\000r\000a\000m\000\040\000i\000n\000\040\000C\000/\000M\000P\000I}{section.15.3}% 171
\BOOKMARK [2][-]{subsection.15.3.3}{\376\377\000C\000o\000m\000p\000i\000l\000i\000n\000g\000\040\000a\000\040\000p\000a\000r\000a\000l\000l\000e\000l\000\040\000p\000r\000o\000g\000r\000a\000m\000\040\000i\000n\000\040\000I\000n\000t\000e\000l\000\040\000P\000a\000r\000a\000l\000l\000e\000l\000\040\000S\000t\000u\000d\000i\000o\000\040\000C\000l\000u\000s\000t\000e\000r\000\040\000E\000d\000i\000t\000i\000o\000n}{section.15.3}% 172
\BOOKMARK [0][-]{chapter.16}{\376\377\000P\000r\000o\000g\000r\000a\000m\000\040\000e\000x\000a\000m\000p\000l\000e\000s}{part.2}% 173
\BOOKMARK [0][-]{chapter.17}{\376\377\000J\000o\000b\000\040\000s\000c\000r\000i\000p\000t\000\040\000e\000x\000a\000m\000p\000l\000e\000s}{part.2}% 174
\BOOKMARK [1][-]{section.17.1}{\376\377\000S\000i\000n\000g\000l\000e\000-\000c\000o\000r\000e\000\040\000j\000o\000b}{chapter.17}% 175
\BOOKMARK [1][-]{section.17.2}{\376\377\000M\000u\000l\000t\000i\000-\000c\000o\000r\000e\000\040\000j\000o\000b}{chapter.17}% 176
\BOOKMARK [1][-]{section.17.3}{\376\377\000R\000u\000n\000n\000i\000n\000g\000\040\000a\000\040\000c\000o\000m\000m\000a\000n\000d\000\040\000w\000i\000t\000h\000\040\000a\000\040\000m\000a\000x\000i\000m\000u\000m\000\040\000t\000i\000m\000e\000\040\000l\000i\000m\000i\000t}{chapter.17}% 177
\BOOKMARK [0][-]{chapter.18}{\376\377\000B\000e\000s\000t\000\040\000P\000r\000a\000c\000t\000i\000c\000e\000s}{part.2}% 178
\BOOKMARK [1][-]{section.18.1}{\376\377\000G\000e\000n\000e\000r\000a\000l\000\040\000B\000e\000s\000t\000\040\000P\000r\000a\000c\000t\000i\000c\000e\000s}{chapter.18}% 179
\BOOKMARK [0][-]{chapter.19}{\376\377\000G\000r\000a\000p\000h\000i\000c\000a\000l\000\040\000a\000p\000p\000l\000i\000c\000a\000t\000i\000o\000n\000s\000\040\000w\000i\000t\000h\000\040\000V\000N\000C}{part.2}% 180
\BOOKMARK [1][-]{section.19.1}{\376\377\000S\000t\000a\000r\000t\000i\000n\000g\000\040\000a\000\040\000V\000N\000C\000\040\000s\000e\000r\000v\000e\000r}{chapter.19}% 181
\BOOKMARK [1][-]{section.19.2}{\376\377\000L\000i\000s\000t\000\040\000r\000u\000n\000n\000i\000n\000g\000\040\000V\000N\000C\000\040\000s\000e\000r\000v\000e\000r\000s}{chapter.19}% 182
\BOOKMARK [1][-]{section.19.3}{\376\377\000C\000o\000n\000n\000e\000c\000t\000i\000n\000g\000\040\000t\000o\000\040\000a\000\040\000V\000N\000C\000\040\000s\000e\000r\000v\000e\000r}{chapter.19}% 183
\BOOKMARK [2][-]{subsection.19.3.1}{\376\377\000D\000e\000t\000e\000r\000m\000i\000n\000i\000n\000g\000\040\000t\000h\000e\000\040\000s\000o\000u\000r\000c\000e\000/\000d\000e\000s\000t\000i\000n\000a\000t\000i\000o\000n\000\040\000p\000o\000r\000t}{section.19.3}% 184
\BOOKMARK [2][-]{subsection.19.3.2}{\376\377\000P\000i\000c\000k\000i\000n\000g\000\040\000a\000n\000\040\000i\000n\000t\000e\000r\000m\000e\000d\000i\000a\000t\000e\000\040\000p\000o\000r\000t\000\040\000t\000o\000\040\000c\000o\000n\000n\000e\000c\000t\000\040\000t\000o\000\040\000t\000h\000e\000\040\000r\000i\000g\000h\000t\000\040\000l\000o\000g\000i\000n\000\040\000n\000o\000d\000e}{section.19.3}% 185
\BOOKMARK [2][-]{subsection.19.3.3}{\376\377\000S\000e\000t\000t\000i\000n\000g\000\040\000u\000p\000\040\000t\000h\000e\000\040\000S\000S\000H\000\040\000t\000u\000n\000n\000e\000l\000\050\000s\000\051}{section.19.3}% 186
\BOOKMARK [2][-]{subsection.19.3.4}{\376\377\000C\000o\000n\000n\000e\000c\000t\000i\000n\000g\000\040\000u\000s\000i\000n\000g\000\040\000a\000\040\000V\000N\000C\000\040\000c\000l\000i\000e\000n\000t}{section.19.3}% 187
\BOOKMARK [1][-]{section.19.4}{\376\377\000S\000t\000o\000p\000p\000i\000n\000g\000\040\000t\000h\000e\000\040\000V\000N\000C\000\040\000s\000e\000r\000v\000e\000r}{chapter.19}% 188
\BOOKMARK [1][-]{section.19.5}{\376\377\000I\000\040\000f\000o\000r\000g\000o\000t\000\040\000t\000h\000e\000\040\000p\000a\000s\000s\000w\000o\000r\000d\000,\000\040\000w\000h\000a\000t\000\040\000n\000o\000w\000?}{chapter.19}% 189
\BOOKMARK [0][-]{chapter.20}{\376\377\000G\000r\000a\000p\000h\000i\000c\000a\000l\000\040\000a\000p\000p\000l\000i\000c\000a\000t\000i\000o\000n\000s\000\040\000w\000i\000t\000h\000\040\000X\0002\000G\000o}{part.2}% 190
\BOOKMARK [1][-]{section.20.1}{\376\377\000I\000n\000s\000t\000a\000l\000l\000\040\000X\0002\000G\000o\000\040\000c\000l\000i\000e\000n\000t}{chapter.20}% 191
\BOOKMARK [1][-]{section.20.2}{\376\377\000C\000r\000e\000a\000t\000e\000\040\000a\000\040\000n\000e\000w\000\040\000X\0002\000G\000o\000\040\000s\000e\000s\000s\000i\000o\000n}{chapter.20}% 192
\BOOKMARK [2][-]{subsection.20.2.1}{\376\377\000O\000p\000t\000i\000o\000n\000\040\000A\000:\000\040\000d\000i\000r\000e\000c\000t\000\040\000c\000o\000n\000n\000e\000c\000t\000i\000o\000n}{section.20.2}% 193
\BOOKMARK [2][-]{subsection.20.2.2}{\376\377\000O\000p\000t\000i\000o\000n\000\040\000B\000:\000\040\000u\000s\000e\000\040\000t\000h\000e\000\040\000l\000o\000g\000i\000n\000\040\000n\000o\000d\000e\000\040\000a\000s\000\040\000S\000S\000H\000\040\000p\000r\000o\000x\000y}{section.20.2}% 194
\BOOKMARK [1][-]{section.20.3}{\376\377\000C\000o\000n\000n\000e\000c\000t\000\040\000t\000o\000\040\000y\000o\000u\000r\000\040\000X\0002\000G\000o\000\040\000s\000e\000s\000s\000i\000o\000n}{chapter.20}% 195
\BOOKMARK [1][-]{section.20.4}{\376\377\000R\000e\000s\000u\000m\000e\000\040\000a\000\040\000p\000r\000e\000v\000i\000o\000u\000s\000\040\000s\000e\000s\000s\000i\000o\000n}{chapter.20}% 196
\BOOKMARK [1][-]{section.20.5}{\376\377\000C\000o\000n\000n\000e\000c\000t\000i\000o\000n\000\040\000f\000a\000i\000l\000e\000d\000\040\000w\000i\000t\000h\000\040\000X\0002\000G\000o}{chapter.20}% 197
\BOOKMARK [0][-]{chapter.21}{\376\377\000H\000P\000C\000-\000U\000G\000e\000n\000t\000\040\000G\000P\000U\000\040\000c\000l\000u\000s\000t\000e\000r\000s}{part.2}% 198
\BOOKMARK [1][-]{section.21.1}{\376\377\000S\000u\000b\000m\000i\000t\000t\000i\000n\000g\000\040\000j\000o\000b\000s}{chapter.21}% 199
\BOOKMARK [2][-]{subsection.21.1.1}{\376\377\000I\000n\000t\000e\000r\000a\000c\000t\000i\000v\000e\000\040\000j\000o\000b\000s}{section.21.1}% 200
\BOOKMARK [1][-]{section.21.2}{\376\377\000H\000a\000r\000d\000w\000a\000r\000e}{chapter.21}% 201
\BOOKMARK [1][-]{section.21.3}{\376\377\000R\000e\000q\000u\000e\000s\000t\000i\000n\000g\000\040\000\050\000G\000P\000U\000\051\000\040\000r\000e\000s\000o\000u\000r\000c\000e\000s}{chapter.21}% 202
\BOOKMARK [1][-]{section.21.4}{\376\377\000A\000t\000t\000e\000n\000t\000i\000o\000n\000\040\000p\000o\000i\000n\000t\000s}{chapter.21}% 203
\BOOKMARK [1][-]{section.21.5}{\376\377\000S\000o\000f\000t\000w\000a\000r\000e\000\040\000w\000i\000t\000h\000\040\000G\000P\000U\000\040\000s\000u\000p\000p\000o\000r\000t}{chapter.21}% 204
\BOOKMARK [2][-]{subsection.21.5.1}{\376\377\000G\000R\000O\000M\000A\000C\000S}{section.21.5}% 205
\BOOKMARK [2][-]{subsection.21.5.2}{\376\377\000H\000o\000r\000o\000v\000o\000d}{section.21.5}% 206
\BOOKMARK [2][-]{subsection.21.5.3}{\376\377\000P\000y\000T\000o\000r\000c\000h}{section.21.5}% 207
\BOOKMARK [2][-]{subsection.21.5.4}{\376\377\000T\000e\000n\000s\000o\000r\000F\000l\000o\000w}{section.21.5}% 208
\BOOKMARK [2][-]{subsection.21.5.5}{\376\377\000A\000l\000p\000h\000a\000F\000o\000l\000d}{section.21.5}% 209
\BOOKMARK [1][-]{section.21.6}{\376\377\000G\000e\000t\000t\000i\000n\000g\000\040\000h\000e\000l\000p}{chapter.21}% 210
\BOOKMARK [0][-]{chapter.22}{\376\377\000H\000P\000C\000-\000U\000G\000e\000n\000t\000\040\000i\000n\000t\000e\000r\000a\000c\000t\000i\000v\000e\000\040\000a\000n\000d\000\040\000d\000e\000b\000u\000g\000\040\000c\000l\000u\000s\000t\000e\000r}{part.2}% 211
\BOOKMARK [1][-]{section.22.1}{\376\377\000P\000u\000r\000p\000o\000s\000e}{chapter.22}% 212
\BOOKMARK [1][-]{section.22.2}{\376\377\000S\000u\000b\000m\000i\000t\000t\000i\000n\000g\000\040\000j\000o\000b\000s}{chapter.22}% 213
\BOOKMARK [2][-]{subsection.22.2.1}{\376\377\000R\000e\000s\000t\000r\000i\000c\000t\000i\000o\000n\000s\000\040\000a\000n\000d\000\040\000o\000v\000e\000r\000c\000o\000m\000m\000i\000t\000\040\000f\000a\000c\000t\000o\000r}{section.22.2}% 214
\BOOKMARK [-1][-]{part.3}{\376\377\000I\000I\000I\000\040\000S\000o\000f\000t\000w\000a\000r\000e\000-\000s\000p\000e\000c\000i\000f\000i\000c\000\040\000B\000e\000s\000t\000\040\000P\000r\000a\000c\000t\000i\000c\000e\000s}{}% 215
\BOOKMARK [0][-]{chapter.23}{\376\377\000M\000A\000T\000L\000A\000B}{part.3}% 216
\BOOKMARK [1][-]{section.23.1}{\376\377\000W\000h\000y\000\040\000i\000s\000\040\000t\000h\000e\000\040\000M\000A\000T\000L\000A\000B\000\040\000c\000o\000m\000p\000i\000l\000e\000r\000\040\000r\000e\000q\000u\000i\000r\000e\000d\000?}{chapter.23}% 217
\BOOKMARK [1][-]{section.23.2}{\376\377\000H\000o\000w\000\040\000t\000o\000\040\000c\000o\000m\000p\000i\000l\000e\000\040\000M\000A\000T\000L\000A\000B\000\040\000c\000o\000d\000e}{chapter.23}% 218
\BOOKMARK [2][-]{subsection.23.2.1}{\376\377\000L\000i\000b\000r\000a\000r\000i\000e\000s}{section.23.2}% 219
\BOOKMARK [2][-]{subsection.23.2.2}{\376\377\000M\000e\000m\000o\000r\000y\000\040\000i\000s\000s\000u\000e\000s\000\040\000d\000u\000r\000i\000n\000g\000\040\000c\000o\000m\000p\000i\000l\000a\000t\000i\000o\000n}{section.23.2}% 220
\BOOKMARK [1][-]{section.23.3}{\376\377\000M\000u\000l\000t\000i\000t\000h\000r\000e\000a\000d\000i\000n\000g}{chapter.23}% 221
\BOOKMARK [1][-]{section.23.4}{\376\377\000J\000a\000v\000a\000\040\000o\000u\000t\000p\000u\000t\000\040\000l\000o\000g\000s}{chapter.23}% 222
\BOOKMARK [1][-]{section.23.5}{\376\377\000C\000a\000c\000h\000e\000\040\000l\000o\000c\000a\000t\000i\000o\000n}{chapter.23}% 223
\BOOKMARK [1][-]{section.23.6}{\376\377\000M\000A\000T\000L\000A\000B\000\040\000j\000o\000b\000\040\000s\000c\000r\000i\000p\000t}{chapter.23}% 224
\BOOKMARK [0][-]{chapter.24}{\376\377\000O\000p\000e\000n\000F\000O\000A\000M}{part.3}% 225
\BOOKMARK [1][-]{section.24.1}{\376\377\000D\000i\000f\000f\000e\000r\000e\000n\000t\000\040\000O\000p\000e\000n\000F\000O\000A\000M\000\040\000r\000e\000l\000e\000a\000s\000e\000s}{chapter.24}% 226
\BOOKMARK [1][-]{section.24.2}{\376\377\000D\000o\000c\000u\000m\000e\000n\000t\000a\000t\000i\000o\000n\000\040\000\046\000\040\000t\000r\000a\000i\000n\000i\000n\000g\000\040\000m\000a\000t\000e\000r\000i\000a\000l}{chapter.24}% 227
\BOOKMARK [1][-]{section.24.3}{\376\377\000P\000r\000e\000p\000a\000r\000i\000n\000g\000\040\000t\000h\000e\000\040\000e\000n\000v\000i\000r\000o\000n\000m\000e\000n\000t}{chapter.24}% 228
\BOOKMARK [2][-]{subsection.24.3.1}{\376\377\000P\000i\000c\000k\000i\000n\000g\000\040\000a\000n\000d\000\040\000l\000o\000a\000d\000i\000n\000g\000\040\000a\000n\000\040\000O\000p\000e\000n\000F\000O\000A\000M\000\040\000m\000o\000d\000u\000l\000e}{section.24.3}% 229
\BOOKMARK [2][-]{subsection.24.3.2}{\376\377\000S\000o\000u\000r\000c\000i\000n\000g\000\040\000t\000h\000e\000\040\000\044\000F\000O\000A\000M\000\137\000B\000A\000S\000H\000\040\000s\000c\000r\000i\000p\000t}{section.24.3}% 230
\BOOKMARK [2][-]{subsection.24.3.3}{\376\377\000D\000e\000f\000i\000n\000i\000n\000g\000\040\000u\000t\000i\000l\000i\000t\000y\000\040\000f\000u\000n\000c\000t\000i\000o\000n\000s\000\040\000u\000s\000e\000d\000\040\000i\000n\000\040\000t\000u\000t\000o\000r\000i\000a\000l\000\040\000c\000a\000s\000e\000s}{section.24.3}% 231
\BOOKMARK [2][-]{subsection.24.3.4}{\376\377\000D\000e\000a\000l\000i\000n\000g\000\040\000w\000i\000t\000h\000\040\000f\000l\000o\000a\000t\000i\000n\000g\000-\000p\000o\000i\000n\000t\000\040\000e\000r\000r\000o\000r\000s}{section.24.3}% 232
\BOOKMARK [1][-]{section.24.4}{\376\377\000O\000p\000e\000n\000F\000O\000A\000M\000\040\000w\000o\000r\000k\000f\000l\000o\000w}{chapter.24}% 233
\BOOKMARK [1][-]{section.24.5}{\376\377\000R\000u\000n\000n\000i\000n\000g\000\040\000O\000p\000e\000n\000F\000O\000A\000M\000\040\000i\000n\000\040\000p\000a\000r\000a\000l\000l\000e\000l}{chapter.24}% 234
\BOOKMARK [2][-]{subsection.24.5.1}{\376\377\000T\000h\000e\000\040\000-\000p\000a\000r\000a\000l\000l\000e\000l\000\040\000o\000p\000t\000i\000o\000n}{section.24.5}% 235
\BOOKMARK [2][-]{subsection.24.5.2}{\376\377\000U\000s\000i\000n\000g\000\040\000m\000y\000m\000p\000i\000r\000u\000n}{section.24.5}% 236
\BOOKMARK [2][-]{subsection.24.5.3}{\376\377\000D\000o\000m\000a\000i\000n\000\040\000d\000e\000c\000o\000m\000p\000o\000s\000i\000t\000i\000o\000n\000\040\000a\000n\000d\000\040\000n\000u\000m\000b\000e\000r\000\040\000o\000f\000\040\000p\000r\000o\000c\000e\000s\000s\000o\000r\000\040\000c\000o\000r\000e\000s}{section.24.5}% 237
\BOOKMARK [1][-]{section.24.6}{\376\377\000R\000u\000n\000n\000i\000n\000g\000\040\000O\000p\000e\000n\000F\000O\000A\000M\000\040\000o\000n\000\040\000a\000\040\000s\000h\000a\000r\000e\000d\000\040\000f\000i\000l\000e\000s\000y\000s\000t\000e\000m}{chapter.24}% 238
\BOOKMARK [1][-]{section.24.7}{\376\377\000U\000s\000i\000n\000g\000\040\000o\000w\000n\000\040\000s\000o\000l\000v\000e\000r\000s\000\040\000w\000i\000t\000h\000\040\000O\000p\000e\000n\000F\000O\000A\000M}{chapter.24}% 239
\BOOKMARK [1][-]{section.24.8}{\376\377\000E\000x\000a\000m\000p\000l\000e\000\040\000O\000p\000e\000n\000F\000O\000A\000M\000\040\000j\000o\000b\000\040\000s\000c\000r\000i\000p\000t}{chapter.24}% 240
\BOOKMARK [0][-]{chapter.25}{\376\377\000M\000y\000m\000p\000i\000r\000u\000n}{part.3}% 241
\BOOKMARK [1][-]{section.25.1}{\376\377\000B\000a\000s\000i\000c\000\040\000u\000s\000a\000g\000e}{chapter.25}% 242
\BOOKMARK [1][-]{section.25.2}{\376\377\000C\000o\000n\000t\000r\000o\000l\000l\000i\000n\000g\000\040\000n\000u\000m\000b\000e\000r\000\040\000o\000f\000\040\000p\000r\000o\000c\000e\000s\000s\000e\000s}{chapter.25}% 243
\BOOKMARK [2][-]{subsection.25.2.1}{\376\377\000-\000-\000h\000y\000b\000r\000i\000d\000/\000-\000h}{section.25.2}% 244
\BOOKMARK [2][-]{subsection.25.2.2}{\376\377\000O\000t\000h\000e\000r\000\040\000o\000p\000t\000i\000o\000n\000s}{section.25.2}% 245
\BOOKMARK [1][-]{section.25.3}{\376\377\000D\000r\000y\000\040\000r\000u\000n}{chapter.25}% 246
\BOOKMARK [1][-]{section.25.4}{\376\377\000F\000A\000Q}{chapter.25}% 247
\BOOKMARK [2][-]{subsection.25.4.1}{\376\377\000m\000y\000m\000p\000i\000r\000u\000n\000\040\000s\000e\000e\000m\000s\000\040\000t\000o\000\040\000i\000g\000n\000o\000r\000e\000\040\000i\000t\000s\000\040\000a\000r\000g\000u\000m\000e\000n\000t\000s}{section.25.4}% 248
\BOOKMARK [2][-]{subsection.25.4.2}{\376\377\000I\000\040\000h\000a\000v\000e\000\040\000o\000t\000h\000e\000r\000\040\000p\000r\000o\000b\000l\000e\000m\000s\000/\000q\000u\000e\000s\000t\000i\000o\000n\000s}{section.25.4}% 249
\BOOKMARK [0][-]{chapter.26}{\376\377\000S\000i\000n\000g\000u\000l\000a\000r\000i\000t\000y}{part.3}% 250
\BOOKMARK [1][-]{section.26.1}{\376\377\000W\000h\000a\000t\000\040\000i\000s\000\040\000S\000i\000n\000g\000u\000l\000a\000r\000i\000t\000y\000?}{chapter.26}% 251
\BOOKMARK [1][-]{section.26.2}{\376\377\000R\000e\000s\000t\000r\000i\000c\000t\000i\000o\000n\000s\000\040\000o\000n\000\040\000i\000m\000a\000g\000e\000\040\000l\000o\000c\000a\000t\000i\000o\000n}{chapter.26}% 252
\BOOKMARK [1][-]{section.26.3}{\376\377\000A\000v\000a\000i\000l\000a\000b\000l\000e\000\040\000f\000i\000l\000e\000s\000y\000s\000t\000e\000m\000s}{chapter.26}% 253
\BOOKMARK [1][-]{section.26.4}{\376\377\000S\000i\000n\000g\000u\000l\000a\000r\000i\000t\000y\000\040\000I\000m\000a\000g\000e\000s}{chapter.26}% 254
\BOOKMARK [2][-]{subsection.26.4.1}{\376\377\000C\000r\000e\000a\000t\000i\000n\000g\000\040\000S\000i\000n\000g\000u\000l\000a\000r\000i\000t\000y\000\040\000i\000m\000a\000g\000e\000s}{section.26.4}% 255
\BOOKMARK [2][-]{subsection.26.4.2}{\376\377\000C\000o\000n\000v\000e\000r\000t\000i\000n\000g\000\040\000D\000o\000c\000k\000e\000r\000\040\000i\000m\000a\000g\000e\000s}{section.26.4}% 256
\BOOKMARK [1][-]{section.26.5}{\376\377\000E\000x\000e\000c\000u\000t\000e\000\040\000o\000u\000r\000\040\000o\000w\000n\000\040\000s\000c\000r\000i\000p\000t\000\040\000w\000i\000t\000h\000i\000n\000\040\000o\000u\000r\000\040\000c\000o\000n\000t\000a\000i\000n\000e\000r}{chapter.26}% 257
\BOOKMARK [1][-]{section.26.6}{\376\377\000T\000e\000n\000s\000o\000r\000f\000l\000o\000w\000\040\000e\000x\000a\000m\000p\000l\000e}{chapter.26}% 258
\BOOKMARK [1][-]{section.26.7}{\376\377\000M\000P\000I\000\040\000e\000x\000a\000m\000p\000l\000e}{chapter.26}% 259
\BOOKMARK [0][-]{chapter.27}{\376\377\000S\000C\000O\000O\000P}{part.3}% 260
\BOOKMARK [1][-]{section.27.1}{\376\377\000L\000o\000a\000d\000i\000n\000g\000\040\000t\000h\000e\000\040\000m\000o\000d\000u\000l\000e}{chapter.27}% 261
\BOOKMARK [1][-]{section.27.2}{\376\377\000W\000r\000i\000t\000e\000\040\000a\000\040\000w\000o\000r\000k\000e\000r\000\040\000s\000c\000r\000i\000p\000t}{chapter.27}% 262
\BOOKMARK [1][-]{section.27.3}{\376\377\000E\000x\000e\000c\000u\000t\000i\000n\000g\000\040\000t\000h\000e\000\040\000p\000r\000o\000g\000r\000a\000m}{chapter.27}% 263
\BOOKMARK [1][-]{section.27.4}{\376\377\000U\000s\000i\000n\000g\000\040\000m\000y\000s\000c\000o\000o\000p}{chapter.27}% 264
\BOOKMARK [1][-]{section.27.5}{\376\377\000E\000x\000a\000m\000p\000l\000e\000:\000\040\000c\000a\000l\000c\000u\000l\000a\000t\000i\000n\000g\000\040}{chapter.27}% 265
\BOOKMARK [0][-]{chapter.28}{\376\377\000E\000a\000s\000y\000b\000u\000i\000l\000d}{part.3}% 266
\BOOKMARK [1][-]{section.28.1}{\376\377\000W\000h\000a\000t\000\040\000i\000s\000\040\000E\000a\000s\000y\000b\000u\000i\000l\000d\000?}{chapter.28}% 267
\BOOKMARK [1][-]{section.28.2}{\376\377\000W\000h\000e\000n\000\040\000s\000h\000o\000u\000l\000d\000\040\000I\000\040\000u\000s\000e\000\040\000E\000a\000s\000y\000b\000u\000i\000l\000d\000?}{chapter.28}% 268
\BOOKMARK [1][-]{section.28.3}{\376\377\000C\000o\000n\000f\000i\000g\000u\000r\000i\000n\000g\000\040\000E\000a\000s\000y\000B\000u\000i\000l\000d}{chapter.28}% 269
\BOOKMARK [2][-]{subsection.28.3.1}{\376\377\000P\000a\000t\000h\000\040\000t\000o\000\040\000s\000o\000u\000r\000c\000e\000s}{section.28.3}% 270
\BOOKMARK [2][-]{subsection.28.3.2}{\376\377\000B\000u\000i\000l\000d\000\040\000d\000i\000r\000e\000c\000t\000o\000r\000y}{section.28.3}% 271
\BOOKMARK [2][-]{subsection.28.3.3}{\376\377\000S\000o\000f\000t\000w\000a\000r\000e\000\040\000i\000n\000s\000t\000a\000l\000l\000\040\000l\000o\000c\000a\000t\000i\000o\000n}{section.28.3}% 272
\BOOKMARK [1][-]{section.28.4}{\376\377\000U\000s\000i\000n\000g\000\040\000E\000a\000s\000y\000B\000u\000i\000l\000d}{chapter.28}% 273
\BOOKMARK [2][-]{subsection.28.4.1}{\376\377\000I\000n\000s\000t\000a\000l\000l\000i\000n\000g\000\040\000s\000u\000p\000p\000o\000r\000t\000e\000d\000\040\000s\000o\000f\000t\000w\000a\000r\000e}{section.28.4}% 274
\BOOKMARK [2][-]{subsection.28.4.2}{\376\377\000I\000n\000s\000t\000a\000l\000l\000i\000n\000g\000\040\000v\000a\000r\000i\000a\000n\000t\000s\000\040\000o\000n\000\040\000s\000u\000p\000p\000o\000r\000t\000e\000d\000\040\000s\000o\000f\000t\000w\000a\000r\000e}{section.28.4}% 275
\BOOKMARK [2][-]{subsection.28.4.3}{\376\377\000I\000n\000s\000t\000a\000l\000l\000\040\000o\000t\000h\000e\000r\000\040\000s\000o\000f\000t\000w\000a\000r\000e}{section.28.4}% 276
\BOOKMARK [1][-]{section.28.5}{\376\377\000U\000s\000i\000n\000g\000\040\000t\000h\000e\000\040\000i\000n\000s\000t\000a\000l\000l\000e\000d\000\040\000m\000o\000d\000u\000l\000e\000s}{chapter.28}% 277
\BOOKMARK [0][-]{chapter.29}{\376\377\000H\000a\000n\000y\000t\000h\000i\000n\000g\000o\000n\000d\000e\000m\000a\000n\000d\000\040\000\050\000H\000O\000D\000\051}{part.3}% 278
\BOOKMARK [1][-]{section.29.1}{\376\377\000D\000o\000c\000u\000m\000e\000n\000t\000a\000t\000i\000o\000n}{chapter.29}% 279
\BOOKMARK [1][-]{section.29.2}{\376\377\000U\000s\000i\000n\000g\000\040\000H\000O\000D}{chapter.29}% 280
\BOOKMARK [2][-]{subsection.29.2.1}{\376\377\000C\000o\000m\000p\000a\000t\000i\000b\000i\000l\000i\000t\000y\000\040\000w\000i\000t\000h\000\040\000l\000o\000g\000i\000n\000\040\000n\000o\000d\000e\000s}{section.29.2}% 281
\BOOKMARK [2][-]{subsection.29.2.2}{\376\377\000S\000t\000a\000n\000d\000a\000r\000d\000\040\000H\000O\000D\000\040\000c\000o\000n\000f\000i\000g\000u\000r\000a\000t\000i\000o\000n}{section.29.2}% 282
\BOOKMARK [2][-]{subsection.29.2.3}{\376\377\000C\000l\000e\000a\000n\000i\000n\000g\000\040\000u\000p}{section.29.2}% 283
\BOOKMARK [1][-]{section.29.3}{\376\377\000G\000e\000t\000t\000i\000n\000g\000\040\000h\000e\000l\000p}{chapter.29}% 284
\BOOKMARK [0][-]{appendix.A}{\376\377\000H\000P\000C\000\040\000Q\000u\000i\000c\000k\000\040\000R\000e\000f\000e\000r\000e\000n\000c\000e\000\040\000G\000u\000i\000d\000e}{part.3}% 285
\BOOKMARK [0][-]{appendix.B}{\376\377\000T\000O\000R\000Q\000U\000E\000\040\000o\000p\000t\000i\000o\000n\000s}{part.3}% 286
\BOOKMARK [1][-]{section.B.1}{\376\377\000T\000O\000R\000Q\000U\000E\000\040\000S\000u\000b\000m\000i\000s\000s\000i\000o\000n\000\040\000F\000l\000a\000g\000s\000:\000\040\000c\000o\000m\000m\000o\000n\000\040\000a\000n\000d\000\040\000u\000s\000e\000f\000u\000l\000\040\000d\000i\000r\000e\000c\000t\000i\000v\000e\000s}{appendix.B}% 287
\BOOKMARK [1][-]{section.B.2}{\376\377\000E\000n\000v\000i\000r\000o\000n\000m\000e\000n\000t\000\040\000V\000a\000r\000i\000a\000b\000l\000e\000s\000\040\000i\000n\000\040\000B\000a\000t\000c\000h\000\040\000J\000o\000b\000\040\000S\000c\000r\000i\000p\000t\000s}{appendix.B}% 288
\BOOKMARK [0][-]{appendix.C}{\376\377\000U\000s\000e\000f\000u\000l\000\040\000L\000i\000n\000u\000x\000\040\000C\000o\000m\000m\000a\000n\000d\000s}{part.3}% 289
\BOOKMARK [1][-]{section.C.1}{\376\377\000B\000a\000s\000i\000c\000\040\000L\000i\000n\000u\000x\000\040\000U\000s\000a\000g\000e}{appendix.C}% 290
\BOOKMARK [1][-]{section.C.2}{\376\377\000H\000o\000w\000\040\000t\000o\000\040\000g\000e\000t\000\040\000s\000t\000a\000r\000t\000e\000d\000\040\000w\000i\000t\000h\000\040\000s\000h\000e\000l\000l\000\040\000s\000c\000r\000i\000p\000t\000s}{appendix.C}% 291
\BOOKMARK [1][-]{section.C.3}{\376\377\000L\000i\000n\000u\000x\000\040\000Q\000u\000i\000c\000k\000\040\000r\000e\000f\000e\000r\000e\000n\000c\000e\000\040\000G\000u\000i\000d\000e}{appendix.C}% 292
\BOOKMARK [2][-]{subsection.C.3.1}{\376\377\000A\000r\000c\000h\000i\000v\000e\000\040\000C\000o\000m\000m\000a\000n\000d\000s}{section.C.3}% 293
\BOOKMARK [2][-]{subsection.C.3.2}{\376\377\000B\000a\000s\000i\000c\000\040\000C\000o\000m\000m\000a\000n\000d\000s}{section.C.3}% 294
\BOOKMARK [2][-]{subsection.C.3.3}{\376\377\000E\000d\000i\000t\000o\000r}{section.C.3}% 295
\BOOKMARK [2][-]{subsection.C.3.4}{\376\377\000F\000i\000l\000e\000\040\000C\000o\000m\000m\000a\000n\000d\000s}{section.C.3}% 296
\BOOKMARK [2][-]{subsection.C.3.5}{\376\377\000H\000e\000l\000p\000\040\000C\000o\000m\000m\000a\000n\000d\000s}{section.C.3}% 297
\BOOKMARK [2][-]{subsection.C.3.6}{\376\377\000N\000e\000t\000w\000o\000r\000k\000\040\000C\000o\000m\000m\000a\000n\000d\000s}{section.C.3}% 298
\BOOKMARK [2][-]{subsection.C.3.7}{\376\377\000O\000t\000h\000e\000r\000\040\000C\000o\000m\000m\000a\000n\000d\000s}{section.C.3}% 299
\BOOKMARK [2][-]{subsection.C.3.8}{\376\377\000P\000r\000o\000c\000e\000s\000s\000\040\000C\000o\000m\000m\000a\000n\000d\000s}{section.C.3}% 300
\BOOKMARK [2][-]{subsection.C.3.9}{\376\377\000U\000s\000e\000r\000\040\000A\000c\000c\000o\000u\000n\000t\000\040\000C\000o\000m\000m\000a\000n\000d\000s}{section.C.3}% 301
