\BOOKMARK [0][-]{section*.1}{\376\377\000G\000l\000o\000s\000s\000a\000r\000y}{}% 1
\BOOKMARK [-1][-]{part.1}{\376\377\000I\000\040\000B\000e\000g\000i\000n\000n\000e\000r\000'\000s\000\040\000G\000u\000i\000d\000e}{}% 2
\BOOKMARK [0][-]{chapter.1}{\376\377\000I\000n\000t\000r\000o\000d\000u\000c\000t\000i\000o\000n\000\040\000t\000o\000\040\000H\000P\000C}{part.1}% 3
\BOOKMARK [1][-]{section.1.1}{\376\377\000W\000h\000a\000t\000\040\000i\000s\000\040\000H\000P\000C\000?}{chapter.1}% 4
\BOOKMARK [1][-]{section.1.2}{\376\377\000W\000h\000a\000t\000\040\000i\000s\000\040\000t\000h\000e\000\040\000H\000P\000C\000-\000K\000U\000\040\000L\000e\000u\000v\000e\000n\000/\000U\000H\000a\000s\000s\000e\000l\000t\000?}{chapter.1}% 5
\BOOKMARK [1][-]{section.1.3}{\376\377\000W\000h\000a\000t\000\040\000t\000h\000e\000\040\000H\000P\000C\000\040\000i\000n\000f\000r\000a\000s\000t\000u\000c\000t\000u\000r\000e\000\040\000i\000s\000\040\000n\000o\000t}{chapter.1}% 6
\BOOKMARK [1][-]{section.1.4}{\376\377\000I\000s\000\040\000t\000h\000e\000\040\000H\000P\000C\000-\000K\000U\000\040\000L\000e\000u\000v\000e\000n\000/\000U\000H\000a\000s\000s\000e\000l\000t\000\040\000a\000\040\000s\000o\000l\000u\000t\000i\000o\000n\000\040\000f\000o\000r\000\040\000m\000y\000\040\000c\000o\000m\000p\000u\000t\000a\000t\000i\000o\000n\000a\000l\000\040\000n\000e\000e\000d\000s\000?}{chapter.1}% 7
\BOOKMARK [2][-]{subsection.1.4.1}{\376\377\000B\000a\000t\000c\000h\000\040\000o\000r\000\040\000i\000n\000t\000e\000r\000a\000c\000t\000i\000v\000e\000\040\000m\000o\000d\000e\000?}{section.1.4}% 8
\BOOKMARK [2][-]{subsection.1.4.2}{\376\377\000W\000h\000a\000t\000\040\000a\000r\000e\000\040\000c\000o\000r\000e\000s\000,\000\040\000p\000r\000o\000c\000e\000s\000s\000o\000r\000s\000\040\000a\000n\000d\000\040\000n\000o\000d\000e\000s\000?}{section.1.4}% 9
\BOOKMARK [2][-]{subsection.1.4.3}{\376\377\000P\000a\000r\000a\000l\000l\000e\000l\000\040\000o\000r\000\040\000s\000e\000q\000u\000e\000n\000t\000i\000a\000l\000\040\000p\000r\000o\000g\000r\000a\000m\000s\000?}{section.1.4}% 10
\BOOKMARK [2][-]{subsection.1.4.4}{\376\377\000W\000h\000a\000t\000\040\000p\000r\000o\000g\000r\000a\000m\000m\000i\000n\000g\000\040\000l\000a\000n\000g\000u\000a\000g\000e\000s\000\040\000c\000a\000n\000\040\000I\000\040\000u\000s\000e\000?}{section.1.4}% 11
\BOOKMARK [2][-]{subsection.1.4.5}{\376\377\000W\000h\000a\000t\000\040\000o\000p\000e\000r\000a\000t\000i\000n\000g\000\040\000s\000y\000s\000t\000e\000m\000s\000\040\000c\000a\000n\000\040\000I\000\040\000u\000s\000e\000?}{section.1.4}% 12
\BOOKMARK [2][-]{subsection.1.4.6}{\376\377\000W\000h\000a\000t\000\040\000d\000o\000e\000s\000\040\000a\000\040\000t\000y\000p\000i\000c\000a\000l\000\040\000w\000o\000r\000k\000f\000l\000o\000w\000\040\000l\000o\000o\000k\000\040\000l\000i\000k\000e\000?}{section.1.4}% 13
\BOOKMARK [2][-]{subsection.1.4.7}{\376\377\000W\000h\000a\000t\000\040\000i\000s\000\040\000t\000h\000e\000\040\000n\000e\000x\000t\000\040\000s\000t\000e\000p\000?}{section.1.4}% 14
\BOOKMARK [0][-]{chapter.2}{\376\377\000G\000e\000t\000t\000i\000n\000g\000\040\000a\000n\000\040\000H\000P\000C\000\040\000A\000c\000c\000o\000u\000n\000t}{part.1}% 15
\BOOKMARK [1][-]{section.2.1}{\376\377\000G\000e\000t\000t\000i\000n\000g\000\040\000r\000e\000a\000d\000y\000\040\000t\000o\000\040\000r\000e\000q\000u\000e\000s\000t\000\040\000a\000n\000\040\000a\000c\000c\000o\000u\000n\000t}{chapter.2}% 16
\BOOKMARK [2][-]{subsection.2.1.1}{\376\377\000H\000o\000w\000\040\000d\000o\000\040\000S\000S\000H\000\040\000k\000e\000y\000s\000\040\000w\000o\000r\000k\000?}{section.2.1}% 17
\BOOKMARK [2][-]{subsection.2.1.2}{\376\377\000G\000e\000t\000\040\000P\000u\000T\000T\000Y\000:\000\040\000A\000\040\000f\000r\000e\000e\000\040\000t\000e\000l\000n\000e\000t\000/\000S\000S\000H\000\040\000c\000l\000i\000e\000n\000t}{section.2.1}% 18
\BOOKMARK [2][-]{subsection.2.1.3}{\376\377\000G\000e\000n\000e\000r\000a\000t\000i\000n\000g\000\040\000a\000\040\000p\000u\000b\000l\000i\000c\000/\000p\000r\000i\000v\000a\000t\000e\000\040\000k\000e\000y\000\040\000p\000a\000i\000r}{section.2.1}% 19
\BOOKMARK [2][-]{subsection.2.1.4}{\376\377\000U\000s\000i\000n\000g\000\040\000a\000n\000\040\000S\000S\000H\000\040\000a\000g\000e\000n\000t\000\040\000\050\000o\000p\000t\000i\000o\000n\000a\000l\000\051}{section.2.1}% 20
\BOOKMARK [1][-]{section.2.2}{\376\377\000A\000p\000p\000l\000y\000i\000n\000g\000\040\000f\000o\000r\000\040\000t\000h\000e\000\040\000a\000c\000c\000o\000u\000n\000t}{chapter.2}% 21
\BOOKMARK [2][-]{subsection.2.2.1}{\376\377\000W\000e\000l\000c\000o\000m\000e\000\040\000e\000-\000m\000a\000i\000l}{section.2.2}% 22
\BOOKMARK [2][-]{subsection.2.2.2}{\376\377\000A\000d\000d\000i\000n\000g\000\040\000m\000u\000l\000t\000i\000p\000l\000e\000\040\000S\000S\000H\000\040\000p\000u\000b\000l\000i\000c\000\040\000k\000e\000y\000s\000\040\000\050\000o\000p\000t\000i\000o\000n\000a\000l\000\051}{section.2.2}% 23
\BOOKMARK [1][-]{section.2.3}{\376\377\000C\000o\000m\000p\000u\000t\000a\000t\000i\000o\000n\000\040\000W\000o\000r\000k\000f\000l\000o\000w\000\040\000o\000n\000\040\000t\000h\000e\000\040\000H\000P\000C\000-\000K\000U\000\040\000L\000e\000u\000v\000e\000n\000/\000U\000H\000a\000s\000s\000e\000l\000t}{chapter.2}% 24
\BOOKMARK [0][-]{chapter.3}{\376\377\000C\000o\000n\000n\000e\000c\000t\000i\000n\000g\000\040\000t\000o\000\040\000t\000h\000e\000\040\000H\000P\000C\000\040\000i\000n\000f\000r\000a\000s\000t\000r\000u\000c\000t\000u\000r\000e}{part.1}% 25
\BOOKMARK [1][-]{section.3.1}{\376\377\000C\000o\000n\000n\000e\000c\000t\000i\000o\000n\000\040\000r\000e\000s\000t\000r\000i\000c\000t\000i\000o\000n\000s}{chapter.3}% 26
\BOOKMARK [1][-]{section.3.2}{\376\377\000F\000i\000r\000s\000t\000\040\000T\000i\000m\000e\000\040\000c\000o\000n\000n\000e\000c\000t\000i\000o\000n\000\040\000t\000o\000\040\000t\000h\000e\000\040\000H\000P\000C\000\040\000i\000n\000f\000r\000a\000s\000t\000r\000u\000c\000t\000u\000r\000e}{chapter.3}% 27
\BOOKMARK [2][-]{subsection.3.2.1}{\376\377\000O\000p\000e\000n\000\040\000a\000\040\000T\000e\000r\000m\000i\000n\000a\000l}{section.3.2}% 28
\BOOKMARK [1][-]{section.3.3}{\376\377\000T\000r\000a\000n\000s\000f\000e\000r\000\040\000F\000i\000l\000e\000s\000\040\000t\000o\000/\000f\000r\000o\000m\000\040\000t\000h\000e\000\040\000H\000P\000C\000-\000K\000U\000\040\000L\000e\000u\000v\000e\000n\000/\000U\000H\000a\000s\000s\000e\000l\000t}{chapter.3}% 29
\BOOKMARK [2][-]{subsection.3.3.1}{\376\377\000W\000i\000n\000S\000C\000P}{section.3.3}% 30
\BOOKMARK [2][-]{subsection.3.3.2}{\376\377\000F\000a\000s\000t\000\040\000f\000i\000l\000e\000\040\000t\000r\000a\000n\000s\000f\000e\000r\000\040\000f\000o\000r\000\040\000l\000a\000r\000g\000e\000\040\000d\000a\000t\000a\000s\000e\000t\000s}{section.3.3}% 31
\BOOKMARK [0][-]{chapter.4}{\376\377\000R\000u\000n\000n\000i\000n\000g\000\040\000b\000a\000t\000c\000h\000\040\000j\000o\000b\000s}{part.1}% 32
\BOOKMARK [1][-]{section.4.1}{\376\377\000M\000o\000d\000u\000l\000e\000s}{chapter.4}% 33
\BOOKMARK [2][-]{subsection.4.1.1}{\376\377\000E\000n\000v\000i\000r\000o\000n\000m\000e\000n\000t\000\040\000V\000a\000r\000i\000a\000b\000l\000e\000s}{section.4.1}% 34
\BOOKMARK [2][-]{subsection.4.1.2}{\376\377\000T\000h\000e\000\040\000m\000o\000d\000u\000l\000e\000\040\000c\000o\000m\000m\000a\000n\000d}{section.4.1}% 35
\BOOKMARK [2][-]{subsection.4.1.3}{\376\377\000A\000v\000a\000i\000l\000a\000b\000l\000e\000\040\000m\000o\000d\000u\000l\000e\000s}{section.4.1}% 36
\BOOKMARK [2][-]{subsection.4.1.4}{\376\377\000O\000r\000g\000a\000n\000i\000s\000a\000t\000i\000o\000n\000\040\000o\000f\000\040\000m\000o\000d\000u\000l\000e\000s\000\040\000i\000n\000\040\000t\000o\000o\000l\000c\000h\000a\000i\000n\000s}{section.4.1}% 37
\BOOKMARK [2][-]{subsection.4.1.5}{\376\377\000L\000o\000a\000d\000i\000n\000g\000\040\000a\000n\000d\000\040\000u\000n\000l\000o\000a\000d\000i\000n\000g\000\040\000m\000o\000d\000u\000l\000e\000s}{section.4.1}% 38
\BOOKMARK [2][-]{subsection.4.1.6}{\376\377\000P\000u\000r\000g\000i\000n\000g\000\040\000a\000l\000l\000\040\000m\000o\000d\000u\000l\000e\000s}{section.4.1}% 39
\BOOKMARK [2][-]{subsection.4.1.7}{\376\377\000U\000s\000i\000n\000g\000\040\000e\000x\000p\000l\000i\000c\000i\000t\000\040\000v\000e\000r\000s\000i\000o\000n\000\040\000n\000u\000m\000b\000e\000r\000s}{section.4.1}% 40
\BOOKMARK [2][-]{subsection.4.1.8}{\376\377\000G\000e\000t\000\040\000d\000e\000t\000a\000i\000l\000e\000d\000\040\000i\000n\000f\000o}{section.4.1}% 41
\BOOKMARK [2][-]{subsection.4.1.9}{\376\377\000G\000e\000t\000t\000i\000n\000g\000\040\000m\000o\000d\000u\000l\000e\000\040\000d\000e\000t\000a\000i\000l\000s}{section.4.1}% 42
\BOOKMARK [1][-]{section.4.2}{\376\377\000G\000e\000t\000t\000i\000n\000g\000\040\000s\000y\000s\000t\000e\000m\000\040\000i\000n\000f\000o\000r\000m\000a\000t\000i\000o\000n\000\040\000a\000b\000o\000u\000t\000\040\000t\000h\000e\000\040\000H\000P\000C\000\040\000i\000n\000f\000r\000a\000s\000t\000r\000u\000c\000t\000u\000r\000e}{chapter.4}% 43
\BOOKMARK [2][-]{subsection.4.2.1}{\376\377\000C\000h\000e\000c\000k\000i\000n\000g\000\040\000t\000h\000e\000\040\000g\000e\000n\000e\000r\000a\000l\000\040\000s\000t\000a\000t\000u\000s\000\040\000o\000f\000\040\000t\000h\000e\000\040\000H\000P\000C\000\040\000i\000n\000f\000r\000a\000s\000t\000r\000u\000c\000t\000u\000r\000e}{section.4.2}% 44
\BOOKMARK [1][-]{section.4.3}{\376\377\000D\000e\000f\000i\000n\000i\000n\000g\000\040\000a\000n\000d\000\040\000s\000u\000b\000m\000i\000t\000t\000i\000n\000g\000\040\000y\000o\000u\000r\000\040\000j\000o\000b}{chapter.4}% 45
\BOOKMARK [1][-]{section.4.4}{\376\377\000M\000o\000n\000i\000t\000o\000r\000i\000n\000g\000\040\000a\000n\000d\000\040\000m\000a\000n\000a\000g\000i\000n\000g\000\040\000y\000o\000u\000r\000\040\000j\000o\000b\000\050\000s\000\051}{chapter.4}% 46
\BOOKMARK [1][-]{section.4.5}{\376\377\000E\000x\000a\000m\000i\000n\000i\000n\000g\000\040\000t\000h\000e\000\040\000q\000u\000e\000u\000e}{chapter.4}% 47
\BOOKMARK [1][-]{section.4.6}{\376\377\000S\000p\000e\000c\000i\000f\000y\000i\000n\000g\000\040\000j\000o\000b\000\040\000r\000e\000q\000u\000i\000r\000e\000m\000e\000n\000t\000s}{chapter.4}% 48
\BOOKMARK [2][-]{subsection.4.6.1}{\376\377\000G\000e\000n\000e\000r\000i\000c\000\040\000r\000e\000s\000o\000u\000r\000c\000e\000\040\000r\000e\000q\000u\000i\000r\000e\000m\000e\000n\000t\000s}{section.4.6}% 49
\BOOKMARK [2][-]{subsection.4.6.2}{\376\377\000N\000o\000d\000e\000-\000s\000p\000e\000c\000i\000f\000i\000c\000\040\000p\000r\000o\000p\000e\000r\000t\000i\000e\000s}{section.4.6}% 50
\BOOKMARK [1][-]{section.4.7}{\376\377\000J\000o\000b\000\040\000o\000u\000t\000p\000u\000t\000\040\000a\000n\000d\000\040\000e\000r\000r\000o\000r\000\040\000f\000i\000l\000e\000s}{chapter.4}% 51
\BOOKMARK [1][-]{section.4.8}{\376\377\000E\000-\000m\000a\000i\000l\000\040\000n\000o\000t\000i\000f\000i\000c\000a\000t\000i\000o\000n\000s}{chapter.4}% 52
\BOOKMARK [2][-]{subsection.4.8.1}{\376\377\000U\000p\000o\000n\000\040\000j\000o\000b\000\040\000f\000a\000i\000l\000u\000r\000e}{section.4.8}% 53
\BOOKMARK [2][-]{subsection.4.8.2}{\376\377\000G\000e\000n\000e\000r\000a\000t\000e\000\040\000y\000o\000u\000r\000\040\000o\000w\000n\000\040\000e\000-\000m\000a\000i\000l\000\040\000n\000o\000t\000i\000f\000i\000c\000a\000t\000i\000o\000n\000s}{section.4.8}% 54
\BOOKMARK [1][-]{section.4.9}{\376\377\000R\000u\000n\000n\000i\000n\000g\000\040\000a\000\040\000j\000o\000b\000\040\000a\000f\000t\000e\000r\000\040\000a\000n\000o\000t\000h\000e\000r\000\040\000j\000o\000b}{chapter.4}% 55
\BOOKMARK [0][-]{chapter.5}{\376\377\000R\000u\000n\000n\000i\000n\000g\000\040\000i\000n\000t\000e\000r\000a\000c\000t\000i\000v\000e\000\040\000j\000o\000b\000s}{part.1}% 56
\BOOKMARK [1][-]{section.5.1}{\376\377\000I\000n\000t\000r\000o\000d\000u\000c\000t\000i\000o\000n}{chapter.5}% 57
\BOOKMARK [1][-]{section.5.2}{\376\377\000I\000n\000t\000e\000r\000a\000c\000t\000i\000v\000e\000\040\000j\000o\000b\000s\000,\000\040\000w\000i\000t\000h\000o\000u\000t\000\040\000X\000\040\000s\000u\000p\000p\000o\000r\000t}{chapter.5}% 58
\BOOKMARK [1][-]{section.5.3}{\376\377\000I\000n\000t\000e\000r\000a\000c\000t\000i\000v\000e\000\040\000j\000o\000b\000s\000,\000\040\000w\000i\000t\000h\000\040\000g\000r\000a\000p\000h\000i\000c\000a\000l\000\040\000s\000u\000p\000p\000o\000r\000t}{chapter.5}% 59
\BOOKMARK [2][-]{subsection.5.3.1}{\376\377\000S\000o\000f\000t\000w\000a\000r\000e\000\040\000I\000n\000s\000t\000a\000l\000l\000a\000t\000i\000o\000n}{section.5.3}% 60
\BOOKMARK [2][-]{subsection.5.3.2}{\376\377\000R\000u\000n\000\040\000s\000i\000m\000p\000l\000e\000\040\000e\000x\000a\000m\000p\000l\000e}{section.5.3}% 61
\BOOKMARK [2][-]{subsection.5.3.3}{\376\377\000R\000u\000n\000\040\000y\000o\000u\000r\000\040\000i\000n\000t\000e\000r\000a\000c\000t\000i\000v\000e\000\040\000a\000p\000p\000l\000i\000c\000a\000t\000i\000o\000n}{section.5.3}% 62
\BOOKMARK [0][-]{chapter.6}{\376\377\000R\000u\000n\000n\000i\000n\000g\000\040\000j\000o\000b\000s\000\040\000w\000i\000t\000h\000\040\000i\000n\000p\000u\000t\000/\000o\000u\000t\000p\000u\000t\000\040\000d\000a\000t\000a}{part.1}% 63
\BOOKMARK [1][-]{section.6.1}{\376\377\000T\000h\000e\000\040\000c\000u\000r\000r\000e\000n\000t\000\040\000d\000i\000r\000e\000c\000t\000o\000r\000y\000\040\000a\000n\000d\000\040\000o\000u\000t\000p\000u\000t\000\040\000a\000n\000d\000\040\000e\000r\000r\000o\000r\000\040\000f\000i\000l\000e\000s}{chapter.6}% 64
\BOOKMARK [2][-]{subsection.6.1.1}{\376\377\000D\000e\000f\000a\000u\000l\000t\000\040\000f\000i\000l\000e\000\040\000n\000a\000m\000e\000s}{section.6.1}% 65
\BOOKMARK [2][-]{subsection.6.1.2}{\376\377\000F\000i\000l\000e\000n\000a\000m\000e\000s\000\040\000u\000s\000i\000n\000g\000\040\000t\000h\000e\000\040\000n\000a\000m\000e\000\040\000o\000f\000\040\000t\000h\000e\000\040\000j\000o\000b}{section.6.1}% 66
\BOOKMARK [2][-]{subsection.6.1.3}{\376\377\000U\000s\000e\000r\000-\000d\000e\000f\000i\000n\000e\000d\000\040\000f\000i\000l\000e\000\040\000n\000a\000m\000e\000s}{section.6.1}% 67
\BOOKMARK [1][-]{section.6.2}{\376\377\000W\000h\000e\000r\000e\000\040\000t\000o\000\040\000s\000t\000o\000r\000e\000\040\000y\000o\000u\000r\000\040\000d\000a\000t\000a\000\040\000o\000n\000\040\000t\000h\000e\000\040\000H\000P\000C\000-\000K\000U\000\040\000L\000e\000u\000v\000e\000n\000/\000U\000H\000a\000s\000s\000e\000l\000t}{chapter.6}% 68
\BOOKMARK [2][-]{subsection.6.2.1}{\376\377\000P\000r\000e\000-\000d\000e\000f\000i\000n\000e\000d\000\040\000u\000s\000e\000r\000\040\000d\000i\000r\000e\000c\000t\000o\000r\000i\000e\000s}{section.6.2}% 69
\BOOKMARK [2][-]{subsection.6.2.2}{\376\377\000Y\000o\000u\000r\000\040\000h\000o\000m\000e\000\040\000d\000i\000r\000e\000c\000t\000o\000r\000y\000\040\000\050\000\044\000V\000S\000C\000\137\000H\000O\000M\000E\000\051}{section.6.2}% 70
\BOOKMARK [2][-]{subsection.6.2.3}{\376\377\000Y\000o\000u\000r\000\040\000d\000a\000t\000a\000\040\000d\000i\000r\000e\000c\000t\000o\000r\000y\000\040\000\050\000\044\000V\000S\000C\000\137\000D\000A\000T\000A\000\051}{section.6.2}% 71
\BOOKMARK [2][-]{subsection.6.2.4}{\376\377\000Y\000o\000u\000r\000\040\000s\000c\000r\000a\000t\000c\000h\000\040\000s\000p\000a\000c\000e\000\040\000\050\000\044\000V\000S\000C\000\137\000S\000C\000R\000A\000T\000C\000H\000\051}{section.6.2}% 72
\BOOKMARK [2][-]{subsection.6.2.5}{\376\377\000P\000r\000e\000-\000d\000e\000f\000i\000n\000e\000d\000\040\000q\000u\000o\000t\000a\000s}{section.6.2}% 73
\BOOKMARK [1][-]{section.6.3}{\376\377\000W\000r\000i\000t\000i\000n\000g\000\040\000O\000u\000t\000p\000u\000t\000\040\000f\000i\000l\000e\000s}{chapter.6}% 74
\BOOKMARK [1][-]{section.6.4}{\376\377\000R\000e\000a\000d\000i\000n\000g\000\040\000I\000n\000p\000u\000t\000\040\000f\000i\000l\000e\000s}{chapter.6}% 75
\BOOKMARK [1][-]{section.6.5}{\376\377\000H\000o\000w\000\040\000m\000u\000c\000h\000\040\000d\000i\000s\000k\000\040\000s\000p\000a\000c\000e\000\040\000d\000o\000\040\000I\000\040\000g\000e\000t\000?}{chapter.6}% 76
\BOOKMARK [2][-]{subsection.6.5.1}{\376\377\000Q\000u\000o\000t\000a}{section.6.5}% 77
\BOOKMARK [2][-]{subsection.6.5.2}{\376\377\000C\000h\000e\000c\000k\000\040\000y\000o\000u\000r\000\040\000q\000u\000o\000t\000a}{section.6.5}% 78
\BOOKMARK [1][-]{section.6.6}{\376\377\000G\000r\000o\000u\000p\000s}{chapter.6}% 79
\BOOKMARK [2][-]{subsection.6.6.1}{\376\377\000J\000o\000i\000n\000i\000n\000g\000\040\000a\000n\000\040\000e\000x\000i\000s\000t\000i\000n\000g\000\040\000g\000r\000o\000u\000p}{section.6.6}% 80
\BOOKMARK [2][-]{subsection.6.6.2}{\376\377\000C\000r\000e\000a\000t\000i\000n\000g\000\040\000a\000\040\000n\000e\000w\000\040\000g\000r\000o\000u\000p}{section.6.6}% 81
\BOOKMARK [2][-]{subsection.6.6.3}{\376\377\000M\000a\000n\000a\000g\000i\000n\000g\000\040\000a\000\040\000g\000r\000o\000u\000p}{section.6.6}% 82
\BOOKMARK [2][-]{subsection.6.6.4}{\376\377\000I\000n\000s\000p\000e\000c\000t\000i\000n\000g\000\040\000g\000r\000o\000u\000p\000s}{section.6.6}% 83
\BOOKMARK [0][-]{chapter.7}{\376\377\000M\000u\000l\000t\000i\000\040\000c\000o\000r\000e\000\040\000j\000o\000b\000s\000/\000P\000a\000r\000a\000l\000l\000e\000l\000\040\000C\000o\000m\000p\000u\000t\000i\000n\000g}{part.1}% 84
\BOOKMARK [1][-]{section.7.1}{\376\377\000W\000h\000y\000\040\000P\000a\000r\000a\000l\000l\000e\000l\000\040\000P\000r\000o\000g\000r\000a\000m\000m\000i\000n\000g\000?}{chapter.7}% 85
\BOOKMARK [1][-]{section.7.2}{\376\377\000P\000a\000r\000a\000l\000l\000e\000l\000\040\000C\000o\000m\000p\000u\000t\000i\000n\000g\000\040\000w\000i\000t\000h\000\040\000t\000h\000r\000e\000a\000d\000s}{chapter.7}% 86
\BOOKMARK [1][-]{section.7.3}{\376\377\000P\000a\000r\000a\000l\000l\000e\000l\000\040\000C\000o\000m\000p\000u\000t\000i\000n\000g\000\040\000w\000i\000t\000h\000\040\000O\000p\000e\000n\000M\000P}{chapter.7}% 87
\BOOKMARK [2][-]{subsection.7.3.1}{\376\377\000P\000r\000i\000v\000a\000t\000e\000\040\000v\000e\000r\000s\000u\000s\000\040\000S\000h\000a\000r\000e\000d\000\040\000v\000a\000r\000i\000a\000b\000l\000e\000s}{section.7.3}% 88
\BOOKMARK [2][-]{subsection.7.3.2}{\376\377\000P\000a\000r\000a\000l\000l\000e\000l\000i\000s\000i\000n\000g\000\040\000f\000o\000r\000\040\000l\000o\000o\000p\000s\000\040\000w\000i\000t\000h\000\040\000O\000p\000e\000n\000M\000P}{section.7.3}% 89
\BOOKMARK [2][-]{subsection.7.3.3}{\376\377\000C\000r\000i\000t\000i\000c\000a\000l\000\040\000C\000o\000d\000e}{section.7.3}% 90
\BOOKMARK [2][-]{subsection.7.3.4}{\376\377\000R\000e\000d\000u\000c\000t\000i\000o\000n}{section.7.3}% 91
\BOOKMARK [2][-]{subsection.7.3.5}{\376\377\000O\000t\000h\000e\000r\000\040\000O\000p\000e\000n\000M\000P\000\040\000d\000i\000r\000e\000c\000t\000i\000v\000e\000s}{section.7.3}% 92
\BOOKMARK [1][-]{section.7.4}{\376\377\000P\000a\000r\000a\000l\000l\000e\000l\000\040\000C\000o\000m\000p\000u\000t\000i\000n\000g\000\040\000w\000i\000t\000h\000\040\000M\000P\000I}{chapter.7}% 93
\BOOKMARK [0][-]{chapter.8}{\376\377\000T\000r\000o\000u\000b\000l\000e\000s\000h\000o\000o\000t\000i\000n\000g}{part.1}% 94
\BOOKMARK [1][-]{section.8.1}{\376\377\000W\000a\000l\000l\000t\000i\000m\000e\000\040\000i\000s\000s\000u\000e\000s}{chapter.8}% 95
\BOOKMARK [1][-]{section.8.2}{\376\377\000O\000u\000t\000\040\000o\000f\000\040\000q\000u\000o\000t\000a\000\040\000i\000s\000s\000u\000e\000s}{chapter.8}% 96
\BOOKMARK [1][-]{section.8.3}{\376\377\000I\000s\000s\000u\000e\000s\000\040\000c\000o\000n\000n\000e\000c\000t\000i\000n\000g\000\040\000t\000o\000\040\000l\000o\000g\000i\000n\000\040\000n\000o\000d\000e}{chapter.8}% 97
\BOOKMARK [2][-]{subsection.8.3.1}{\376\377\000C\000h\000a\000n\000g\000e\000\040\000P\000u\000T\000T\000Y\000\040\000p\000r\000i\000v\000a\000t\000e\000\040\000k\000e\000y\000\040\000f\000o\000r\000\040\000a\000\040\000s\000a\000v\000e\000d\000\040\000c\000o\000n\000f\000i\000g\000u\000r\000a\000t\000i\000o\000n}{section.8.3}% 98
\BOOKMARK [2][-]{subsection.8.3.2}{\376\377\000C\000h\000e\000c\000k\000\040\000w\000h\000e\000t\000h\000e\000r\000\040\000y\000o\000u\000r\000\040\000p\000r\000i\000v\000a\000t\000e\000\040\000k\000e\000y\000\040\000i\000n\000\040\000P\000u\000T\000T\000Y\000\040\000m\000a\000t\000c\000h\000e\000s\000\040\000t\000h\000e\000\040\000p\000u\000b\000l\000i\000c\000\040\000k\000e\000y\000\040\000o\000n\000\040\000t\000h\000e\000\040\000a\000c\000c\000o\000u\000n\000t\000p\000a\000g\000e}{section.8.3}% 99
\BOOKMARK [1][-]{section.8.4}{\376\377\000S\000e\000c\000u\000r\000i\000t\000y\000\040\000w\000a\000r\000n\000i\000n\000g\000\040\000a\000b\000o\000u\000t\000\040\000i\000n\000v\000a\000l\000i\000d\000\040\000h\000o\000s\000t\000\040\000k\000e\000y}{chapter.8}% 100
\BOOKMARK [1][-]{section.8.5}{\376\377\000D\000O\000S\000/\000W\000i\000n\000d\000o\000w\000s\000\040\000t\000e\000x\000t\000\040\000f\000o\000r\000m\000a\000t}{chapter.8}% 101
\BOOKMARK [1][-]{section.8.6}{\376\377\000W\000a\000r\000n\000i\000n\000g\000\040\000m\000e\000s\000s\000a\000g\000e\000\040\000w\000h\000e\000n\000\040\000f\000i\000r\000s\000t\000\040\000c\000o\000n\000n\000e\000c\000t\000i\000n\000g\000\040\000t\000o\000\040\000n\000e\000w\000\040\000h\000o\000s\000t}{chapter.8}% 102
\BOOKMARK [1][-]{section.8.7}{\376\377\000M\000e\000m\000o\000r\000y\000\040\000l\000i\000m\000i\000t\000s}{chapter.8}% 103
\BOOKMARK [2][-]{subsection.8.7.1}{\376\377\000H\000o\000w\000\040\000w\000i\000l\000l\000\040\000I\000\040\000k\000n\000o\000w\000\040\000i\000f\000\040\000m\000e\000m\000o\000r\000y\000\040\000l\000i\000m\000i\000t\000s\000\040\000a\000r\000e\000\040\000t\000h\000e\000\040\000c\000a\000u\000s\000e\000\040\000o\000f\000\040\000m\000y\000\040\000p\000r\000o\000b\000l\000e\000m\000?}{section.8.7}% 104
\BOOKMARK [2][-]{subsection.8.7.2}{\376\377\000H\000o\000w\000\040\000d\000o\000\040\000I\000\040\000s\000p\000e\000c\000i\000f\000y\000\040\000t\000h\000e\000\040\000a\000m\000o\000u\000n\000t\000\040\000o\000f\000\040\000m\000e\000m\000o\000r\000y\000\040\000I\000\040\000n\000e\000e\000d\000?}{section.8.7}% 105
\BOOKMARK [0][-]{chapter.9}{\376\377\000H\000P\000C\000\040\000P\000o\000l\000i\000c\000i\000e\000s}{part.1}% 106
\BOOKMARK [1][-]{section.9.1}{\376\377\000S\000i\000n\000g\000l\000e\000\040\000u\000s\000e\000r\000\040\000n\000o\000d\000e\000\040\000p\000o\000l\000i\000c\000y}{chapter.9}% 107
\BOOKMARK [1][-]{section.9.2}{\376\377\000P\000r\000i\000o\000r\000i\000t\000y\000\040\000b\000a\000s\000e\000d\000\040\000s\000c\000h\000e\000d\000u\000l\000i\000n\000g}{chapter.9}% 108
\BOOKMARK [1][-]{section.9.3}{\376\377\000F\000a\000i\000r\000s\000h\000a\000r\000e\000\040\000m\000e\000c\000h\000a\000n\000i\000s\000m}{chapter.9}% 109
\BOOKMARK [1][-]{section.9.4}{\376\377\000C\000r\000e\000d\000i\000t\000i\000n\000g\000\040\000s\000y\000s\000t\000e\000m}{chapter.9}% 110
\BOOKMARK [0][-]{chapter.10}{\376\377\000F\000r\000e\000q\000u\000e\000n\000t\000l\000y\000\040\000A\000s\000k\000e\000d\000\040\000Q\000u\000e\000s\000t\000i\000o\000n\000s}{part.1}% 111
\BOOKMARK [1][-]{section.10.1}{\376\377\000W\000h\000e\000n\000\040\000w\000i\000l\000l\000\040\000m\000y\000\040\000j\000o\000b\000\040\000s\000t\000a\000r\000t\000?}{chapter.10}% 112
\BOOKMARK [1][-]{section.10.2}{\376\377\000C\000a\000n\000\040\000I\000\040\000s\000h\000a\000r\000e\000\040\000m\000y\000\040\000a\000c\000c\000o\000u\000n\000t\000\040\000w\000i\000t\000h\000\040\000s\000o\000m\000e\000o\000n\000e\000\040\000e\000l\000s\000e\000?}{chapter.10}% 113
\BOOKMARK [1][-]{section.10.3}{\376\377\000C\000a\000n\000\040\000I\000\040\000s\000h\000a\000r\000e\000\040\000m\000y\000\040\000d\000a\000t\000a\000\040\000w\000i\000t\000h\000\040\000o\000t\000h\000e\000r\000\040\000H\000P\000C\000-\000K\000U\000\040\000L\000e\000u\000v\000e\000n\000/\000U\000H\000a\000s\000s\000e\000l\000t\000\040\000u\000s\000e\000r\000s\000?}{chapter.10}% 114
\BOOKMARK [1][-]{section.10.4}{\376\377\000C\000a\000n\000\040\000I\000\040\000u\000s\000e\000\040\000m\000u\000l\000t\000i\000p\000l\000e\000\040\000d\000i\000f\000f\000e\000r\000e\000n\000t\000\040\000S\000S\000H\000\040\000k\000e\000y\000\040\000p\000a\000i\000r\000s\000\040\000t\000o\000\040\000c\000o\000n\000n\000e\000c\000t\000\040\000t\000o\000\040\000m\000y\000\040\000V\000S\000C\000\040\000a\000c\000c\000o\000u\000n\000t\000?}{chapter.10}% 115
\BOOKMARK [1][-]{section.10.5}{\376\377\000I\000\040\000w\000a\000n\000t\000\040\000t\000o\000\040\000u\000s\000e\000\040\000s\000o\000f\000t\000w\000a\000r\000e\000\040\000t\000h\000a\000t\000\040\000i\000s\000\040\000n\000o\000t\000\040\000a\000v\000a\000i\000l\000a\000b\000l\000e\000\040\000o\000n\000\040\000t\000h\000e\000\040\000c\000l\000u\000s\000t\000e\000r\000s\000\040\000y\000e\000t}{chapter.10}% 116
\BOOKMARK [-1][-]{part.2}{\376\377\000I\000I\000\040\000A\000d\000v\000a\000n\000c\000e\000d\000\040\000G\000u\000i\000d\000e}{}% 117
\BOOKMARK [0][-]{chapter.11}{\376\377\000F\000i\000n\000e\000-\000t\000u\000n\000i\000n\000g\000\040\000J\000o\000b\000\040\000S\000p\000e\000c\000i\000f\000i\000c\000a\000t\000i\000o\000n\000s}{part.2}% 118
\BOOKMARK [1][-]{section.11.1}{\376\377\000S\000p\000e\000c\000i\000f\000y\000i\000n\000g\000\040\000W\000a\000l\000l\000t\000i\000m\000e}{chapter.11}% 119
\BOOKMARK [1][-]{section.11.2}{\376\377\000S\000p\000e\000c\000i\000f\000y\000i\000n\000g\000\040\000m\000e\000m\000o\000r\000y\000\040\000r\000e\000q\000u\000i\000r\000e\000m\000e\000n\000t\000s}{chapter.11}% 120
\BOOKMARK [2][-]{subsection.11.2.1}{\376\377\000A\000v\000a\000i\000l\000a\000b\000l\000e\000\040\000M\000e\000m\000o\000r\000y\000\040\000o\000n\000\040\000t\000h\000e\000\040\000m\000a\000c\000h\000i\000n\000e}{section.11.2}% 121
\BOOKMARK [2][-]{subsection.11.2.2}{\376\377\000C\000h\000e\000c\000k\000i\000n\000g\000\040\000t\000h\000e\000\040\000m\000e\000m\000o\000r\000y\000\040\000c\000o\000n\000s\000u\000m\000p\000t\000i\000o\000n}{section.11.2}% 122
\BOOKMARK [2][-]{subsection.11.2.3}{\376\377\000S\000e\000t\000t\000i\000n\000g\000\040\000t\000h\000e\000\040\000m\000e\000m\000o\000r\000y\000\040\000p\000a\000r\000a\000m\000e\000t\000e\000r}{section.11.2}% 123
\BOOKMARK [1][-]{section.11.3}{\376\377\000S\000p\000e\000c\000i\000f\000y\000i\000n\000g\000\040\000p\000r\000o\000c\000e\000s\000s\000o\000r\000s\000\040\000r\000e\000q\000u\000i\000r\000e\000m\000e\000n\000t\000s}{chapter.11}% 124
\BOOKMARK [2][-]{subsection.11.3.1}{\376\377\000N\000u\000m\000b\000e\000r\000\040\000o\000f\000\040\000p\000r\000o\000c\000e\000s\000s\000o\000r\000s}{section.11.3}% 125
\BOOKMARK [2][-]{subsection.11.3.2}{\376\377\000M\000o\000n\000i\000t\000o\000r\000i\000n\000g\000\040\000t\000h\000e\000\040\000C\000P\000U\000-\000u\000t\000i\000l\000i\000s\000a\000t\000i\000o\000n}{section.11.3}% 126
\BOOKMARK [2][-]{subsection.11.3.3}{\376\377\000F\000i\000n\000e\000-\000t\000u\000n\000i\000n\000g\000\040\000y\000o\000u\000r\000\040\000e\000x\000e\000c\000u\000t\000a\000b\000l\000e\000\040\000a\000n\000d\000/\000o\000r\000\040\000j\000o\000b\000\040\000s\000c\000r\000i\000p\000t}{section.11.3}% 127
\BOOKMARK [1][-]{section.11.4}{\376\377\000T\000h\000e\000\040\000s\000y\000s\000t\000e\000m\000\040\000l\000o\000a\000d}{chapter.11}% 128
\BOOKMARK [2][-]{subsection.11.4.1}{\376\377\000O\000p\000t\000i\000m\000a\000l\000\040\000l\000o\000a\000d}{section.11.4}% 129
\BOOKMARK [2][-]{subsection.11.4.2}{\376\377\000M\000o\000n\000i\000t\000o\000r\000i\000n\000g\000\040\000t\000h\000e\000\040\000l\000o\000a\000d}{section.11.4}% 130
\BOOKMARK [2][-]{subsection.11.4.3}{\376\377\000F\000i\000n\000e\000-\000t\000u\000n\000i\000n\000g\000\040\000y\000o\000u\000r\000\040\000e\000x\000e\000c\000u\000t\000a\000b\000l\000e\000\040\000a\000n\000d\000/\000o\000r\000\040\000j\000o\000b\000\040\000s\000c\000r\000i\000p\000t}{section.11.4}% 131
\BOOKMARK [1][-]{section.11.5}{\376\377\000C\000h\000e\000c\000k\000i\000n\000g\000\040\000F\000i\000l\000e\000\040\000s\000i\000z\000e\000s\000\040\000\046\000\040\000D\000i\000s\000k\000\040\000I\000/\000O}{chapter.11}% 132
\BOOKMARK [2][-]{subsection.11.5.1}{\376\377\000M\000o\000n\000i\000t\000o\000r\000i\000n\000g\000\040\000F\000i\000l\000e\000\040\000s\000i\000z\000e\000s\000\040\000d\000u\000r\000i\000n\000g\000\040\000e\000x\000e\000c\000u\000t\000i\000o\000n}{section.11.5}% 133
\BOOKMARK [1][-]{section.11.6}{\376\377\000S\000p\000e\000c\000i\000f\000y\000i\000n\000g\000\040\000n\000e\000t\000w\000o\000r\000k\000\040\000r\000e\000q\000u\000i\000r\000e\000m\000e\000n\000t\000s}{chapter.11}% 134
\BOOKMARK [1][-]{section.11.7}{\376\377\000S\000o\000m\000e\000\040\000m\000o\000r\000e\000\040\000t\000i\000p\000s\000\040\000o\000n\000\040\000t\000h\000e\000\040\000M\000o\000n\000i\000t\000o\000r\000\040\000t\000o\000o\000l}{chapter.11}% 135
\BOOKMARK [2][-]{subsection.11.7.1}{\376\377\000C\000o\000m\000m\000a\000n\000d\000\040\000L\000i\000n\000e\000s\000\040\000a\000r\000g\000u\000m\000e\000n\000t\000s}{section.11.7}% 136
\BOOKMARK [2][-]{subsection.11.7.2}{\376\377\000E\000x\000i\000t\000\040\000C\000o\000d\000e}{section.11.7}% 137
\BOOKMARK [2][-]{subsection.11.7.3}{\376\377\000M\000o\000n\000i\000t\000o\000r\000i\000n\000g\000\040\000a\000\040\000r\000u\000n\000n\000i\000n\000g\000\040\000p\000r\000o\000c\000e\000s\000s}{section.11.7}% 138
\BOOKMARK [0][-]{chapter.12}{\376\377\000M\000u\000l\000t\000i\000-\000j\000o\000b\000\040\000s\000u\000b\000m\000i\000s\000s\000i\000o\000n}{part.2}% 139
\BOOKMARK [1][-]{section.12.1}{\376\377\000T\000h\000e\000\040\000w\000o\000r\000k\000e\000r\000\040\000F\000r\000a\000m\000e\000w\000o\000r\000k\000:\000\040\000P\000a\000r\000a\000m\000e\000t\000e\000r\000\040\000S\000w\000e\000e\000p\000s}{chapter.12}% 140
\BOOKMARK [1][-]{section.12.2}{\376\377\000T\000h\000e\000\040\000W\000o\000r\000k\000e\000r\000\040\000f\000r\000a\000m\000e\000w\000o\000r\000k\000:\000\040\000J\000o\000b\000\040\000a\000r\000r\000a\000y\000s}{chapter.12}% 141
\BOOKMARK [1][-]{section.12.3}{\376\377\000M\000a\000p\000R\000e\000d\000u\000c\000e\000:\000\040\000p\000r\000o\000l\000o\000g\000u\000e\000s\000\040\000a\000n\000d\000\040\000e\000p\000i\000l\000o\000g\000u\000e}{chapter.12}% 142
\BOOKMARK [1][-]{section.12.4}{\376\377\000S\000o\000m\000e\000\040\000m\000o\000r\000e\000\040\000o\000n\000\040\000t\000h\000e\000\040\000W\000o\000r\000k\000e\000r\000\040\000F\000r\000a\000m\000e\000w\000o\000r\000k}{chapter.12}% 143
\BOOKMARK [2][-]{subsection.12.4.1}{\376\377\000U\000s\000i\000n\000g\000\040\000W\000o\000r\000k\000e\000r\000\040\000e\000f\000f\000i\000c\000i\000e\000n\000t\000l\000y}{section.12.4}% 144
\BOOKMARK [2][-]{subsection.12.4.2}{\376\377\000M\000o\000n\000i\000t\000o\000r\000i\000n\000g\000\040\000a\000\040\000w\000o\000r\000k\000e\000r\000\040\000j\000o\000b}{section.12.4}% 145
\BOOKMARK [2][-]{subsection.12.4.3}{\376\377\000T\000i\000m\000e\000\040\000l\000i\000m\000i\000t\000s\000\040\000f\000o\000r\000\040\000w\000o\000r\000k\000\040\000i\000t\000e\000m\000s}{section.12.4}% 146
\BOOKMARK [2][-]{subsection.12.4.4}{\376\377\000R\000e\000s\000u\000m\000i\000n\000g\000\040\000a\000\040\000W\000o\000r\000k\000e\000r\000\040\000j\000o\000b}{section.12.4}% 147
\BOOKMARK [2][-]{subsection.12.4.5}{\376\377\000F\000u\000r\000t\000h\000e\000r\000\040\000i\000n\000f\000o\000r\000m\000a\000t\000i\000o\000n}{section.12.4}% 148
\BOOKMARK [0][-]{chapter.13}{\376\377\000C\000o\000m\000p\000i\000l\000i\000n\000g\000\040\000a\000n\000d\000\040\000t\000e\000s\000t\000i\000n\000g\000\040\000y\000o\000u\000r\000\040\000s\000o\000f\000t\000w\000a\000r\000e\000\040\000o\000n\000\040\000t\000h\000e\000\040\000H\000P\000C}{part.2}% 149
\BOOKMARK [1][-]{section.13.1}{\376\377\000C\000h\000e\000c\000k\000\040\000t\000h\000e\000\040\000p\000r\000e\000-\000i\000n\000s\000t\000a\000l\000l\000e\000d\000\040\000s\000o\000f\000t\000w\000a\000r\000e\000\040\000o\000n\000\040\000t\000h\000e\000\040\000H\000P\000C\000-\000K\000U\000\040\000L\000e\000u\000v\000e\000n\000/\000U\000H\000a\000s\000s\000e\000l\000t}{chapter.13}% 150
\BOOKMARK [1][-]{section.13.2}{\376\377\000P\000o\000r\000t\000i\000n\000g\000\040\000y\000o\000u\000r\000\040\000c\000o\000d\000e}{chapter.13}% 151
\BOOKMARK [1][-]{section.13.3}{\376\377\000C\000o\000m\000p\000i\000l\000i\000n\000g\000\040\000a\000n\000d\000\040\000b\000u\000i\000l\000d\000i\000n\000g\000\040\000o\000n\000\040\000t\000h\000e\000\040\000H\000P\000C\000-\000K\000U\000\040\000L\000e\000u\000v\000e\000n\000/\000U\000H\000a\000s\000s\000e\000l\000t}{chapter.13}% 152
\BOOKMARK [2][-]{subsection.13.3.1}{\376\377\000C\000o\000m\000p\000i\000l\000i\000n\000g\000\040\000a\000\040\000s\000e\000q\000u\000e\000n\000t\000i\000a\000l\000\040\000p\000r\000o\000g\000r\000a\000m\000\040\000i\000n\000\040\000C}{section.13.3}% 153
\BOOKMARK [2][-]{subsection.13.3.2}{\376\377\000C\000o\000m\000p\000i\000l\000i\000n\000g\000\040\000a\000\040\000p\000a\000r\000a\000l\000l\000e\000l\000\040\000p\000r\000o\000g\000r\000a\000m\000\040\000i\000n\000\040\000C\000/\000M\000P\000I}{section.13.3}% 154
\BOOKMARK [2][-]{subsection.13.3.3}{\376\377\000C\000o\000m\000p\000i\000l\000i\000n\000g\000\040\000a\000\040\000p\000a\000r\000a\000l\000l\000e\000l\000\040\000p\000r\000o\000g\000r\000a\000m\000\040\000i\000n\000\040\000I\000n\000t\000e\000l\000\040\000P\000a\000r\000a\000l\000l\000e\000l\000\040\000S\000t\000u\000d\000i\000o\000\040\000C\000l\000u\000s\000t\000e\000r\000\040\000E\000d\000i\000t\000i\000o\000n}{section.13.3}% 155
\BOOKMARK [0][-]{chapter.14}{\376\377\000P\000r\000o\000g\000r\000a\000m\000\040\000e\000x\000a\000m\000p\000l\000e\000s}{part.2}% 156
\BOOKMARK [0][-]{chapter.15}{\376\377\000J\000o\000b\000\040\000s\000c\000r\000i\000p\000t\000\040\000e\000x\000a\000m\000p\000l\000e\000s}{part.2}% 157
\BOOKMARK [1][-]{section.15.1}{\376\377\000S\000i\000n\000g\000l\000e\000-\000c\000o\000r\000e\000\040\000j\000o\000b}{chapter.15}% 158
\BOOKMARK [1][-]{section.15.2}{\376\377\000M\000u\000l\000t\000i\000-\000c\000o\000r\000e\000\040\000j\000o\000b}{chapter.15}% 159
\BOOKMARK [1][-]{section.15.3}{\376\377\000R\000u\000n\000n\000i\000n\000g\000\040\000a\000\040\000c\000o\000m\000m\000a\000n\000d\000\040\000w\000i\000t\000h\000\040\000a\000\040\000m\000a\000x\000i\000m\000u\000m\000\040\000t\000i\000m\000e\000\040\000l\000i\000m\000i\000t}{chapter.15}% 160
\BOOKMARK [0][-]{chapter.16}{\376\377\000B\000e\000s\000t\000\040\000P\000r\000a\000c\000t\000i\000c\000e\000s}{part.2}% 161
\BOOKMARK [1][-]{section.16.1}{\376\377\000G\000e\000n\000e\000r\000a\000l\000\040\000B\000e\000s\000t\000\040\000P\000r\000a\000c\000t\000i\000c\000e\000s}{chapter.16}% 162
\BOOKMARK [0][-]{chapter.17}{\376\377\000G\000r\000a\000p\000h\000i\000c\000a\000l\000\040\000a\000p\000p\000l\000i\000c\000a\000t\000i\000o\000n\000s\000\040\000w\000i\000t\000h\000\040\000V\000N\000C}{part.2}% 163
\BOOKMARK [1][-]{section.17.1}{\376\377\000S\000t\000a\000r\000t\000i\000n\000g\000\040\000a\000\040\000V\000N\000C\000\040\000s\000e\000r\000v\000e\000r}{chapter.17}% 164
\BOOKMARK [1][-]{section.17.2}{\376\377\000L\000i\000s\000t\000\040\000r\000u\000n\000n\000i\000n\000g\000\040\000V\000N\000C\000\040\000s\000e\000r\000v\000e\000r\000s}{chapter.17}% 165
\BOOKMARK [1][-]{section.17.3}{\376\377\000C\000o\000n\000n\000e\000c\000t\000i\000n\000g\000\040\000t\000o\000\040\000a\000\040\000V\000N\000C\000\040\000s\000e\000r\000v\000e\000r}{chapter.17}% 166
\BOOKMARK [2][-]{subsection.17.3.1}{\376\377\000D\000e\000t\000e\000r\000m\000i\000n\000i\000n\000g\000\040\000t\000h\000e\000\040\000s\000o\000u\000r\000c\000e\000/\000d\000e\000s\000t\000i\000n\000a\000t\000i\000o\000n\000\040\000p\000o\000r\000t}{section.17.3}% 167
\BOOKMARK [2][-]{subsection.17.3.2}{\376\377\000P\000i\000c\000k\000i\000n\000g\000\040\000a\000n\000\040\000i\000n\000t\000e\000r\000m\000e\000d\000i\000a\000t\000e\000\040\000p\000o\000r\000t\000\040\000t\000o\000\040\000c\000o\000n\000n\000e\000c\000t\000\040\000t\000o\000\040\000t\000h\000e\000\040\000r\000i\000g\000h\000t\000\040\000l\000o\000g\000i\000n\000\040\000n\000o\000d\000e}{section.17.3}% 168
\BOOKMARK [2][-]{subsection.17.3.3}{\376\377\000S\000e\000t\000t\000i\000n\000g\000\040\000u\000p\000\040\000t\000h\000e\000\040\000S\000S\000H\000\040\000t\000u\000n\000n\000e\000l\000\050\000s\000\051}{section.17.3}% 169
\BOOKMARK [2][-]{subsection.17.3.4}{\376\377\000C\000o\000n\000n\000e\000c\000t\000i\000n\000g\000\040\000u\000s\000i\000n\000g\000\040\000a\000\040\000V\000N\000C\000\040\000c\000l\000i\000e\000n\000t}{section.17.3}% 170
\BOOKMARK [1][-]{section.17.4}{\376\377\000S\000t\000o\000p\000p\000i\000n\000g\000\040\000t\000h\000e\000\040\000V\000N\000C\000\040\000s\000e\000r\000v\000e\000r}{chapter.17}% 171
\BOOKMARK [1][-]{section.17.5}{\376\377\000I\000\040\000f\000o\000r\000g\000o\000t\000\040\000t\000h\000e\000\040\000p\000a\000s\000s\000w\000o\000r\000d\000,\000\040\000w\000h\000a\000t\000\040\000n\000o\000w\000?}{chapter.17}% 172
\BOOKMARK [0][-]{appendix.A}{\376\377\000H\000P\000C\000\040\000Q\000u\000i\000c\000k\000\040\000R\000e\000f\000e\000r\000e\000n\000c\000e\000\040\000G\000u\000i\000d\000e}{part.2}% 173
\BOOKMARK [0][-]{appendix.B}{\376\377\000T\000O\000R\000Q\000U\000E\000\040\000o\000p\000t\000i\000o\000n\000s}{part.2}% 174
\BOOKMARK [1][-]{section.B.1}{\376\377\000T\000O\000R\000Q\000U\000E\000\040\000S\000u\000b\000m\000i\000s\000s\000i\000o\000n\000\040\000F\000l\000a\000g\000s\000:\000\040\000c\000o\000m\000m\000o\000n\000\040\000a\000n\000d\000\040\000u\000s\000e\000f\000u\000l\000\040\000d\000i\000r\000e\000c\000t\000i\000v\000e\000s}{appendix.B}% 175
\BOOKMARK [1][-]{section.B.2}{\376\377\000E\000n\000v\000i\000r\000o\000n\000m\000e\000n\000t\000\040\000V\000a\000r\000i\000a\000b\000l\000e\000s\000\040\000i\000n\000\040\000B\000a\000t\000c\000h\000\040\000J\000o\000b\000\040\000S\000c\000r\000i\000p\000t\000s}{appendix.B}% 176
\BOOKMARK [0][-]{appendix.C}{\376\377\000U\000s\000e\000f\000u\000l\000\040\000L\000i\000n\000u\000x\000\040\000C\000o\000m\000m\000a\000n\000d\000s}{part.2}% 177
\BOOKMARK [1][-]{section.C.1}{\376\377\000B\000a\000s\000i\000c\000\040\000L\000i\000n\000u\000x\000\040\000U\000s\000a\000g\000e}{appendix.C}% 178
\BOOKMARK [1][-]{section.C.2}{\376\377\000H\000o\000w\000\040\000t\000o\000\040\000g\000e\000t\000\040\000s\000t\000a\000r\000t\000e\000d\000\040\000w\000i\000t\000h\000\040\000s\000h\000e\000l\000l\000\040\000s\000c\000r\000i\000p\000t\000s}{appendix.C}% 179
\BOOKMARK [1][-]{section.C.3}{\376\377\000L\000i\000n\000u\000x\000\040\000Q\000u\000i\000c\000k\000\040\000r\000e\000f\000e\000r\000e\000n\000c\000e\000\040\000G\000u\000i\000d\000e}{appendix.C}% 180
\BOOKMARK [2][-]{subsection.C.3.1}{\376\377\000A\000r\000c\000h\000i\000v\000e\000\040\000C\000o\000m\000m\000a\000n\000d\000s}{section.C.3}% 181
\BOOKMARK [2][-]{subsection.C.3.2}{\376\377\000B\000a\000s\000i\000c\000\040\000C\000o\000m\000m\000a\000n\000d\000s}{section.C.3}% 182
\BOOKMARK [2][-]{subsection.C.3.3}{\376\377\000E\000d\000i\000t\000o\000r}{section.C.3}% 183
\BOOKMARK [2][-]{subsection.C.3.4}{\376\377\000F\000i\000l\000e\000\040\000C\000o\000m\000m\000a\000n\000d\000s}{section.C.3}% 184
\BOOKMARK [2][-]{subsection.C.3.5}{\376\377\000H\000e\000l\000p\000\040\000C\000o\000m\000m\000a\000n\000d\000s}{section.C.3}% 185
\BOOKMARK [2][-]{subsection.C.3.6}{\376\377\000N\000e\000t\000w\000o\000r\000k\000\040\000C\000o\000m\000m\000a\000n\000d\000s}{section.C.3}% 186
\BOOKMARK [2][-]{subsection.C.3.7}{\376\377\000O\000t\000h\000e\000r\000\040\000C\000o\000m\000m\000a\000n\000d\000s}{section.C.3}% 187
\BOOKMARK [2][-]{subsection.C.3.8}{\376\377\000P\000r\000o\000c\000e\000s\000s\000\040\000C\000o\000m\000m\000a\000n\000d\000s}{section.C.3}% 188
\BOOKMARK [2][-]{subsection.C.3.9}{\376\377\000U\000s\000e\000r\000\040\000A\000c\000c\000o\000u\000n\000t\000\040\000C\000o\000m\000m\000a\000n\000d\000s}{section.C.3}% 189
