\BOOKMARK [0][-]{section*.1}{\376\377\000G\000l\000o\000s\000s\000a\000r\000y}{}% 1
\BOOKMARK [-1][-]{part.1}{\376\377\000I\000\040\000B\000e\000g\000i\000n\000n\000e\000r\000'\000s\000\040\000G\000u\000i\000d\000e}{}% 2
\BOOKMARK [0][-]{chapter.1}{\376\377\000I\000n\000t\000r\000o\000d\000u\000c\000t\000i\000o\000n\000\040\000t\000o\000\040\000H\000P\000C}{part.1}% 3
\BOOKMARK [1][-]{section.1.1}{\376\377\000W\000h\000a\000t\000\040\000i\000s\000\040\000H\000P\000C\000?}{chapter.1}% 4
\BOOKMARK [1][-]{section.1.2}{\376\377\000W\000h\000a\000t\000\040\000i\000s\000\040\000t\000h\000e\000\040\000V\000U\000B\000-\000H\000P\000C\000?}{chapter.1}% 5
\BOOKMARK [1][-]{section.1.3}{\376\377\000W\000h\000a\000t\000\040\000t\000h\000e\000\040\000H\000P\000C\000\040\000i\000n\000f\000r\000a\000s\000t\000u\000c\000t\000u\000r\000e\000\040\000i\000s\000\040\000n\000o\000t}{chapter.1}% 6
\BOOKMARK [1][-]{section.1.4}{\376\377\000I\000s\000\040\000t\000h\000e\000\040\000V\000U\000B\000-\000H\000P\000C\000\040\000a\000\040\000s\000o\000l\000u\000t\000i\000o\000n\000\040\000f\000o\000r\000\040\000m\000y\000\040\000c\000o\000m\000p\000u\000t\000a\000t\000i\000o\000n\000a\000l\000\040\000n\000e\000e\000d\000s\000?}{chapter.1}% 7
\BOOKMARK [2][-]{subsection.1.4.1}{\376\377\000B\000a\000t\000c\000h\000\040\000o\000r\000\040\000i\000n\000t\000e\000r\000a\000c\000t\000i\000v\000e\000\040\000m\000o\000d\000e\000?}{section.1.4}% 8
\BOOKMARK [2][-]{subsection.1.4.2}{\376\377\000W\000h\000a\000t\000\040\000a\000r\000e\000\040\000c\000o\000r\000e\000s\000,\000\040\000p\000r\000o\000c\000e\000s\000s\000o\000r\000s\000\040\000a\000n\000d\000\040\000n\000o\000d\000e\000s\000?}{section.1.4}% 9
\BOOKMARK [2][-]{subsection.1.4.3}{\376\377\000P\000a\000r\000a\000l\000l\000e\000l\000\040\000o\000r\000\040\000s\000e\000q\000u\000e\000n\000t\000i\000a\000l\000\040\000p\000r\000o\000g\000r\000a\000m\000s\000?}{section.1.4}% 10
\BOOKMARK [2][-]{subsection.1.4.4}{\376\377\000W\000h\000a\000t\000\040\000p\000r\000o\000g\000r\000a\000m\000m\000i\000n\000g\000\040\000l\000a\000n\000g\000u\000a\000g\000e\000s\000\040\000c\000a\000n\000\040\000I\000\040\000u\000s\000e\000?}{section.1.4}% 11
\BOOKMARK [2][-]{subsection.1.4.5}{\376\377\000W\000h\000a\000t\000\040\000o\000p\000e\000r\000a\000t\000i\000n\000g\000\040\000s\000y\000s\000t\000e\000m\000s\000\040\000c\000a\000n\000\040\000I\000\040\000u\000s\000e\000?}{section.1.4}% 12
\BOOKMARK [2][-]{subsection.1.4.6}{\376\377\000W\000h\000a\000t\000\040\000d\000o\000e\000s\000\040\000a\000\040\000t\000y\000p\000i\000c\000a\000l\000\040\000w\000o\000r\000k\000f\000l\000o\000w\000\040\000l\000o\000o\000k\000\040\000l\000i\000k\000e\000?}{section.1.4}% 13
\BOOKMARK [2][-]{subsection.1.4.7}{\376\377\000W\000h\000a\000t\000\040\000i\000s\000\040\000t\000h\000e\000\040\000n\000e\000x\000t\000\040\000s\000t\000e\000p\000?}{section.1.4}% 14
\BOOKMARK [0][-]{chapter.2}{\376\377\000G\000e\000t\000t\000i\000n\000g\000\040\000a\000n\000\040\000H\000P\000C\000\040\000A\000c\000c\000o\000u\000n\000t}{part.1}% 15
\BOOKMARK [1][-]{section.2.1}{\376\377\000G\000e\000t\000t\000i\000n\000g\000\040\000r\000e\000a\000d\000y\000\040\000t\000o\000\040\000r\000e\000q\000u\000e\000s\000t\000\040\000a\000n\000\040\000a\000c\000c\000o\000u\000n\000t}{chapter.2}% 16
\BOOKMARK [2][-]{subsection.2.1.1}{\376\377\000H\000o\000w\000\040\000d\000o\000\040\000S\000S\000H\000\040\000k\000e\000y\000s\000\040\000w\000o\000r\000k\000?}{section.2.1}% 17
\BOOKMARK [2][-]{subsection.2.1.2}{\376\377\000T\000e\000s\000t\000\040\000O\000p\000e\000n\000S\000S\000H}{section.2.1}% 18
\BOOKMARK [2][-]{subsection.2.1.3}{\376\377\000G\000e\000n\000e\000r\000a\000t\000e\000\040\000a\000\040\000p\000u\000b\000l\000i\000c\000/\000p\000r\000i\000v\000a\000t\000e\000\040\000k\000e\000y\000\040\000p\000a\000i\000r\000\040\000w\000i\000t\000h\000\040\000O\000p\000e\000n\000S\000S\000H}{section.2.1}% 19
\BOOKMARK [2][-]{subsection.2.1.4}{\376\377\000U\000s\000i\000n\000g\000\040\000a\000n\000\040\000S\000S\000H\000\040\000a\000g\000e\000n\000t\000\040\000\050\000o\000p\000t\000i\000o\000n\000a\000l\000\051}{section.2.1}% 20
\BOOKMARK [1][-]{section.2.2}{\376\377\000A\000p\000p\000l\000y\000i\000n\000g\000\040\000f\000o\000r\000\040\000t\000h\000e\000\040\000a\000c\000c\000o\000u\000n\000t}{chapter.2}% 21
\BOOKMARK [2][-]{subsection.2.2.1}{\376\377\000W\000e\000l\000c\000o\000m\000e\000\040\000e\000-\000m\000a\000i\000l}{section.2.2}% 22
\BOOKMARK [2][-]{subsection.2.2.2}{\376\377\000A\000d\000d\000i\000n\000g\000\040\000m\000u\000l\000t\000i\000p\000l\000e\000\040\000S\000S\000H\000\040\000p\000u\000b\000l\000i\000c\000\040\000k\000e\000y\000s\000\040\000\050\000o\000p\000t\000i\000o\000n\000a\000l\000\051}{section.2.2}% 23
\BOOKMARK [1][-]{section.2.3}{\376\377\000C\000o\000m\000p\000u\000t\000a\000t\000i\000o\000n\000\040\000W\000o\000r\000k\000f\000l\000o\000w\000\040\000o\000n\000\040\000t\000h\000e\000\040\000V\000U\000B\000-\000H\000P\000C}{chapter.2}% 24
\BOOKMARK [0][-]{chapter.3}{\376\377\000C\000o\000n\000n\000e\000c\000t\000i\000n\000g\000\040\000t\000o\000\040\000t\000h\000e\000\040\000H\000P\000C\000\040\000i\000n\000f\000r\000a\000s\000t\000r\000u\000c\000t\000u\000r\000e}{part.1}% 25
\BOOKMARK [1][-]{section.3.1}{\376\377\000C\000o\000n\000n\000e\000c\000t\000i\000o\000n\000\040\000r\000e\000s\000t\000r\000i\000c\000t\000i\000o\000n\000s}{chapter.3}% 26
\BOOKMARK [1][-]{section.3.2}{\376\377\000F\000i\000r\000s\000t\000\040\000T\000i\000m\000e\000\040\000c\000o\000n\000n\000e\000c\000t\000i\000o\000n\000\040\000t\000o\000\040\000t\000h\000e\000\040\000H\000P\000C\000\040\000i\000n\000f\000r\000a\000s\000t\000r\000u\000c\000t\000u\000r\000e}{chapter.3}% 27
\BOOKMARK [2][-]{subsection.3.2.1}{\376\377\000C\000o\000n\000n\000e\000c\000t}{section.3.2}% 28
\BOOKMARK [1][-]{section.3.3}{\376\377\000T\000r\000a\000n\000s\000f\000e\000r\000\040\000F\000i\000l\000e\000s\000\040\000t\000o\000/\000f\000r\000o\000m\000\040\000t\000h\000e\000\040\000V\000U\000B\000-\000H\000P\000C}{chapter.3}% 29
\BOOKMARK [2][-]{subsection.3.3.1}{\376\377\000U\000s\000i\000n\000g\000\040\000s\000c\000p}{section.3.3}% 30
\BOOKMARK [2][-]{subsection.3.3.2}{\376\377\000U\000s\000i\000n\000g\000\040\000s\000f\000t\000p}{section.3.3}% 31
\BOOKMARK [2][-]{subsection.3.3.3}{\376\377\000U\000s\000i\000n\000g\000\040\000a\000\040\000G\000U\000I}{section.3.3}% 32
\BOOKMARK [2][-]{subsection.3.3.4}{\376\377\000F\000a\000s\000t\000\040\000f\000i\000l\000e\000\040\000t\000r\000a\000n\000s\000f\000e\000r\000\040\000f\000o\000r\000\040\000l\000a\000r\000g\000e\000\040\000d\000a\000t\000a\000s\000e\000t\000s}{section.3.3}% 33
\BOOKMARK [0][-]{chapter.4}{\376\377\000R\000u\000n\000n\000i\000n\000g\000\040\000b\000a\000t\000c\000h\000\040\000j\000o\000b\000s}{part.1}% 34
\BOOKMARK [1][-]{section.4.1}{\376\377\000M\000o\000d\000u\000l\000e\000s}{chapter.4}% 35
\BOOKMARK [2][-]{subsection.4.1.1}{\376\377\000E\000n\000v\000i\000r\000o\000n\000m\000e\000n\000t\000\040\000V\000a\000r\000i\000a\000b\000l\000e\000s}{section.4.1}% 36
\BOOKMARK [2][-]{subsection.4.1.2}{\376\377\000T\000h\000e\000\040\000m\000o\000d\000u\000l\000e\000\040\000c\000o\000m\000m\000a\000n\000d}{section.4.1}% 37
\BOOKMARK [2][-]{subsection.4.1.3}{\376\377\000A\000v\000a\000i\000l\000a\000b\000l\000e\000\040\000m\000o\000d\000u\000l\000e\000s}{section.4.1}% 38
\BOOKMARK [2][-]{subsection.4.1.4}{\376\377\000O\000r\000g\000a\000n\000i\000s\000a\000t\000i\000o\000n\000\040\000o\000f\000\040\000m\000o\000d\000u\000l\000e\000s\000\040\000i\000n\000\040\000t\000o\000o\000l\000c\000h\000a\000i\000n\000s}{section.4.1}% 39
\BOOKMARK [2][-]{subsection.4.1.5}{\376\377\000L\000o\000a\000d\000i\000n\000g\000\040\000a\000n\000d\000\040\000u\000n\000l\000o\000a\000d\000i\000n\000g\000\040\000m\000o\000d\000u\000l\000e\000s}{section.4.1}% 40
\BOOKMARK [2][-]{subsection.4.1.6}{\376\377\000P\000u\000r\000g\000i\000n\000g\000\040\000a\000l\000l\000\040\000m\000o\000d\000u\000l\000e\000s}{section.4.1}% 41
\BOOKMARK [2][-]{subsection.4.1.7}{\376\377\000U\000s\000i\000n\000g\000\040\000e\000x\000p\000l\000i\000c\000i\000t\000\040\000v\000e\000r\000s\000i\000o\000n\000\040\000n\000u\000m\000b\000e\000r\000s}{section.4.1}% 42
\BOOKMARK [2][-]{subsection.4.1.8}{\376\377\000S\000e\000a\000r\000c\000h\000\040\000f\000o\000r\000\040\000m\000o\000d\000u\000l\000e\000s}{section.4.1}% 43
\BOOKMARK [2][-]{subsection.4.1.9}{\376\377\000G\000e\000t\000\040\000d\000e\000t\000a\000i\000l\000e\000d\000\040\000i\000n\000f\000o}{section.4.1}% 44
\BOOKMARK [2][-]{subsection.4.1.10}{\376\377\000S\000a\000v\000e\000\040\000a\000n\000d\000\040\000l\000o\000a\000d\000\040\000c\000o\000l\000l\000e\000c\000t\000i\000o\000n\000s\000\040\000o\000f\000\040\000m\000o\000d\000u\000l\000e\000s}{section.4.1}% 45
\BOOKMARK [2][-]{subsection.4.1.11}{\376\377\000G\000e\000t\000t\000i\000n\000g\000\040\000m\000o\000d\000u\000l\000e\000\040\000d\000e\000t\000a\000i\000l\000s}{section.4.1}% 46
\BOOKMARK [1][-]{section.4.2}{\376\377\000G\000e\000t\000t\000i\000n\000g\000\040\000s\000y\000s\000t\000e\000m\000\040\000i\000n\000f\000o\000r\000m\000a\000t\000i\000o\000n\000\040\000a\000b\000o\000u\000t\000\040\000t\000h\000e\000\040\000H\000P\000C\000\040\000i\000n\000f\000r\000a\000s\000t\000r\000u\000c\000t\000u\000r\000e}{chapter.4}% 47
\BOOKMARK [2][-]{subsection.4.2.1}{\376\377\000C\000h\000e\000c\000k\000i\000n\000g\000\040\000t\000h\000e\000\040\000g\000e\000n\000e\000r\000a\000l\000\040\000s\000t\000a\000t\000u\000s\000\040\000o\000f\000\040\000t\000h\000e\000\040\000H\000P\000C\000\040\000i\000n\000f\000r\000a\000s\000t\000r\000u\000c\000t\000u\000r\000e}{section.4.2}% 48
\BOOKMARK [1][-]{section.4.3}{\376\377\000D\000e\000f\000i\000n\000i\000n\000g\000\040\000a\000n\000d\000\040\000s\000u\000b\000m\000i\000t\000t\000i\000n\000g\000\040\000y\000o\000u\000r\000\040\000j\000o\000b}{chapter.4}% 49
\BOOKMARK [1][-]{section.4.4}{\376\377\000M\000o\000n\000i\000t\000o\000r\000i\000n\000g\000\040\000a\000n\000d\000\040\000m\000a\000n\000a\000g\000i\000n\000g\000\040\000y\000o\000u\000r\000\040\000j\000o\000b\000\050\000s\000\051}{chapter.4}% 50
\BOOKMARK [1][-]{section.4.5}{\376\377\000E\000x\000a\000m\000i\000n\000i\000n\000g\000\040\000t\000h\000e\000\040\000q\000u\000e\000u\000e}{chapter.4}% 51
\BOOKMARK [1][-]{section.4.6}{\376\377\000S\000p\000e\000c\000i\000f\000y\000i\000n\000g\000\040\000j\000o\000b\000\040\000r\000e\000q\000u\000i\000r\000e\000m\000e\000n\000t\000s}{chapter.4}% 52
\BOOKMARK [2][-]{subsection.4.6.1}{\376\377\000G\000e\000n\000e\000r\000i\000c\000\040\000r\000e\000s\000o\000u\000r\000c\000e\000\040\000r\000e\000q\000u\000i\000r\000e\000m\000e\000n\000t\000s}{section.4.6}% 53
\BOOKMARK [2][-]{subsection.4.6.2}{\376\377\000N\000o\000d\000e\000-\000s\000p\000e\000c\000i\000f\000i\000c\000\040\000p\000r\000o\000p\000e\000r\000t\000i\000e\000s}{section.4.6}% 54
\BOOKMARK [1][-]{section.4.7}{\376\377\000J\000o\000b\000\040\000o\000u\000t\000p\000u\000t\000\040\000a\000n\000d\000\040\000e\000r\000r\000o\000r\000\040\000f\000i\000l\000e\000s}{chapter.4}% 55
\BOOKMARK [1][-]{section.4.8}{\376\377\000E\000-\000m\000a\000i\000l\000\040\000n\000o\000t\000i\000f\000i\000c\000a\000t\000i\000o\000n\000s}{chapter.4}% 56
\BOOKMARK [2][-]{subsection.4.8.1}{\376\377\000U\000p\000o\000n\000\040\000j\000o\000b\000\040\000f\000a\000i\000l\000u\000r\000e}{section.4.8}% 57
\BOOKMARK [2][-]{subsection.4.8.2}{\376\377\000G\000e\000n\000e\000r\000a\000t\000e\000\040\000y\000o\000u\000r\000\040\000o\000w\000n\000\040\000e\000-\000m\000a\000i\000l\000\040\000n\000o\000t\000i\000f\000i\000c\000a\000t\000i\000o\000n\000s}{section.4.8}% 58
\BOOKMARK [1][-]{section.4.9}{\376\377\000R\000u\000n\000n\000i\000n\000g\000\040\000a\000\040\000j\000o\000b\000\040\000a\000f\000t\000e\000r\000\040\000a\000n\000o\000t\000h\000e\000r\000\040\000j\000o\000b}{chapter.4}% 59
\BOOKMARK [0][-]{chapter.5}{\376\377\000R\000u\000n\000n\000i\000n\000g\000\040\000i\000n\000t\000e\000r\000a\000c\000t\000i\000v\000e\000\040\000j\000o\000b\000s}{part.1}% 60
\BOOKMARK [1][-]{section.5.1}{\376\377\000I\000n\000t\000r\000o\000d\000u\000c\000t\000i\000o\000n}{chapter.5}% 61
\BOOKMARK [1][-]{section.5.2}{\376\377\000I\000n\000t\000e\000r\000a\000c\000t\000i\000v\000e\000\040\000j\000o\000b\000s\000,\000\040\000w\000i\000t\000h\000o\000u\000t\000\040\000X\000\040\000s\000u\000p\000p\000o\000r\000t}{chapter.5}% 62
\BOOKMARK [1][-]{section.5.3}{\376\377\000I\000n\000t\000e\000r\000a\000c\000t\000i\000v\000e\000\040\000j\000o\000b\000s\000,\000\040\000w\000i\000t\000h\000\040\000g\000r\000a\000p\000h\000i\000c\000a\000l\000\040\000s\000u\000p\000p\000o\000r\000t}{chapter.5}% 63
\BOOKMARK [2][-]{subsection.5.3.1}{\376\377\000S\000o\000f\000t\000w\000a\000r\000e\000\040\000I\000n\000s\000t\000a\000l\000l\000a\000t\000i\000o\000n}{section.5.3}% 64
\BOOKMARK [2][-]{subsection.5.3.2}{\376\377\000C\000o\000n\000n\000e\000c\000t\000\040\000w\000i\000t\000h\000\040\000X\000-\000f\000o\000r\000w\000a\000r\000d\000i\000n\000g}{section.5.3}% 65
\BOOKMARK [2][-]{subsection.5.3.3}{\376\377\000R\000u\000n\000\040\000s\000i\000m\000p\000l\000e\000\040\000e\000x\000a\000m\000p\000l\000e}{section.5.3}% 66
\BOOKMARK [2][-]{subsection.5.3.4}{\376\377\000R\000u\000n\000\040\000y\000o\000u\000r\000\040\000i\000n\000t\000e\000r\000a\000c\000t\000i\000v\000e\000\040\000a\000p\000p\000l\000i\000c\000a\000t\000i\000o\000n}{section.5.3}% 67
\BOOKMARK [0][-]{chapter.6}{\376\377\000R\000u\000n\000n\000i\000n\000g\000\040\000j\000o\000b\000s\000\040\000w\000i\000t\000h\000\040\000i\000n\000p\000u\000t\000/\000o\000u\000t\000p\000u\000t\000\040\000d\000a\000t\000a}{part.1}% 68
\BOOKMARK [1][-]{section.6.1}{\376\377\000T\000h\000e\000\040\000c\000u\000r\000r\000e\000n\000t\000\040\000d\000i\000r\000e\000c\000t\000o\000r\000y\000\040\000a\000n\000d\000\040\000o\000u\000t\000p\000u\000t\000\040\000a\000n\000d\000\040\000e\000r\000r\000o\000r\000\040\000f\000i\000l\000e\000s}{chapter.6}% 69
\BOOKMARK [2][-]{subsection.6.1.1}{\376\377\000D\000e\000f\000a\000u\000l\000t\000\040\000f\000i\000l\000e\000\040\000n\000a\000m\000e\000s}{section.6.1}% 70
\BOOKMARK [2][-]{subsection.6.1.2}{\376\377\000F\000i\000l\000e\000n\000a\000m\000e\000s\000\040\000u\000s\000i\000n\000g\000\040\000t\000h\000e\000\040\000n\000a\000m\000e\000\040\000o\000f\000\040\000t\000h\000e\000\040\000j\000o\000b}{section.6.1}% 71
\BOOKMARK [2][-]{subsection.6.1.3}{\376\377\000U\000s\000e\000r\000-\000d\000e\000f\000i\000n\000e\000d\000\040\000f\000i\000l\000e\000\040\000n\000a\000m\000e\000s}{section.6.1}% 72
\BOOKMARK [1][-]{section.6.2}{\376\377\000W\000h\000e\000r\000e\000\040\000t\000o\000\040\000s\000t\000o\000r\000e\000\040\000y\000o\000u\000r\000\040\000d\000a\000t\000a\000\040\000o\000n\000\040\000t\000h\000e\000\040\000V\000U\000B\000-\000H\000P\000C}{chapter.6}% 73
\BOOKMARK [2][-]{subsection.6.2.1}{\376\377\000P\000r\000e\000-\000d\000e\000f\000i\000n\000e\000d\000\040\000u\000s\000e\000r\000\040\000d\000i\000r\000e\000c\000t\000o\000r\000i\000e\000s}{section.6.2}% 74
\BOOKMARK [2][-]{subsection.6.2.2}{\376\377\000Y\000o\000u\000r\000\040\000h\000o\000m\000e\000\040\000d\000i\000r\000e\000c\000t\000o\000r\000y\000\040\000\050\000\044\000V\000S\000C\000\137\000H\000O\000M\000E\000\051}{section.6.2}% 75
\BOOKMARK [2][-]{subsection.6.2.3}{\376\377\000Y\000o\000u\000r\000\040\000d\000a\000t\000a\000\040\000d\000i\000r\000e\000c\000t\000o\000r\000y\000\040\000\050\000\044\000V\000S\000C\000\137\000D\000A\000T\000A\000\051}{section.6.2}% 76
\BOOKMARK [2][-]{subsection.6.2.4}{\376\377\000Y\000o\000u\000r\000\040\000s\000c\000r\000a\000t\000c\000h\000\040\000s\000p\000a\000c\000e\000\040\000\050\000\044\000V\000S\000C\000\137\000S\000C\000R\000A\000T\000C\000H\000\051}{section.6.2}% 77
\BOOKMARK [2][-]{subsection.6.2.5}{\376\377\000P\000r\000e\000-\000d\000e\000f\000i\000n\000e\000d\000\040\000q\000u\000o\000t\000a\000s}{section.6.2}% 78
\BOOKMARK [1][-]{section.6.3}{\376\377\000W\000r\000i\000t\000i\000n\000g\000\040\000O\000u\000t\000p\000u\000t\000\040\000f\000i\000l\000e\000s}{chapter.6}% 79
\BOOKMARK [1][-]{section.6.4}{\376\377\000R\000e\000a\000d\000i\000n\000g\000\040\000I\000n\000p\000u\000t\000\040\000f\000i\000l\000e\000s}{chapter.6}% 80
\BOOKMARK [1][-]{section.6.5}{\376\377\000H\000o\000w\000\040\000m\000u\000c\000h\000\040\000d\000i\000s\000k\000\040\000s\000p\000a\000c\000e\000\040\000d\000o\000\040\000I\000\040\000g\000e\000t\000?}{chapter.6}% 81
\BOOKMARK [2][-]{subsection.6.5.1}{\376\377\000Q\000u\000o\000t\000a}{section.6.5}% 82
\BOOKMARK [2][-]{subsection.6.5.2}{\376\377\000C\000h\000e\000c\000k\000\040\000y\000o\000u\000r\000\040\000q\000u\000o\000t\000a}{section.6.5}% 83
\BOOKMARK [1][-]{section.6.6}{\376\377\000G\000r\000o\000u\000p\000s}{chapter.6}% 84
\BOOKMARK [2][-]{subsection.6.6.1}{\376\377\000J\000o\000i\000n\000i\000n\000g\000\040\000a\000n\000\040\000e\000x\000i\000s\000t\000i\000n\000g\000\040\000g\000r\000o\000u\000p}{section.6.6}% 85
\BOOKMARK [2][-]{subsection.6.6.2}{\376\377\000C\000r\000e\000a\000t\000i\000n\000g\000\040\000a\000\040\000n\000e\000w\000\040\000g\000r\000o\000u\000p}{section.6.6}% 86
\BOOKMARK [2][-]{subsection.6.6.3}{\376\377\000M\000a\000n\000a\000g\000i\000n\000g\000\040\000a\000\040\000g\000r\000o\000u\000p}{section.6.6}% 87
\BOOKMARK [2][-]{subsection.6.6.4}{\376\377\000I\000n\000s\000p\000e\000c\000t\000i\000n\000g\000\040\000g\000r\000o\000u\000p\000s}{section.6.6}% 88
\BOOKMARK [1][-]{section.6.7}{\376\377\000V\000i\000r\000t\000u\000a\000l\000\040\000O\000r\000g\000a\000n\000i\000s\000a\000t\000i\000o\000n\000s}{chapter.6}% 89
\BOOKMARK [2][-]{subsection.6.7.1}{\376\377\000J\000o\000i\000n\000i\000n\000g\000\040\000a\000n\000\040\000e\000x\000i\000s\000t\000i\000n\000g\000\040\000V\000O}{section.6.7}% 90
\BOOKMARK [2][-]{subsection.6.7.2}{\376\377\000C\000r\000e\000a\000t\000i\000n\000g\000\040\000a\000\040\000n\000e\000w\000\040\000V\000O}{section.6.7}% 91
\BOOKMARK [2][-]{subsection.6.7.3}{\376\377\000R\000e\000q\000u\000e\000s\000t\000i\000n\000g\000\040\000m\000o\000r\000e\000\040\000s\000t\000o\000r\000a\000g\000e\000\040\000s\000p\000a\000c\000e}{section.6.7}% 92
\BOOKMARK [2][-]{subsection.6.7.4}{\376\377\000S\000e\000t\000t\000i\000n\000g\000\040\000p\000e\000r\000-\000m\000e\000m\000b\000e\000r\000\040\000V\000O\000\040\000q\000u\000o\000t\000a}{section.6.7}% 93
\BOOKMARK [2][-]{subsection.6.7.5}{\376\377\000V\000O\000\040\000d\000i\000r\000e\000c\000t\000o\000r\000i\000e\000s}{section.6.7}% 94
\BOOKMARK [0][-]{chapter.7}{\376\377\000M\000u\000l\000t\000i\000\040\000c\000o\000r\000e\000\040\000j\000o\000b\000s\000/\000P\000a\000r\000a\000l\000l\000e\000l\000\040\000C\000o\000m\000p\000u\000t\000i\000n\000g}{part.1}% 95
\BOOKMARK [1][-]{section.7.1}{\376\377\000W\000h\000y\000\040\000P\000a\000r\000a\000l\000l\000e\000l\000\040\000P\000r\000o\000g\000r\000a\000m\000m\000i\000n\000g\000?}{chapter.7}% 96
\BOOKMARK [1][-]{section.7.2}{\376\377\000P\000a\000r\000a\000l\000l\000e\000l\000\040\000C\000o\000m\000p\000u\000t\000i\000n\000g\000\040\000w\000i\000t\000h\000\040\000t\000h\000r\000e\000a\000d\000s}{chapter.7}% 97
\BOOKMARK [1][-]{section.7.3}{\376\377\000P\000a\000r\000a\000l\000l\000e\000l\000\040\000C\000o\000m\000p\000u\000t\000i\000n\000g\000\040\000w\000i\000t\000h\000\040\000O\000p\000e\000n\000M\000P}{chapter.7}% 98
\BOOKMARK [2][-]{subsection.7.3.1}{\376\377\000P\000r\000i\000v\000a\000t\000e\000\040\000v\000e\000r\000s\000u\000s\000\040\000S\000h\000a\000r\000e\000d\000\040\000v\000a\000r\000i\000a\000b\000l\000e\000s}{section.7.3}% 99
\BOOKMARK [2][-]{subsection.7.3.2}{\376\377\000P\000a\000r\000a\000l\000l\000e\000l\000i\000s\000i\000n\000g\000\040\000f\000o\000r\000\040\000l\000o\000o\000p\000s\000\040\000w\000i\000t\000h\000\040\000O\000p\000e\000n\000M\000P}{section.7.3}% 100
\BOOKMARK [2][-]{subsection.7.3.3}{\376\377\000C\000r\000i\000t\000i\000c\000a\000l\000\040\000C\000o\000d\000e}{section.7.3}% 101
\BOOKMARK [2][-]{subsection.7.3.4}{\376\377\000R\000e\000d\000u\000c\000t\000i\000o\000n}{section.7.3}% 102
\BOOKMARK [2][-]{subsection.7.3.5}{\376\377\000O\000t\000h\000e\000r\000\040\000O\000p\000e\000n\000M\000P\000\040\000d\000i\000r\000e\000c\000t\000i\000v\000e\000s}{section.7.3}% 103
\BOOKMARK [1][-]{section.7.4}{\376\377\000P\000a\000r\000a\000l\000l\000e\000l\000\040\000C\000o\000m\000p\000u\000t\000i\000n\000g\000\040\000w\000i\000t\000h\000\040\000M\000P\000I}{chapter.7}% 104
\BOOKMARK [0][-]{chapter.8}{\376\377\000T\000r\000o\000u\000b\000l\000e\000s\000h\000o\000o\000t\000i\000n\000g}{part.1}% 105
\BOOKMARK [1][-]{section.8.1}{\376\377\000W\000a\000l\000l\000t\000i\000m\000e\000\040\000i\000s\000s\000u\000e\000s}{chapter.8}% 106
\BOOKMARK [1][-]{section.8.2}{\376\377\000O\000u\000t\000\040\000o\000f\000\040\000q\000u\000o\000t\000a\000\040\000i\000s\000s\000u\000e\000s}{chapter.8}% 107
\BOOKMARK [1][-]{section.8.3}{\376\377\000I\000s\000s\000u\000e\000s\000\040\000c\000o\000n\000n\000e\000c\000t\000i\000n\000g\000\040\000t\000o\000\040\000l\000o\000g\000i\000n\000\040\000n\000o\000d\000e}{chapter.8}% 108
\BOOKMARK [1][-]{section.8.4}{\376\377\000S\000e\000c\000u\000r\000i\000t\000y\000\040\000w\000a\000r\000n\000i\000n\000g\000\040\000a\000b\000o\000u\000t\000\040\000i\000n\000v\000a\000l\000i\000d\000\040\000h\000o\000s\000t\000\040\000k\000e\000y}{chapter.8}% 109
\BOOKMARK [1][-]{section.8.5}{\376\377\000D\000O\000S\000/\000W\000i\000n\000d\000o\000w\000s\000\040\000t\000e\000x\000t\000\040\000f\000o\000r\000m\000a\000t}{chapter.8}% 110
\BOOKMARK [1][-]{section.8.6}{\376\377\000W\000a\000r\000n\000i\000n\000g\000\040\000m\000e\000s\000s\000a\000g\000e\000\040\000w\000h\000e\000n\000\040\000f\000i\000r\000s\000t\000\040\000c\000o\000n\000n\000e\000c\000t\000i\000n\000g\000\040\000t\000o\000\040\000n\000e\000w\000\040\000h\000o\000s\000t}{chapter.8}% 111
\BOOKMARK [1][-]{section.8.7}{\376\377\000M\000e\000m\000o\000r\000y\000\040\000l\000i\000m\000i\000t\000s}{chapter.8}% 112
\BOOKMARK [2][-]{subsection.8.7.1}{\376\377\000H\000o\000w\000\040\000w\000i\000l\000l\000\040\000I\000\040\000k\000n\000o\000w\000\040\000i\000f\000\040\000m\000e\000m\000o\000r\000y\000\040\000l\000i\000m\000i\000t\000s\000\040\000a\000r\000e\000\040\000t\000h\000e\000\040\000c\000a\000u\000s\000e\000\040\000o\000f\000\040\000m\000y\000\040\000p\000r\000o\000b\000l\000e\000m\000?}{section.8.7}% 113
\BOOKMARK [2][-]{subsection.8.7.2}{\376\377\000H\000o\000w\000\040\000d\000o\000\040\000I\000\040\000s\000p\000e\000c\000i\000f\000y\000\040\000t\000h\000e\000\040\000a\000m\000o\000u\000n\000t\000\040\000o\000f\000\040\000m\000e\000m\000o\000r\000y\000\040\000I\000\040\000n\000e\000e\000d\000?}{section.8.7}% 114
\BOOKMARK [0][-]{chapter.9}{\376\377\000H\000P\000C\000\040\000P\000o\000l\000i\000c\000i\000e\000s}{part.1}% 115
\BOOKMARK [1][-]{section.9.1}{\376\377\000P\000r\000i\000o\000r\000i\000t\000y\000\040\000b\000a\000s\000e\000d\000\040\000s\000c\000h\000e\000d\000u\000l\000i\000n\000g\000?}{chapter.9}% 116
\BOOKMARK [1][-]{section.9.2}{\376\377\000F\000a\000i\000r\000s\000h\000a\000r\000e\000\040\000m\000e\000c\000h\000a\000n\000i\000s\000m}{chapter.9}% 117
\BOOKMARK [1][-]{section.9.3}{\376\377\000C\000r\000e\000d\000i\000t\000i\000n\000g\000\040\000s\000y\000s\000t\000e\000m}{chapter.9}% 118
\BOOKMARK [0][-]{chapter.10}{\376\377\000F\000r\000e\000q\000u\000e\000n\000t\000l\000y\000\040\000A\000s\000k\000e\000d\000\040\000Q\000u\000e\000s\000t\000i\000o\000n\000s}{part.1}% 119
\BOOKMARK [1][-]{section.10.1}{\376\377\000W\000h\000e\000n\000\040\000w\000i\000l\000l\000\040\000m\000y\000\040\000j\000o\000b\000\040\000s\000t\000a\000r\000t\000?}{chapter.10}% 120
\BOOKMARK [1][-]{section.10.2}{\376\377\000C\000a\000n\000\040\000I\000\040\000s\000h\000a\000r\000e\000\040\000m\000y\000\040\000a\000c\000c\000o\000u\000n\000t\000\040\000w\000i\000t\000h\000\040\000s\000o\000m\000e\000o\000n\000e\000\040\000e\000l\000s\000e\000?}{chapter.10}% 121
\BOOKMARK [1][-]{section.10.3}{\376\377\000C\000a\000n\000\040\000I\000\040\000s\000h\000a\000r\000e\000\040\000m\000y\000\040\000d\000a\000t\000a\000\040\000w\000i\000t\000h\000\040\000o\000t\000h\000e\000r\000\040\000V\000U\000B\000-\000H\000P\000C\000\040\000u\000s\000e\000r\000s\000?}{chapter.10}% 122
\BOOKMARK [1][-]{section.10.4}{\376\377\000C\000a\000n\000\040\000I\000\040\000u\000s\000e\000\040\000m\000u\000l\000t\000i\000p\000l\000e\000\040\000d\000i\000f\000f\000e\000r\000e\000n\000t\000\040\000S\000S\000H\000\040\000k\000e\000y\000\040\000p\000a\000i\000r\000s\000\040\000t\000o\000\040\000c\000o\000n\000n\000e\000c\000t\000\040\000t\000o\000\040\000m\000y\000\040\000V\000S\000C\000\040\000a\000c\000c\000o\000u\000n\000t\000?}{chapter.10}% 123
\BOOKMARK [1][-]{section.10.5}{\376\377\000I\000\040\000w\000a\000n\000t\000\040\000t\000o\000\040\000u\000s\000e\000\040\000s\000o\000f\000t\000w\000a\000r\000e\000\040\000t\000h\000a\000t\000\040\000i\000s\000\040\000n\000o\000t\000\040\000a\000v\000a\000i\000l\000a\000b\000l\000e\000\040\000o\000n\000\040\000t\000h\000e\000\040\000c\000l\000u\000s\000t\000e\000r\000s\000\040\000y\000e\000t}{chapter.10}% 124
\BOOKMARK [-1][-]{part.2}{\376\377\000I\000I\000\040\000A\000d\000v\000a\000n\000c\000e\000d\000\040\000G\000u\000i\000d\000e}{}% 125
\BOOKMARK [0][-]{chapter.11}{\376\377\000F\000i\000n\000e\000-\000t\000u\000n\000i\000n\000g\000\040\000J\000o\000b\000\040\000S\000p\000e\000c\000i\000f\000i\000c\000a\000t\000i\000o\000n\000s}{part.2}% 126
\BOOKMARK [1][-]{section.11.1}{\376\377\000S\000p\000e\000c\000i\000f\000y\000i\000n\000g\000\040\000W\000a\000l\000l\000t\000i\000m\000e}{chapter.11}% 127
\BOOKMARK [1][-]{section.11.2}{\376\377\000S\000p\000e\000c\000i\000f\000y\000i\000n\000g\000\040\000m\000e\000m\000o\000r\000y\000\040\000r\000e\000q\000u\000i\000r\000e\000m\000e\000n\000t\000s}{chapter.11}% 128
\BOOKMARK [2][-]{subsection.11.2.1}{\376\377\000A\000v\000a\000i\000l\000a\000b\000l\000e\000\040\000M\000e\000m\000o\000r\000y\000\040\000o\000n\000\040\000t\000h\000e\000\040\000m\000a\000c\000h\000i\000n\000e}{section.11.2}% 129
\BOOKMARK [2][-]{subsection.11.2.2}{\376\377\000C\000h\000e\000c\000k\000i\000n\000g\000\040\000t\000h\000e\000\040\000m\000e\000m\000o\000r\000y\000\040\000c\000o\000n\000s\000u\000m\000p\000t\000i\000o\000n}{section.11.2}% 130
\BOOKMARK [2][-]{subsection.11.2.3}{\376\377\000S\000e\000t\000t\000i\000n\000g\000\040\000t\000h\000e\000\040\000m\000e\000m\000o\000r\000y\000\040\000p\000a\000r\000a\000m\000e\000t\000e\000r}{section.11.2}% 131
\BOOKMARK [1][-]{section.11.3}{\376\377\000S\000p\000e\000c\000i\000f\000y\000i\000n\000g\000\040\000p\000r\000o\000c\000e\000s\000s\000o\000r\000s\000\040\000r\000e\000q\000u\000i\000r\000e\000m\000e\000n\000t\000s}{chapter.11}% 132
\BOOKMARK [2][-]{subsection.11.3.1}{\376\377\000N\000u\000m\000b\000e\000r\000\040\000o\000f\000\040\000p\000r\000o\000c\000e\000s\000s\000o\000r\000s}{section.11.3}% 133
\BOOKMARK [2][-]{subsection.11.3.2}{\376\377\000M\000o\000n\000i\000t\000o\000r\000i\000n\000g\000\040\000t\000h\000e\000\040\000C\000P\000U\000-\000u\000t\000i\000l\000i\000s\000a\000t\000i\000o\000n}{section.11.3}% 134
\BOOKMARK [2][-]{subsection.11.3.3}{\376\377\000F\000i\000n\000e\000-\000t\000u\000n\000i\000n\000g\000\040\000y\000o\000u\000r\000\040\000e\000x\000e\000c\000u\000t\000a\000b\000l\000e\000\040\000a\000n\000d\000/\000o\000r\000\040\000j\000o\000b\000\040\000s\000c\000r\000i\000p\000t}{section.11.3}% 135
\BOOKMARK [1][-]{section.11.4}{\376\377\000T\000h\000e\000\040\000s\000y\000s\000t\000e\000m\000\040\000l\000o\000a\000d}{chapter.11}% 136
\BOOKMARK [2][-]{subsection.11.4.1}{\376\377\000O\000p\000t\000i\000m\000a\000l\000\040\000l\000o\000a\000d}{section.11.4}% 137
\BOOKMARK [2][-]{subsection.11.4.2}{\376\377\000M\000o\000n\000i\000t\000o\000r\000i\000n\000g\000\040\000t\000h\000e\000\040\000l\000o\000a\000d}{section.11.4}% 138
\BOOKMARK [2][-]{subsection.11.4.3}{\376\377\000F\000i\000n\000e\000-\000t\000u\000n\000i\000n\000g\000\040\000y\000o\000u\000r\000\040\000e\000x\000e\000c\000u\000t\000a\000b\000l\000e\000\040\000a\000n\000d\000/\000o\000r\000\040\000j\000o\000b\000\040\000s\000c\000r\000i\000p\000t}{section.11.4}% 139
\BOOKMARK [1][-]{section.11.5}{\376\377\000C\000h\000e\000c\000k\000i\000n\000g\000\040\000F\000i\000l\000e\000\040\000s\000i\000z\000e\000s\000\040\000\046\000\040\000D\000i\000s\000k\000\040\000I\000/\000O}{chapter.11}% 140
\BOOKMARK [2][-]{subsection.11.5.1}{\376\377\000M\000o\000n\000i\000t\000o\000r\000i\000n\000g\000\040\000F\000i\000l\000e\000\040\000s\000i\000z\000e\000s\000\040\000d\000u\000r\000i\000n\000g\000\040\000e\000x\000e\000c\000u\000t\000i\000o\000n}{section.11.5}% 141
\BOOKMARK [1][-]{section.11.6}{\376\377\000S\000p\000e\000c\000i\000f\000y\000i\000n\000g\000\040\000n\000e\000t\000w\000o\000r\000k\000\040\000r\000e\000q\000u\000i\000r\000e\000m\000e\000n\000t\000s}{chapter.11}% 142
\BOOKMARK [1][-]{section.11.7}{\376\377\000S\000o\000m\000e\000\040\000m\000o\000r\000e\000\040\000t\000i\000p\000s\000\040\000o\000n\000\040\000t\000h\000e\000\040\000M\000o\000n\000i\000t\000o\000r\000\040\000t\000o\000o\000l}{chapter.11}% 143
\BOOKMARK [2][-]{subsection.11.7.1}{\376\377\000C\000o\000m\000m\000a\000n\000d\000\040\000L\000i\000n\000e\000s\000\040\000a\000r\000g\000u\000m\000e\000n\000t\000s}{section.11.7}% 144
\BOOKMARK [2][-]{subsection.11.7.2}{\376\377\000E\000x\000i\000t\000\040\000C\000o\000d\000e}{section.11.7}% 145
\BOOKMARK [2][-]{subsection.11.7.3}{\376\377\000M\000o\000n\000i\000t\000o\000r\000i\000n\000g\000\040\000a\000\040\000r\000u\000n\000n\000i\000n\000g\000\040\000p\000r\000o\000c\000e\000s\000s}{section.11.7}% 146
\BOOKMARK [0][-]{chapter.12}{\376\377\000M\000u\000l\000t\000i\000-\000j\000o\000b\000\040\000s\000u\000b\000m\000i\000s\000s\000i\000o\000n}{part.2}% 147
\BOOKMARK [1][-]{section.12.1}{\376\377\000T\000h\000e\000\040\000w\000o\000r\000k\000e\000r\000\040\000F\000r\000a\000m\000e\000w\000o\000r\000k\000:\000\040\000P\000a\000r\000a\000m\000e\000t\000e\000r\000\040\000S\000w\000e\000e\000p\000s}{chapter.12}% 148
\BOOKMARK [1][-]{section.12.2}{\376\377\000T\000h\000e\000\040\000W\000o\000r\000k\000e\000r\000\040\000f\000r\000a\000m\000e\000w\000o\000r\000k\000:\000\040\000J\000o\000b\000\040\000a\000r\000r\000a\000y\000s}{chapter.12}% 149
\BOOKMARK [1][-]{section.12.3}{\376\377\000M\000a\000p\000R\000e\000d\000u\000c\000e\000:\000\040\000p\000r\000o\000l\000o\000g\000u\000e\000s\000\040\000a\000n\000d\000\040\000e\000p\000i\000l\000o\000g\000u\000e}{chapter.12}% 150
\BOOKMARK [1][-]{section.12.4}{\376\377\000S\000o\000m\000e\000\040\000m\000o\000r\000e\000\040\000o\000n\000\040\000t\000h\000e\000\040\000W\000o\000r\000k\000e\000r\000\040\000F\000r\000a\000m\000e\000w\000o\000r\000k}{chapter.12}% 151
\BOOKMARK [2][-]{subsection.12.4.1}{\376\377\000U\000s\000i\000n\000g\000\040\000W\000o\000r\000k\000e\000r\000\040\000e\000f\000f\000i\000c\000i\000e\000n\000t\000l\000y}{section.12.4}% 152
\BOOKMARK [2][-]{subsection.12.4.2}{\376\377\000M\000o\000n\000i\000t\000o\000r\000i\000n\000g\000\040\000a\000\040\000w\000o\000r\000k\000e\000r\000\040\000j\000o\000b}{section.12.4}% 153
\BOOKMARK [2][-]{subsection.12.4.3}{\376\377\000T\000i\000m\000e\000\040\000l\000i\000m\000i\000t\000s\000\040\000f\000o\000r\000\040\000w\000o\000r\000k\000\040\000i\000t\000e\000m\000s}{section.12.4}% 154
\BOOKMARK [2][-]{subsection.12.4.4}{\376\377\000R\000e\000s\000u\000m\000i\000n\000g\000\040\000a\000\040\000W\000o\000r\000k\000e\000r\000\040\000j\000o\000b}{section.12.4}% 155
\BOOKMARK [2][-]{subsection.12.4.5}{\376\377\000F\000u\000r\000t\000h\000e\000r\000\040\000i\000n\000f\000o\000r\000m\000a\000t\000i\000o\000n}{section.12.4}% 156
\BOOKMARK [0][-]{chapter.13}{\376\377\000C\000o\000m\000p\000i\000l\000i\000n\000g\000\040\000a\000n\000d\000\040\000t\000e\000s\000t\000i\000n\000g\000\040\000y\000o\000u\000r\000\040\000s\000o\000f\000t\000w\000a\000r\000e\000\040\000o\000n\000\040\000t\000h\000e\000\040\000H\000P\000C}{part.2}% 157
\BOOKMARK [1][-]{section.13.1}{\376\377\000C\000h\000e\000c\000k\000\040\000t\000h\000e\000\040\000p\000r\000e\000-\000i\000n\000s\000t\000a\000l\000l\000e\000d\000\040\000s\000o\000f\000t\000w\000a\000r\000e\000\040\000o\000n\000\040\000t\000h\000e\000\040\000V\000U\000B\000-\000H\000P\000C}{chapter.13}% 158
\BOOKMARK [1][-]{section.13.2}{\376\377\000P\000o\000r\000t\000i\000n\000g\000\040\000y\000o\000u\000r\000\040\000c\000o\000d\000e}{chapter.13}% 159
\BOOKMARK [1][-]{section.13.3}{\376\377\000C\000o\000m\000p\000i\000l\000i\000n\000g\000\040\000a\000n\000d\000\040\000b\000u\000i\000l\000d\000i\000n\000g\000\040\000o\000n\000\040\000t\000h\000e\000\040\000V\000U\000B\000-\000H\000P\000C}{chapter.13}% 160
\BOOKMARK [2][-]{subsection.13.3.1}{\376\377\000C\000o\000m\000p\000i\000l\000i\000n\000g\000\040\000a\000\040\000s\000e\000q\000u\000e\000n\000t\000i\000a\000l\000\040\000p\000r\000o\000g\000r\000a\000m\000\040\000i\000n\000\040\000C}{section.13.3}% 161
\BOOKMARK [2][-]{subsection.13.3.2}{\376\377\000C\000o\000m\000p\000i\000l\000i\000n\000g\000\040\000a\000\040\000p\000a\000r\000a\000l\000l\000e\000l\000\040\000p\000r\000o\000g\000r\000a\000m\000\040\000i\000n\000\040\000C\000/\000M\000P\000I}{section.13.3}% 162
\BOOKMARK [2][-]{subsection.13.3.3}{\376\377\000C\000o\000m\000p\000i\000l\000i\000n\000g\000\040\000a\000\040\000p\000a\000r\000a\000l\000l\000e\000l\000\040\000p\000r\000o\000g\000r\000a\000m\000\040\000i\000n\000\040\000I\000n\000t\000e\000l\000\040\000P\000a\000r\000a\000l\000l\000e\000l\000\040\000S\000t\000u\000d\000i\000o\000\040\000C\000l\000u\000s\000t\000e\000r\000\040\000E\000d\000i\000t\000i\000o\000n}{section.13.3}% 163
\BOOKMARK [0][-]{chapter.14}{\376\377\000C\000h\000e\000c\000k\000p\000o\000i\000n\000t\000i\000n\000g}{part.2}% 164
\BOOKMARK [1][-]{section.14.1}{\376\377\000W\000h\000y\000\040\000c\000h\000e\000c\000k\000p\000o\000i\000n\000t\000i\000n\000g\000?}{chapter.14}% 165
\BOOKMARK [1][-]{section.14.2}{\376\377\000W\000h\000a\000t\000\040\000i\000s\000\040\000c\000h\000e\000c\000k\000p\000o\000i\000n\000t\000i\000n\000g\000?}{chapter.14}% 166
\BOOKMARK [1][-]{section.14.3}{\376\377\000H\000o\000w\000\040\000t\000o\000\040\000u\000s\000e\000\040\000c\000h\000e\000c\000k\000p\000o\000i\000n\000t\000i\000n\000g\000?}{chapter.14}% 167
\BOOKMARK [1][-]{section.14.4}{\376\377\000U\000s\000a\000g\000e\000\040\000a\000n\000d\000\040\000p\000a\000r\000a\000m\000e\000t\000e\000r\000s}{chapter.14}% 168
\BOOKMARK [2][-]{subsection.14.4.1}{\376\377\000S\000u\000b\000m\000i\000t\000t\000i\000n\000g\000\040\000a\000\040\000j\000o\000b}{section.14.4}% 169
\BOOKMARK [2][-]{subsection.14.4.2}{\376\377\000C\000a\000v\000e\000a\000t\000:\000\040\000d\000o\000n\000'\000t\000\040\000c\000r\000e\000a\000t\000e\000\040\000l\000o\000c\000a\000l\000\040\000d\000i\000r\000e\000c\000t\000o\000r\000i\000e\000s}{section.14.4}% 170
\BOOKMARK [2][-]{subsection.14.4.3}{\376\377\000P\000B\000S\000\040\000d\000i\000r\000e\000c\000t\000i\000v\000e\000s}{section.14.4}% 171
\BOOKMARK [2][-]{subsection.14.4.4}{\376\377\000G\000e\000t\000t\000i\000n\000g\000\040\000h\000e\000l\000p}{section.14.4}% 172
\BOOKMARK [2][-]{subsection.14.4.5}{\376\377\000L\000o\000c\000a\000l\000\040\000f\000i\000l\000e\000s\000\040\000\050\040\023\000p\000r\000e\000\040\000/\000\040\040\023\000p\000o\000s\000t\000\051}{section.14.4}% 173
\BOOKMARK [2][-]{subsection.14.4.6}{\376\377\000R\000u\000n\000n\000i\000n\000g\000\040\000o\000n\000\040\000s\000h\000a\000r\000e\000d\000\040\000s\000t\000o\000r\000a\000g\000e\000\040\000\050\040\023\000s\000h\000a\000r\000e\000d\000\051}{section.14.4}% 174
\BOOKMARK [2][-]{subsection.14.4.7}{\376\377\000J\000o\000b\000\040\000w\000a\000l\000l\000\040\000t\000i\000m\000e\000\040\000\050\040\023\000j\000o\000b\000\137\000t\000i\000m\000e\000,\000\040\040\023\000c\000h\000k\000p\000t\000\137\000t\000i\000m\000e\000\051}{section.14.4}% 175
\BOOKMARK [2][-]{subsection.14.4.8}{\376\377\000R\000e\000s\000u\000m\000i\000n\000g\000\040\000f\000r\000o\000m\000\040\000l\000a\000s\000t\000\040\000c\000h\000e\000c\000k\000p\000o\000i\000n\000t\000\040\000\050\040\023\000r\000e\000s\000u\000m\000e\000\051}{section.14.4}% 176
\BOOKMARK [1][-]{section.14.5}{\376\377\000A\000d\000d\000i\000t\000i\000o\000n\000a\000l\000\040\000o\000p\000t\000i\000o\000n\000s}{chapter.14}% 177
\BOOKMARK [2][-]{subsection.14.5.1}{\376\377\000A\000r\000r\000a\000y\000\040\000j\000o\000b\000s\000\040\000\050\000-\000t\000\051}{section.14.5}% 178
\BOOKMARK [2][-]{subsection.14.5.2}{\376\377\000P\000r\000o\000/\000e\000p\000i\000l\000o\000g\000u\000e\000\040\000m\000i\000m\000i\000c\000k\000i\000n\000g\000\040\000\050\040\023\000n\000o\000\137\000m\000i\000m\000i\000c\000\137\000p\000r\000o\000\137\000e\000p\000i\000\051}{section.14.5}% 179
\BOOKMARK [2][-]{subsection.14.5.3}{\376\377\000C\000l\000e\000a\000n\000u\000p\000\040\000c\000h\000e\000c\000k\000p\000o\000i\000n\000t\000s\000\040\000\050\040\023\000c\000l\000e\000a\000n\000u\000p\000\137\000a\000f\000t\000e\000r\000\137\000r\000e\000s\000t\000a\000r\000t\000\051}{section.14.5}% 180
\BOOKMARK [2][-]{subsection.14.5.4}{\376\377\000N\000o\000\040\000c\000l\000e\000a\000n\000u\000p\000\040\000a\000f\000t\000e\000r\000\040\000j\000o\000b\000\040\000c\000o\000m\000p\000l\000e\000t\000i\000o\000n\000\040\000\050\040\023\000n\000o\000\137\000c\000l\000e\000a\000n\000u\000p\000\137\000c\000h\000k\000p\000t\000\051}{section.14.5}% 181
\BOOKMARK [0][-]{chapter.15}{\376\377\000P\000r\000o\000g\000r\000a\000m\000\040\000e\000x\000a\000m\000p\000l\000e\000s}{part.2}% 182
\BOOKMARK [0][-]{chapter.16}{\376\377\000J\000o\000b\000\040\000s\000c\000r\000i\000p\000t\000\040\000e\000x\000a\000m\000p\000l\000e\000s}{part.2}% 183
\BOOKMARK [1][-]{section.16.1}{\376\377\000S\000i\000n\000g\000l\000e\000-\000c\000o\000r\000e\000\040\000j\000o\000b}{chapter.16}% 184
\BOOKMARK [1][-]{section.16.2}{\376\377\000M\000u\000l\000t\000i\000-\000c\000o\000r\000e\000\040\000j\000o\000b}{chapter.16}% 185
\BOOKMARK [1][-]{section.16.3}{\376\377\000R\000u\000n\000n\000i\000n\000g\000\040\000a\000\040\000c\000o\000m\000m\000a\000n\000d\000\040\000w\000i\000t\000h\000\040\000a\000\040\000m\000a\000x\000i\000m\000u\000m\000\040\000t\000i\000m\000e\000\040\000l\000i\000m\000i\000t}{chapter.16}% 186
\BOOKMARK [0][-]{chapter.17}{\376\377\000B\000e\000s\000t\000\040\000P\000r\000a\000c\000t\000i\000c\000e\000s}{part.2}% 187
\BOOKMARK [1][-]{section.17.1}{\376\377\000G\000e\000n\000e\000r\000a\000l\000\040\000B\000e\000s\000t\000\040\000P\000r\000a\000c\000t\000i\000c\000e\000s}{chapter.17}% 188
\BOOKMARK [0][-]{chapter.18}{\376\377\000G\000r\000a\000p\000h\000i\000c\000a\000l\000\040\000a\000p\000p\000l\000i\000c\000a\000t\000i\000o\000n\000s\000\040\000w\000i\000t\000h\000\040\000V\000N\000C}{part.2}% 189
\BOOKMARK [1][-]{section.18.1}{\376\377\000S\000t\000a\000r\000t\000i\000n\000g\000\040\000a\000\040\000V\000N\000C\000\040\000s\000e\000r\000v\000e\000r}{chapter.18}% 190
\BOOKMARK [1][-]{section.18.2}{\376\377\000L\000i\000s\000t\000\040\000r\000u\000n\000n\000i\000n\000g\000\040\000V\000N\000C\000\040\000s\000e\000r\000v\000e\000r\000s}{chapter.18}% 191
\BOOKMARK [1][-]{section.18.3}{\376\377\000C\000o\000n\000n\000e\000c\000t\000i\000n\000g\000\040\000t\000o\000\040\000a\000\040\000V\000N\000C\000\040\000s\000e\000r\000v\000e\000r}{chapter.18}% 192
\BOOKMARK [2][-]{subsection.18.3.1}{\376\377\000D\000e\000t\000e\000r\000m\000i\000n\000i\000n\000g\000\040\000t\000h\000e\000\040\000s\000o\000u\000r\000c\000e\000/\000d\000e\000s\000t\000i\000n\000a\000t\000i\000o\000n\000\040\000p\000o\000r\000t}{section.18.3}% 193
\BOOKMARK [2][-]{subsection.18.3.2}{\376\377\000P\000i\000c\000k\000i\000n\000g\000\040\000a\000n\000\040\000i\000n\000t\000e\000r\000m\000e\000d\000i\000a\000t\000e\000\040\000p\000o\000r\000t\000\040\000t\000o\000\040\000c\000o\000n\000n\000e\000c\000t\000\040\000t\000o\000\040\000t\000h\000e\000\040\000r\000i\000g\000h\000t\000\040\000l\000o\000g\000i\000n\000\040\000n\000o\000d\000e}{section.18.3}% 194
\BOOKMARK [2][-]{subsection.18.3.3}{\376\377\000S\000e\000t\000t\000i\000n\000g\000\040\000u\000p\000\040\000t\000h\000e\000\040\000S\000S\000H\000\040\000t\000u\000n\000n\000e\000l\000\050\000s\000\051}{section.18.3}% 195
\BOOKMARK [2][-]{subsection.18.3.4}{\376\377\000C\000o\000n\000n\000e\000c\000t\000i\000n\000g\000\040\000u\000s\000i\000n\000g\000\040\000a\000\040\000V\000N\000C\000\040\000c\000l\000i\000e\000n\000t}{section.18.3}% 196
\BOOKMARK [1][-]{section.18.4}{\376\377\000S\000t\000o\000p\000p\000i\000n\000g\000\040\000t\000h\000e\000\040\000V\000N\000C\000\040\000s\000e\000r\000v\000e\000r}{chapter.18}% 197
\BOOKMARK [1][-]{section.18.5}{\376\377\000I\000\040\000f\000o\000r\000g\000o\000t\000\040\000t\000h\000e\000\040\000p\000a\000s\000s\000w\000o\000r\000d\000,\000\040\000w\000h\000a\000t\000\040\000n\000o\000w\000?}{chapter.18}% 198
\BOOKMARK [0][-]{appendix.A}{\376\377\000H\000P\000C\000\040\000Q\000u\000i\000c\000k\000\040\000R\000e\000f\000e\000r\000e\000n\000c\000e\000\040\000G\000u\000i\000d\000e}{part.2}% 199
\BOOKMARK [0][-]{appendix.B}{\376\377\000T\000O\000R\000Q\000U\000E\000\040\000o\000p\000t\000i\000o\000n\000s}{part.2}% 200
\BOOKMARK [1][-]{section.B.1}{\376\377\000T\000O\000R\000Q\000U\000E\000\040\000S\000u\000b\000m\000i\000s\000s\000i\000o\000n\000\040\000F\000l\000a\000g\000s\000:\000\040\000c\000o\000m\000m\000o\000n\000\040\000a\000n\000d\000\040\000u\000s\000e\000f\000u\000l\000\040\000d\000i\000r\000e\000c\000t\000i\000v\000e\000s}{appendix.B}% 201
\BOOKMARK [1][-]{section.B.2}{\376\377\000E\000n\000v\000i\000r\000o\000n\000m\000e\000n\000t\000\040\000V\000a\000r\000i\000a\000b\000l\000e\000s\000\040\000i\000n\000\040\000B\000a\000t\000c\000h\000\040\000J\000o\000b\000\040\000S\000c\000r\000i\000p\000t\000s}{appendix.B}% 202
\BOOKMARK [0][-]{appendix.C}{\376\377\000U\000s\000e\000f\000u\000l\000\040\000L\000i\000n\000u\000x\000\040\000C\000o\000m\000m\000a\000n\000d\000s}{part.2}% 203
\BOOKMARK [1][-]{section.C.1}{\376\377\000B\000a\000s\000i\000c\000\040\000L\000i\000n\000u\000x\000\040\000U\000s\000a\000g\000e}{appendix.C}% 204
\BOOKMARK [1][-]{section.C.2}{\376\377\000H\000o\000w\000\040\000t\000o\000\040\000g\000e\000t\000\040\000s\000t\000a\000r\000t\000e\000d\000\040\000w\000i\000t\000h\000\040\000s\000h\000e\000l\000l\000\040\000s\000c\000r\000i\000p\000t\000s}{appendix.C}% 205
\BOOKMARK [1][-]{section.C.3}{\376\377\000L\000i\000n\000u\000x\000\040\000Q\000u\000i\000c\000k\000\040\000r\000e\000f\000e\000r\000e\000n\000c\000e\000\040\000G\000u\000i\000d\000e}{appendix.C}% 206
\BOOKMARK [2][-]{subsection.C.3.1}{\376\377\000A\000r\000c\000h\000i\000v\000e\000\040\000C\000o\000m\000m\000a\000n\000d\000s}{section.C.3}% 207
\BOOKMARK [2][-]{subsection.C.3.2}{\376\377\000B\000a\000s\000i\000c\000\040\000C\000o\000m\000m\000a\000n\000d\000s}{section.C.3}% 208
\BOOKMARK [2][-]{subsection.C.3.3}{\376\377\000E\000d\000i\000t\000o\000r}{section.C.3}% 209
\BOOKMARK [2][-]{subsection.C.3.4}{\376\377\000F\000i\000l\000e\000\040\000C\000o\000m\000m\000a\000n\000d\000s}{section.C.3}% 210
\BOOKMARK [2][-]{subsection.C.3.5}{\376\377\000H\000e\000l\000p\000\040\000C\000o\000m\000m\000a\000n\000d\000s}{section.C.3}% 211
\BOOKMARK [2][-]{subsection.C.3.6}{\376\377\000N\000e\000t\000w\000o\000r\000k\000\040\000C\000o\000m\000m\000a\000n\000d\000s}{section.C.3}% 212
\BOOKMARK [2][-]{subsection.C.3.7}{\376\377\000O\000t\000h\000e\000r\000\040\000C\000o\000m\000m\000a\000n\000d\000s}{section.C.3}% 213
\BOOKMARK [2][-]{subsection.C.3.8}{\376\377\000P\000r\000o\000c\000e\000s\000s\000\040\000C\000o\000m\000m\000a\000n\000d\000s}{section.C.3}% 214
\BOOKMARK [2][-]{subsection.C.3.9}{\376\377\000U\000s\000e\000r\000\040\000A\000c\000c\000o\000u\000n\000t\000\040\000C\000o\000m\000m\000a\000n\000d\000s}{section.C.3}% 215
