\BOOKMARK [0][-]{section*.1}{\376\377\000G\000l\000o\000s\000s\000a\000r\000y}{}% 1
\BOOKMARK [0][-]{chapter.1}{\376\377\000A\000c\000c\000e\000s\000s\000\040\000t\000o\000\040\000t\000h\000e\000\040\000V\000S\000C\000\040\000C\000l\000o\000u\000d}{}% 2
\BOOKMARK [1][-]{section.1.1}{\376\377\000D\000a\000s\000h\000b\000o\000a\000r\000d\000\040\000L\000o\000g\000i\000n}{chapter.1}% 3
\BOOKMARK [1][-]{section.1.2}{\376\377\000A\000p\000p\000l\000i\000c\000a\000t\000i\000o\000n\000\040\000C\000r\000e\000d\000e\000n\000t\000i\000a\000l\000s}{chapter.1}% 4
\BOOKMARK [0][-]{chapter.2}{\376\377\000T\000h\000e\000\040\000O\000p\000e\000n\000S\000t\000a\000c\000k\000\040\000D\000a\000s\000h\000b\000o\000a\000r\000d}{}% 5
\BOOKMARK [0][-]{chapter.3}{\376\377\000U\000p\000l\000o\000a\000d\000\040\000a\000n\000d\000\040\000m\000a\000n\000a\000g\000e\000\040\000i\000m\000a\000g\000e\000s}{}% 6
\BOOKMARK [0][-]{chapter.4}{\376\377\000I\000n\000s\000t\000a\000n\000c\000e\000\040\000t\000y\000p\000e\000s\000\040\000a\000n\000d\000\040\000f\000l\000a\000v\000o\000r\000s}{}% 7
\BOOKMARK [1][-]{section.4.1}{\376\377\000I\000n\000s\000t\000a\000n\000c\000e\000\040\000T\000y\000p\000e\000s}{chapter.4}% 8
\BOOKMARK [1][-]{section.4.2}{\376\377\000F\000l\000a\000v\000o\000r\000\040\000S\000i\000z\000e\000s}{chapter.4}% 9
\BOOKMARK [0][-]{chapter.5}{\376\377\000C\000o\000n\000f\000i\000g\000u\000r\000e\000\040\000a\000c\000c\000e\000s\000s\000\040\000a\000n\000d\000\040\000s\000e\000c\000u\000r\000i\000t\000y\000\040\000f\000o\000r\000\040\000i\000n\000s\000t\000a\000n\000c\000e\000s}{}% 10
\BOOKMARK [1][-]{section.5.1}{\376\377\000T\000h\000e\000\040\000\137\000v\000m\000,\000\040\000\137\000v\000s\000c\000\040\000a\000n\000d\000\040\000\137\000n\000f\000s\000\040\000n\000e\000t\000w\000o\000r\000k\000s}{chapter.5}% 11
\BOOKMARK [1][-]{section.5.2}{\376\377\000F\000l\000o\000a\000t\000i\000n\000g\000\040\000I\000P\000\040\000a\000d\000d\000r\000e\000s\000s\000e\000s}{chapter.5}% 12
\BOOKMARK [1][-]{section.5.3}{\376\377\000S\000e\000c\000u\000r\000i\000t\000y\000\040\000G\000r\000o\000u\000p\000s}{chapter.5}% 13
\BOOKMARK [1][-]{section.5.4}{\376\377\000S\000S\000H\000\040\000k\000e\000y\000\040\000p\000a\000i\000r\000s}{chapter.5}% 14
\BOOKMARK [0][-]{chapter.6}{\376\377\000L\000a\000u\000n\000c\000h\000\040\000a\000n\000d\000\040\000m\000a\000n\000a\000g\000e\000\040\000i\000n\000s\000t\000a\000n\000c\000e\000s}{}% 15
\BOOKMARK [1][-]{section.6.1}{\376\377\000L\000a\000u\000n\000c\000h\000\040\000a\000n\000\040\000i\000n\000s\000t\000a\000n\000c\000e}{chapter.6}% 16
\BOOKMARK [1][-]{section.6.2}{\376\377\000C\000o\000n\000n\000e\000c\000t\000\040\000t\000o\000\040\000a\000n\000\040\000i\000n\000s\000t\000a\000n\000c\000e\000\040\000u\000s\000i\000n\000g\000\040\000S\000S\000H}{chapter.6}% 17
\BOOKMARK [1][-]{section.6.3}{\376\377\000T\000r\000a\000c\000k\000\040\000u\000s\000a\000g\000e\000\040\000f\000o\000r\000\040\000i\000n\000s\000t\000a\000n\000c\000e\000s}{chapter.6}% 18
\BOOKMARK [1][-]{section.6.4}{\376\377\000C\000r\000e\000a\000t\000e\000\040\000a\000n\000\040\000i\000n\000s\000t\000a\000n\000c\000e\000\040\000s\000n\000a\000p\000s\000h\000o\000t}{chapter.6}% 19
\BOOKMARK [1][-]{section.6.5}{\376\377\000M\000a\000n\000a\000g\000e\000\040\000a\000n\000\040\000i\000n\000s\000t\000a\000n\000c\000e}{chapter.6}% 20
\BOOKMARK [0][-]{chapter.7}{\376\377\000C\000r\000e\000a\000t\000e\000\040\000a\000n\000d\000\040\000m\000a\000n\000a\000g\000e\000\040\000v\000o\000l\000u\000m\000e\000s}{}% 21
\BOOKMARK [0][-]{chapter.8}{\376\377\000O\000r\000c\000h\000e\000s\000t\000r\000a\000t\000i\000o\000n\000\040\000U\000s\000i\000n\000g\000\040\000H\000e\000a\000t}{}% 22
\BOOKMARK [1][-]{section.8.1}{\376\377\000H\000e\000a\000t\000\040\000O\000r\000c\000h\000e\000s\000t\000r\000a\000t\000i\000o\000n\000\040\000T\000e\000m\000p\000l\000a\000t\000e\000s}{chapter.8}% 23
\BOOKMARK [1][-]{section.8.2}{\376\377\000T\000h\000e\000\040\000T\000e\000m\000p\000l\000a\000t\000e\000\040\000G\000e\000n\000e\000r\000a\000t\000o\000r}{chapter.8}% 24
\BOOKMARK [1][-]{section.8.3}{\376\377\000M\000a\000n\000a\000g\000i\000n\000g\000\040\000s\000t\000a\000c\000k\000s}{chapter.8}% 25
\BOOKMARK [0][-]{chapter.9}{\376\377\000O\000r\000c\000h\000e\000s\000t\000r\000a\000t\000i\000o\000n\000\040\000U\000s\000i\000n\000g\000\040\000T\000e\000r\000r\000a\000f\000o\000r\000m}{}% 26
\BOOKMARK [1][-]{section.9.1}{\376\377\000C\000r\000e\000a\000t\000e\000\040\000a\000p\000p\000l\000i\000c\000a\000t\000i\000o\000n\000\040\000c\000r\000e\000d\000e\000n\000t\000i\000a\000l\000s\000\040\000f\000o\000r\000\040\000T\000e\000r\000r\000a\000f\000o\000r\000m}{chapter.9}% 27
\BOOKMARK [1][-]{section.9.2}{\376\377\000G\000e\000t\000t\000i\000n\000g\000\040\000T\000e\000r\000r\000a\000f\000o\000r\000m\000\040\000e\000x\000a\000m\000p\000l\000e\000s}{chapter.9}% 28
\BOOKMARK [1][-]{section.9.3}{\376\377\000G\000e\000n\000e\000r\000a\000t\000e\000\040\000T\000e\000r\000r\000a\000f\000o\000r\000m\000\040\000t\000e\000m\000p\000l\000a\000t\000e\000\040\000v\000a\000r\000i\000a\000b\000l\000e\000s}{chapter.9}% 29
\BOOKMARK [1][-]{section.9.4}{\376\377\000M\000o\000d\000i\000f\000y\000\040\000d\000e\000f\000a\000u\000l\000t\000\040\000T\000e\000r\000r\000a\000f\000o\000r\000m\000\040\000m\000o\000d\000u\000l\000e\000s}{chapter.9}% 30
\BOOKMARK [1][-]{section.9.5}{\376\377\000D\000e\000p\000l\000o\000y\000\040\000T\000e\000r\000r\000a\000f\000o\000r\000m\000\040\000t\000e\000m\000p\000l\000a\000t\000e\000s}{chapter.9}% 31
\BOOKMARK [0][-]{chapter.10}{\376\377\000S\000h\000a\000r\000e\000d\000\040\000f\000i\000l\000e\000\040\000s\000y\000s\000t\000e\000m\000s\000\040\000u\000s\000i\000n\000g\000\040\000M\000a\000n\000i\000l\000a}{}% 32
\BOOKMARK [0][-]{chapter.11}{\376\377\000A\000p\000p\000e\000n\000d\000i\000x}{}% 33
\BOOKMARK [1][-]{section.11.1}{\376\377\000V\000S\000C\000\040\000T\000i\000e\000r\000-\0001\000\040\000C\000l\000o\000u\000d\000\040\000f\000l\000a\000v\000o\000r\000s\000\040\000l\000i\000s\000t}{chapter.11}% 34
