\BOOKMARK [0][-]{section*.1}{Glossary}{}% 1
\BOOKMARK [0][-]{chapter.1}{Introduction}{}% 2
\BOOKMARK [1][-]{section.1.1}{Purpose}{chapter.1}% 3
\BOOKMARK [1][-]{section.1.2}{Under the hood}{chapter.1}% 4
\BOOKMARK [1][-]{section.1.3}{Environment Configuration}{chapter.1}% 5
\BOOKMARK [0][-]{chapter.2}{Profiling}{}% 6
\BOOKMARK [1][-]{section.2.1}{Profiling Strategy}{chapter.2}% 7
\BOOKMARK [2][-]{subsection.2.1.1}{Introduction}{section.2.1}% 8
\BOOKMARK [2][-]{subsection.2.1.2}{Profiling with PerfExpert}{section.2.1}% 9
\BOOKMARK [1][-]{section.2.2}{Profiling the Efficiency of a subroutine}{chapter.2}% 10
\BOOKMARK [2][-]{subsection.2.2.1}{Instruction Execution Rations}{section.2.2}% 11
\BOOKMARK [2][-]{subsection.2.2.2}{Computational Efficiency \(GFLOPS\)}{section.2.2}% 12
\BOOKMARK [1][-]{section.2.3}{Profiling the LCPI Performance Categories}{chapter.2}% 13
\BOOKMARK [2][-]{subsection.2.3.1}{Overall Performance of the Function}{section.2.3}% 14
\BOOKMARK [2][-]{subsection.2.3.2}{Category \0431: Data Access}{section.2.3}% 15
\BOOKMARK [2][-]{subsection.2.3.3}{Category \0432: Instruction Access}{section.2.3}% 16
\BOOKMARK [2][-]{subsection.2.3.4}{Category \0433: Data TLB}{section.2.3}% 17
\BOOKMARK [2][-]{subsection.2.3.5}{Category \0434: Instruction TLB}{section.2.3}% 18
\BOOKMARK [2][-]{subsection.2.3.6}{Category \0435: Branch Instructions}{section.2.3}% 19
\BOOKMARK [2][-]{subsection.2.3.7}{Category \0436: Floating Point instructions}{section.2.3}% 20
\BOOKMARK [0][-]{chapter.3}{Optimising}{}% 21
\BOOKMARK [1][-]{section.3.1}{Optimisation Strategy}{chapter.3}% 22
\BOOKMARK [2][-]{subsection.3.1.1}{Find the Hotspots}{section.3.1}% 23
\BOOKMARK [2][-]{subsection.3.1.2}{Optimisation Priority}{section.3.1}% 24
\BOOKMARK [2][-]{subsection.3.1.3}{PerfExpert Recommendations}{section.3.1}% 25
\BOOKMARK [1][-]{section.3.2}{Optimising the efficiency of a subroutine}{chapter.3}% 26
\BOOKMARK [2][-]{subsection.3.2.1}{Optimising Instruction Execution Ratios}{section.3.2}% 27
\BOOKMARK [2][-]{subsection.3.2.2}{Optimising the Computational Efficiency \(GFLOPS\)}{section.3.2}% 28
\BOOKMARK [1][-]{section.3.3}{Optimising the LCPI Performance Categories}{chapter.3}% 29
\BOOKMARK [2][-]{subsection.3.3.1}{Category \0431: Data Access}{section.3.3}% 30
\BOOKMARK [2][-]{subsection.3.3.2}{Category \0432: Instruction Access}{section.3.3}% 31
\BOOKMARK [2][-]{subsection.3.3.3}{Category \0433: Data TLB}{section.3.3}% 32
\BOOKMARK [2][-]{subsection.3.3.4}{Category \0434: Instruction TLB}{section.3.3}% 33
\BOOKMARK [2][-]{subsection.3.3.5}{Category \0435: Branches}{section.3.3}% 34
\BOOKMARK [2][-]{subsection.3.3.6}{Category \0436: Floating-Point Operations}{section.3.3}% 35
\BOOKMARK [0][-]{chapter.4}{Multi-core \046 Multi-node Profiling}{}% 36
\BOOKMARK [1][-]{section.4.1}{Multi-Core Profiling \(with OpenMP\)}{chapter.4}% 37
\BOOKMARK [1][-]{section.4.2}{Multi-Node Profiling \(with MPI\)}{chapter.4}% 38
\BOOKMARK [1][-]{section.4.3}{Profiling with OpenMP and MPI}{chapter.4}% 39
\BOOKMARK [0][-]{chapter.5}{More PerfExpert Functionality}{}% 40
\BOOKMARK [1][-]{section.5.1}{Special Options}{chapter.5}% 41
\BOOKMARK [2][-]{subsection.5.1.1}{Arguments}{section.5.1}% 42
\BOOKMARK [2][-]{subsection.5.1.2}{Input/Output pipes}{section.5.1}% 43
\BOOKMARK [2][-]{subsection.5.1.3}{Prologue and Epilogue}{section.5.1}% 44
\BOOKMARK [2][-]{subsection.5.1.4}{Debugging}{section.5.1}% 45
\BOOKMARK [1][-]{section.5.2}{PerfExpert Automatic-mode}{chapter.5}% 46
\BOOKMARK [2][-]{subsection.5.2.1}{Automatic Optimisation of single source file}{section.5.2}% 47
\BOOKMARK [2][-]{subsection.5.2.2}{Automatic Optimisation of multiple source files}{section.5.2}% 48
\BOOKMARK [1][-]{section.5.3}{Running PerfExpert in Batch mode \(with Job Script\)}{chapter.5}% 49
\BOOKMARK [0][-]{appendix.A}{Annex 1: PerfExpert Options}{}% 50
\BOOKMARK [0][-]{appendix.B}{Annex 2: Optimisation Patterns}{}% 51
\BOOKMARK [1][-]{section.B.1}{Memory Access Optimisations}{appendix.B}% 52
\BOOKMARK [1][-]{section.B.2}{Instruction Access optimisations}{appendix.B}% 53
\BOOKMARK [1][-]{section.B.3}{Branch optimisations}{appendix.B}% 54
\BOOKMARK [1][-]{section.B.4}{Floating Point Optimisations}{appendix.B}% 55
