\BOOKMARK [0][-]{section*.1}{\376\377\000G\000l\000o\000s\000s\000a\000r\000y}{}% 1
\BOOKMARK [0][-]{chapter.1}{\376\377\000I\000n\000t\000r\000o\000d\000u\000c\000t\000i\000o\000n}{}% 2
\BOOKMARK [1][-]{section.1.1}{\376\377\000P\000u\000r\000p\000o\000s\000e}{chapter.1}% 3
\BOOKMARK [1][-]{section.1.2}{\376\377\000U\000n\000d\000e\000r\000\040\000t\000h\000e\000\040\000h\000o\000o\000d}{chapter.1}% 4
\BOOKMARK [1][-]{section.1.3}{\376\377\000E\000n\000v\000i\000r\000o\000n\000m\000e\000n\000t\000\040\000C\000o\000n\000f\000i\000g\000u\000r\000a\000t\000i\000o\000n}{chapter.1}% 5
\BOOKMARK [0][-]{chapter.2}{\376\377\000P\000r\000o\000f\000i\000l\000i\000n\000g}{}% 6
\BOOKMARK [1][-]{section.2.1}{\376\377\000P\000r\000o\000f\000i\000l\000i\000n\000g\000\040\000S\000t\000r\000a\000t\000e\000g\000y}{chapter.2}% 7
\BOOKMARK [2][-]{subsection.2.1.1}{\376\377\000I\000n\000t\000r\000o\000d\000u\000c\000t\000i\000o\000n}{section.2.1}% 8
\BOOKMARK [2][-]{subsection.2.1.2}{\376\377\000P\000r\000o\000f\000i\000l\000i\000n\000g\000\040\000w\000i\000t\000h\000\040\000P\000e\000r\000f\000E\000x\000p\000e\000r\000t}{section.2.1}% 9
\BOOKMARK [1][-]{section.2.2}{\376\377\000P\000r\000o\000f\000i\000l\000i\000n\000g\000\040\000t\000h\000e\000\040\000E\000f\000f\000i\000c\000i\000e\000n\000c\000y\000\040\000o\000f\000\040\000a\000\040\000s\000u\000b\000r\000o\000u\000t\000i\000n\000e}{chapter.2}% 10
\BOOKMARK [2][-]{subsection.2.2.1}{\376\377\000I\000n\000s\000t\000r\000u\000c\000t\000i\000o\000n\000\040\000E\000x\000e\000c\000u\000t\000i\000o\000n\000\040\000R\000a\000t\000i\000o\000n\000s}{section.2.2}% 11
\BOOKMARK [2][-]{subsection.2.2.2}{\376\377\000C\000o\000m\000p\000u\000t\000a\000t\000i\000o\000n\000a\000l\000\040\000E\000f\000f\000i\000c\000i\000e\000n\000c\000y\000\040\000\050\000G\000F\000L\000O\000P\000S\000\051}{section.2.2}% 12
\BOOKMARK [1][-]{section.2.3}{\376\377\000P\000r\000o\000f\000i\000l\000i\000n\000g\000\040\000t\000h\000e\000\040\000L\000C\000P\000I\000\040\000P\000e\000r\000f\000o\000r\000m\000a\000n\000c\000e\000\040\000C\000a\000t\000e\000g\000o\000r\000i\000e\000s}{chapter.2}% 13
\BOOKMARK [2][-]{subsection.2.3.1}{\376\377\000O\000v\000e\000r\000a\000l\000l\000\040\000P\000e\000r\000f\000o\000r\000m\000a\000n\000c\000e\000\040\000o\000f\000\040\000t\000h\000e\000\040\000F\000u\000n\000c\000t\000i\000o\000n}{section.2.3}% 14
\BOOKMARK [2][-]{subsection.2.3.2}{\376\377\000C\000a\000t\000e\000g\000o\000r\000y\000\040\000\043\0001\000:\000\040\000D\000a\000t\000a\000\040\000A\000c\000c\000e\000s\000s}{section.2.3}% 15
\BOOKMARK [2][-]{subsection.2.3.3}{\376\377\000C\000a\000t\000e\000g\000o\000r\000y\000\040\000\043\0002\000:\000\040\000I\000n\000s\000t\000r\000u\000c\000t\000i\000o\000n\000\040\000A\000c\000c\000e\000s\000s}{section.2.3}% 16
\BOOKMARK [2][-]{subsection.2.3.4}{\376\377\000C\000a\000t\000e\000g\000o\000r\000y\000\040\000\043\0003\000:\000\040\000D\000a\000t\000a\000\040\000T\000L\000B}{section.2.3}% 17
\BOOKMARK [2][-]{subsection.2.3.5}{\376\377\000C\000a\000t\000e\000g\000o\000r\000y\000\040\000\043\0004\000:\000\040\000I\000n\000s\000t\000r\000u\000c\000t\000i\000o\000n\000\040\000T\000L\000B}{section.2.3}% 18
\BOOKMARK [2][-]{subsection.2.3.6}{\376\377\000C\000a\000t\000e\000g\000o\000r\000y\000\040\000\043\0005\000:\000\040\000B\000r\000a\000n\000c\000h\000\040\000I\000n\000s\000t\000r\000u\000c\000t\000i\000o\000n\000s}{section.2.3}% 19
\BOOKMARK [2][-]{subsection.2.3.7}{\376\377\000C\000a\000t\000e\000g\000o\000r\000y\000\040\000\043\0006\000:\000\040\000F\000l\000o\000a\000t\000i\000n\000g\000\040\000P\000o\000i\000n\000t\000\040\000i\000n\000s\000t\000r\000u\000c\000t\000i\000o\000n\000s}{section.2.3}% 20
\BOOKMARK [0][-]{chapter.3}{\376\377\000O\000p\000t\000i\000m\000i\000s\000i\000n\000g}{}% 21
\BOOKMARK [1][-]{section.3.1}{\376\377\000O\000p\000t\000i\000m\000i\000s\000a\000t\000i\000o\000n\000\040\000S\000t\000r\000a\000t\000e\000g\000y}{chapter.3}% 22
\BOOKMARK [2][-]{subsection.3.1.1}{\376\377\000F\000i\000n\000d\000\040\000t\000h\000e\000\040\000H\000o\000t\000s\000p\000o\000t\000s}{section.3.1}% 23
\BOOKMARK [2][-]{subsection.3.1.2}{\376\377\000O\000p\000t\000i\000m\000i\000s\000a\000t\000i\000o\000n\000\040\000P\000r\000i\000o\000r\000i\000t\000y}{section.3.1}% 24
\BOOKMARK [2][-]{subsection.3.1.3}{\376\377\000P\000e\000r\000f\000E\000x\000p\000e\000r\000t\000\040\000R\000e\000c\000o\000m\000m\000e\000n\000d\000a\000t\000i\000o\000n\000s}{section.3.1}% 25
\BOOKMARK [1][-]{section.3.2}{\376\377\000O\000p\000t\000i\000m\000i\000s\000i\000n\000g\000\040\000t\000h\000e\000\040\000e\000f\000f\000i\000c\000i\000e\000n\000c\000y\000\040\000o\000f\000\040\000a\000\040\000s\000u\000b\000r\000o\000u\000t\000i\000n\000e}{chapter.3}% 26
\BOOKMARK [2][-]{subsection.3.2.1}{\376\377\000O\000p\000t\000i\000m\000i\000s\000i\000n\000g\000\040\000I\000n\000s\000t\000r\000u\000c\000t\000i\000o\000n\000\040\000E\000x\000e\000c\000u\000t\000i\000o\000n\000\040\000R\000a\000t\000i\000o\000s}{section.3.2}% 27
\BOOKMARK [2][-]{subsection.3.2.2}{\376\377\000O\000p\000t\000i\000m\000i\000s\000i\000n\000g\000\040\000t\000h\000e\000\040\000C\000o\000m\000p\000u\000t\000a\000t\000i\000o\000n\000a\000l\000\040\000E\000f\000f\000i\000c\000i\000e\000n\000c\000y\000\040\000\050\000G\000F\000L\000O\000P\000S\000\051}{section.3.2}% 28
\BOOKMARK [1][-]{section.3.3}{\376\377\000O\000p\000t\000i\000m\000i\000s\000i\000n\000g\000\040\000t\000h\000e\000\040\000L\000C\000P\000I\000\040\000P\000e\000r\000f\000o\000r\000m\000a\000n\000c\000e\000\040\000C\000a\000t\000e\000g\000o\000r\000i\000e\000s}{chapter.3}% 29
\BOOKMARK [2][-]{subsection.3.3.1}{\376\377\000C\000a\000t\000e\000g\000o\000r\000y\000\040\000\043\0001\000:\000\040\000D\000a\000t\000a\000\040\000A\000c\000c\000e\000s\000s}{section.3.3}% 30
\BOOKMARK [2][-]{subsection.3.3.2}{\376\377\000C\000a\000t\000e\000g\000o\000r\000y\000\040\000\043\0002\000:\000\040\000I\000n\000s\000t\000r\000u\000c\000t\000i\000o\000n\000\040\000A\000c\000c\000e\000s\000s}{section.3.3}% 31
\BOOKMARK [2][-]{subsection.3.3.3}{\376\377\000C\000a\000t\000e\000g\000o\000r\000y\000\040\000\043\0003\000:\000\040\000D\000a\000t\000a\000\040\000T\000L\000B}{section.3.3}% 32
\BOOKMARK [2][-]{subsection.3.3.4}{\376\377\000C\000a\000t\000e\000g\000o\000r\000y\000\040\000\043\0004\000:\000\040\000I\000n\000s\000t\000r\000u\000c\000t\000i\000o\000n\000\040\000T\000L\000B}{section.3.3}% 33
\BOOKMARK [2][-]{subsection.3.3.5}{\376\377\000C\000a\000t\000e\000g\000o\000r\000y\000\040\000\043\0005\000:\000\040\000B\000r\000a\000n\000c\000h\000e\000s}{section.3.3}% 34
\BOOKMARK [2][-]{subsection.3.3.6}{\376\377\000C\000a\000t\000e\000g\000o\000r\000y\000\040\000\043\0006\000:\000\040\000F\000l\000o\000a\000t\000i\000n\000g\000-\000P\000o\000i\000n\000t\000\040\000O\000p\000e\000r\000a\000t\000i\000o\000n\000s}{section.3.3}% 35
\BOOKMARK [0][-]{chapter.4}{\376\377\000M\000u\000l\000t\000i\000-\000c\000o\000r\000e\000\040\000\046\000\040\000M\000u\000l\000t\000i\000-\000n\000o\000d\000e\000\040\000P\000r\000o\000f\000i\000l\000i\000n\000g}{}% 36
\BOOKMARK [1][-]{section.4.1}{\376\377\000M\000u\000l\000t\000i\000-\000C\000o\000r\000e\000\040\000P\000r\000o\000f\000i\000l\000i\000n\000g\000\040\000\050\000w\000i\000t\000h\000\040\000O\000p\000e\000n\000M\000P\000\051}{chapter.4}% 37
\BOOKMARK [1][-]{section.4.2}{\376\377\000M\000u\000l\000t\000i\000-\000N\000o\000d\000e\000\040\000P\000r\000o\000f\000i\000l\000i\000n\000g\000\040\000\050\000w\000i\000t\000h\000\040\000M\000P\000I\000\051}{chapter.4}% 38
\BOOKMARK [1][-]{section.4.3}{\376\377\000P\000r\000o\000f\000i\000l\000i\000n\000g\000\040\000w\000i\000t\000h\000\040\000O\000p\000e\000n\000M\000P\000\040\000a\000n\000d\000\040\000M\000P\000I}{chapter.4}% 39
\BOOKMARK [0][-]{chapter.5}{\376\377\000M\000o\000r\000e\000\040\000P\000e\000r\000f\000E\000x\000p\000e\000r\000t\000\040\000F\000u\000n\000c\000t\000i\000o\000n\000a\000l\000i\000t\000y}{}% 40
\BOOKMARK [1][-]{section.5.1}{\376\377\000S\000p\000e\000c\000i\000a\000l\000\040\000O\000p\000t\000i\000o\000n\000s}{chapter.5}% 41
\BOOKMARK [2][-]{subsection.5.1.1}{\376\377\000A\000r\000g\000u\000m\000e\000n\000t\000s}{section.5.1}% 42
\BOOKMARK [2][-]{subsection.5.1.2}{\376\377\000I\000n\000p\000u\000t\000/\000O\000u\000t\000p\000u\000t\000\040\000p\000i\000p\000e\000s}{section.5.1}% 43
\BOOKMARK [2][-]{subsection.5.1.3}{\376\377\000P\000r\000o\000l\000o\000g\000u\000e\000\040\000a\000n\000d\000\040\000E\000p\000i\000l\000o\000g\000u\000e}{section.5.1}% 44
\BOOKMARK [2][-]{subsection.5.1.4}{\376\377\000D\000e\000b\000u\000g\000g\000i\000n\000g}{section.5.1}% 45
\BOOKMARK [1][-]{section.5.2}{\376\377\000P\000e\000r\000f\000E\000x\000p\000e\000r\000t\000\040\000A\000u\000t\000o\000m\000a\000t\000i\000c\000-\000m\000o\000d\000e}{chapter.5}% 46
\BOOKMARK [2][-]{subsection.5.2.1}{\376\377\000A\000u\000t\000o\000m\000a\000t\000i\000c\000\040\000O\000p\000t\000i\000m\000i\000s\000a\000t\000i\000o\000n\000\040\000o\000f\000\040\000s\000i\000n\000g\000l\000e\000\040\000s\000o\000u\000r\000c\000e\000\040\000f\000i\000l\000e}{section.5.2}% 47
\BOOKMARK [2][-]{subsection.5.2.2}{\376\377\000A\000u\000t\000o\000m\000a\000t\000i\000c\000\040\000O\000p\000t\000i\000m\000i\000s\000a\000t\000i\000o\000n\000\040\000o\000f\000\040\000m\000u\000l\000t\000i\000p\000l\000e\000\040\000s\000o\000u\000r\000c\000e\000\040\000f\000i\000l\000e\000s}{section.5.2}% 48
\BOOKMARK [1][-]{section.5.3}{\376\377\000R\000u\000n\000n\000i\000n\000g\000\040\000P\000e\000r\000f\000E\000x\000p\000e\000r\000t\000\040\000i\000n\000\040\000B\000a\000t\000c\000h\000\040\000m\000o\000d\000e\000\040\000\050\000w\000i\000t\000h\000\040\000J\000o\000b\000\040\000S\000c\000r\000i\000p\000t\000\051}{chapter.5}% 49
\BOOKMARK [0][-]{appendix.A}{\376\377\000A\000n\000n\000e\000x\000\040\0001\000:\000\040\000P\000e\000r\000f\000E\000x\000p\000e\000r\000t\000\040\000O\000p\000t\000i\000o\000n\000s}{}% 50
\BOOKMARK [0][-]{appendix.B}{\376\377\000A\000n\000n\000e\000x\000\040\0002\000:\000\040\000O\000p\000t\000i\000m\000i\000s\000a\000t\000i\000o\000n\000\040\000P\000a\000t\000t\000e\000r\000n\000s}{}% 51
\BOOKMARK [1][-]{section.B.1}{\376\377\000M\000e\000m\000o\000r\000y\000\040\000A\000c\000c\000e\000s\000s\000\040\000O\000p\000t\000i\000m\000i\000s\000a\000t\000i\000o\000n\000s}{appendix.B}% 52
\BOOKMARK [1][-]{section.B.2}{\376\377\000I\000n\000s\000t\000r\000u\000c\000t\000i\000o\000n\000\040\000A\000c\000c\000e\000s\000s\000\040\000o\000p\000t\000i\000m\000i\000s\000a\000t\000i\000o\000n\000s}{appendix.B}% 53
\BOOKMARK [1][-]{section.B.3}{\376\377\000B\000r\000a\000n\000c\000h\000\040\000o\000p\000t\000i\000m\000i\000s\000a\000t\000i\000o\000n\000s}{appendix.B}% 54
\BOOKMARK [1][-]{section.B.4}{\376\377\000F\000l\000o\000a\000t\000i\000n\000g\000\040\000P\000o\000i\000n\000t\000\040\000O\000p\000t\000i\000m\000i\000s\000a\000t\000i\000o\000n\000s}{appendix.B}% 55
